[INFO ] 2019-02-22T18:50:53,293Z [main] manifests.Manifests.info - 111 attributes loaded from 125 stream(s) in 2s, 111 saved, 1973 ignored: ["ActiveMQ-Version", "Agent-Class", "Ant-Version", "Application-Class", "Application-Library-Allowable-Codebase", "Application-Name", "Application-Version", "Archiver-Version", "Automatic-Module-Name", "Bnd-LastModified", "Branch", "Build-Date", "Build-Host", "Build-Id", "Build-Java-Version", "Build-Jdk", "Build-Job", "Build-Number", "Build-Timestamp", "Built-By", "Built-OS", "Built-Status", "Bundle-Activator", "Bundle-Category", "Bundle-ClassPath", "Bundle-Copyright", "Bundle-Description", "Bundle-DocURL", "Bundle-License", "Bundle-ManifestVersion", "Bundle-Name", "Bundle-RequiredExecutionEnvironment", "Bundle-SymbolicName", "Bundle-Vendor", "Bundle-Version", "Caller-Allowable-Codebase", "Can-Redefine-Classes", "Can-Retransform-Classes", "Can-Set-Native-Method-Prefix", "Caplets", "Change", "Codebase", "Corda-Platform-Version", "Corda-Release-Version", "Corda-Revision", "Corda-Vendor", "Created-By", "DynamicImport-Package", "Eclipse-BuddyPolicy", "Eclipse-LazyStart", "Export-Package", "Extension-Name", "Fragment-Host", "Gradle-Version", "Ignore-Package", "Implementation-Build", "Implementation-Build-Date", "Implementation-Title", "Implementation-URL", "Implementation-Url", "Implementation-Vendor", "Implementation-Vendor-Id", "Implementation-Version", "Import-Package", "Include-Resource", "JCabi-Build", "JCabi-Date", "JCabi-Version", "JVM-Args", "Java-Agents", "Java-Vendor", "Java-Version", "Kotlin-Runtime-Component", "Kotlin-Version", "Log4jReleaseKey", "Log4jReleaseManager", "Log4jReleaseVersion", "Main-Class", "Main-class", "Manifest-Version", "Min-Java-Version", "Min-Update-Version", "Module-Email", "Module-Origin", "Module-Owner", "Module-Source", "Multi-Release", "Originally-Created-By", "Os-Arch", "Os-Name", "Os-Version", "Package", "Permissions", "Premain-Class", "Private-Package", "Provide-Capability", "Require-Capability", "SCM-Revision", "SCM-url", "Scm-Connection", "Scm-Revision", "Scm-Url", "Service-Component", "Specification-Title", "Specification-Vendor", "Specification-Version", "System-Properties", "Tool", "Trusted-Library", "X-Compile-Source-JDK", "X-Compile-Target-JDK"] {}
[INFO ] 2019-02-22T18:50:53,969Z [main] BasicInfo.printBasicNodeInfo - Logs can be found in                    : /Users/estudiante/Documents/GitHub/bootcamp-cordapp/build/nodes/PartyA/logs {}
[INFO ] 2019-02-22T18:50:54,293Z [main] config.ConfigHelper.loadConfig - Config:
{
    # reference.conf @ jar:file:/Users/estudiante/Documents/GitHub/bootcamp-cordapp/build/nodes/PartyA/corda.jar!/reference.conf: 20
    "activeMQServer" : {
        # reference.conf @ jar:file:/Users/estudiante/Documents/GitHub/bootcamp-cordapp/build/nodes/PartyA/corda.jar!/reference.conf: 21
        "bridge" : {
            # reference.conf @ jar:file:/Users/estudiante/Documents/GitHub/bootcamp-cordapp/build/nodes/PartyA/corda.jar!/reference.conf: 24
            "maxRetryIntervalMin" : 3,
            # reference.conf @ jar:file:/Users/estudiante/Documents/GitHub/bootcamp-cordapp/build/nodes/PartyA/corda.jar!/reference.conf: 22
            "retryIntervalMs" : 5000,
            # reference.conf @ jar:file:/Users/estudiante/Documents/GitHub/bootcamp-cordapp/build/nodes/PartyA/corda.jar!/reference.conf: 23
            "retryIntervalMultiplier" : 1.5
        }
    },
    # hardcoded value
    "baseDirectory" : "/Users/estudiante/Documents/GitHub/bootcamp-cordapp/build/nodes/PartyA",
    # merge of reference.conf @ jar:file:/Users/estudiante/Documents/GitHub/bootcamp-cordapp/build/nodes/PartyA/corda.jar!/reference.conf: 6,reference.conf @ jar:file:/Users/estudiante/Documents/GitHub/bootcamp-cordapp/build/nodes/.cache/apps/net.corda.node.Corda_corda-3.0/corda-node-corda-3.0.jar!/reference.conf: 6
    "dataSourceProperties" : {
        # reference.conf @ jar:file:/Users/estudiante/Documents/GitHub/bootcamp-cordapp/build/nodes/PartyA/corda.jar!/reference.conf: 10
        "dataSource.password" : "",
        # merge of reference.conf @ jar:file:/Users/estudiante/Documents/GitHub/bootcamp-cordapp/build/nodes/PartyA/corda.jar!/reference.conf: 8,hardcoded value,reference.conf @ jar:file:/Users/estudiante/Documents/GitHub/bootcamp-cordapp/build/nodes/PartyA/corda.jar!/reference.conf: 8,reference.conf @ jar:file:/Users/estudiante/Documents/GitHub/bootcamp-cordapp/build/nodes/PartyA/corda.jar!/reference.conf: 17
        "dataSource.url" : "jdbc:h2:file:/Users/estudiante/Documents/GitHub/bootcamp-cordapp/build/nodes/PartyA/persistence;DB_CLOSE_ON_EXIT=FALSE;LOCK_TIMEOUT=10000;WRITE_DELAY=100;AUTO_SERVER_PORT=0",
        # reference.conf @ jar:file:/Users/estudiante/Documents/GitHub/bootcamp-cordapp/build/nodes/PartyA/corda.jar!/reference.conf: 9
        "dataSource.user" : "sa",
        # reference.conf @ jar:file:/Users/estudiante/Documents/GitHub/bootcamp-cordapp/build/nodes/PartyA/corda.jar!/reference.conf: 7
        "dataSourceClassName" : "org.h2.jdbcx.JdbcDataSource"
    },
    # reference.conf @ jar:file:/Users/estudiante/Documents/GitHub/bootcamp-cordapp/build/nodes/PartyA/corda.jar!/reference.conf: 12
    "database" : {
        # reference.conf @ jar:file:/Users/estudiante/Documents/GitHub/bootcamp-cordapp/build/nodes/PartyA/corda.jar!/reference.conf: 14
        "exportHibernateJMXStatistics" : "false",
        # reference.conf @ jar:file:/Users/estudiante/Documents/GitHub/bootcamp-cordapp/build/nodes/PartyA/corda.jar!/reference.conf: 13
        "transactionIsolationLevel" : "REPEATABLE_READ"
    },
    # reference.conf @ jar:file:/Users/estudiante/Documents/GitHub/bootcamp-cordapp/build/nodes/PartyA/corda.jar!/reference.conf: 16
    "devMode" : true,
    # reference.conf @ jar:file:/Users/estudiante/Documents/GitHub/bootcamp-cordapp/build/nodes/PartyA/corda.jar!/reference.conf: 2
    "emailAddress" : "admin@company.com",
    # reference.conf @ jar:file:/Users/estudiante/Documents/GitHub/bootcamp-cordapp/build/nodes/PartyA/corda.jar!/reference.conf: 3
    "exportJMXto" : "http",
    # reference.conf @ jar:file:/Users/estudiante/Documents/GitHub/bootcamp-cordapp/build/nodes/PartyA/corda.jar!/reference.conf: 17
    "h2port" : 0,
    # reference.conf @ jar:file:/Users/estudiante/Documents/GitHub/bootcamp-cordapp/build/nodes/PartyA/corda.jar!/reference.conf: 4
    "keyStorePassword" : "cordacadevpass",
    # /Users/estudiante/Documents/GitHub/bootcamp-cordapp/build/nodes/PartyA/node.conf: 1
    "myLegalName" : "O=PartyA,L=London,C=GB",
    # /Users/estudiante/Documents/GitHub/bootcamp-cordapp/build/nodes/PartyA/node.conf: 2
    "p2pAddress" : "localhost:10003",
    # merge of /Users/estudiante/Documents/GitHub/bootcamp-cordapp/build/nodes/PartyA/node.conf: 3,reference.conf @ jar:file:/Users/estudiante/Documents/GitHub/bootcamp-cordapp/build/nodes/PartyA/corda.jar!/reference.conf: 27
    "rpcSettings" : {
        # /Users/estudiante/Documents/GitHub/bootcamp-cordapp/build/nodes/PartyA/node.conf: 4
        "address" : "localhost:10004",
        # /Users/estudiante/Documents/GitHub/bootcamp-cordapp/build/nodes/PartyA/node.conf: 5
        "adminAddress" : "localhost:10005",
        # reference.conf @ jar:file:/Users/estudiante/Documents/GitHub/bootcamp-cordapp/build/nodes/PartyA/corda.jar!/reference.conf: 29
        "standAloneBroker" : false,
        # reference.conf @ jar:file:/Users/estudiante/Documents/GitHub/bootcamp-cordapp/build/nodes/PartyA/corda.jar!/reference.conf: 28
        "useSsl" : false
    },
    # /Users/estudiante/Documents/GitHub/bootcamp-cordapp/build/nodes/PartyA/node.conf: 7
    "rpcUsers" : [
        # /Users/estudiante/Documents/GitHub/bootcamp-cordapp/build/nodes/PartyA/node.conf: 8
        {
            # /Users/estudiante/Documents/GitHub/bootcamp-cordapp/build/nodes/PartyA/node.conf: 9
            "password" : "test",
            # /Users/estudiante/Documents/GitHub/bootcamp-cordapp/build/nodes/PartyA/node.conf: 10
            "permissions" : [
                # /Users/estudiante/Documents/GitHub/bootcamp-cordapp/build/nodes/PartyA/node.conf: 11
                "ALL"
            ],
            # /Users/estudiante/Documents/GitHub/bootcamp-cordapp/build/nodes/PartyA/node.conf: 13
            "user" : "user1"
        }
    ],
    # reference.conf @ jar:file:/Users/estudiante/Documents/GitHub/bootcamp-cordapp/build/nodes/PartyA/corda.jar!/reference.conf: 5
    "trustStorePassword" : "trustpass",
    # reference.conf @ jar:file:/Users/estudiante/Documents/GitHub/bootcamp-cordapp/build/nodes/PartyA/corda.jar!/reference.conf: 18
    "useTestClock" : false,
    # reference.conf @ jar:file:/Users/estudiante/Documents/GitHub/bootcamp-cordapp/build/nodes/PartyA/corda.jar!/reference.conf: 19
    "verifierType" : "InMemory"
}
 {}
[WARN ] 2019-02-22T18:50:56,495Z [main] internal.config.defaultToOldPath - Config key user has been deprecated and will be removed in a future release. Use username instead {}
[INFO ] 2019-02-22T18:50:56,647Z [main] internal.Node.logStartupInfo - Vendor: Corda Open Source {}
[INFO ] 2019-02-22T18:50:56,647Z [main] internal.Node.logStartupInfo - Release: corda-3.0 {}
[INFO ] 2019-02-22T18:50:56,647Z [main] internal.Node.logStartupInfo - Platform Version: 3 {}
[INFO ] 2019-02-22T18:50:56,647Z [main] internal.Node.logStartupInfo - Revision: d9d6684f114e1954fe7abe6b09e4456af7c1b079 {}
[INFO ] 2019-02-22T18:50:56,650Z [main] internal.Node.logStartupInfo - PID: 3324 {}
[INFO ] 2019-02-22T18:50:56,651Z [main] internal.Node.logStartupInfo - Main class: /Users/estudiante/Documents/GitHub/bootcamp-cordapp/build/nodes/.cache/apps/net.corda.node.Corda_corda-3.0/corda-node-corda-3.0.jar {}
[INFO ] 2019-02-22T18:50:56,651Z [main] internal.Node.logStartupInfo - CommandLine Args: -Xmx200m -XX:+UseG1GC -javaagent:/Users/estudiante/Documents/GitHub/bootcamp-cordapp/build/nodes/.cache/apps/net.corda.node.Corda_corda-3.0/quasar-core-0.7.9-jdk8.jar=x(antlr**;bftsmart**;ch**;co.paralleluniverse**;com.codahale**;com.esotericsoftware**;com.fasterxml**;com.google**;com.ibm**;com.intellij**;com.jcabi**;com.nhaarman**;com.opengamma**;com.typesafe**;com.zaxxer**;de.javakaffee**;groovy**;groovyjarjarantlr**;groovyjarjarasm**;io.atomix**;io.github**;io.netty**;jdk**;joptsimple**;junit**;kotlin**;net.bytebuddy**;net.i2p**;org.apache**;org.assertj**;org.bouncycastle**;org.codehaus**;org.crsh**;org.dom4j**;org.fusesource**;org.h2**;org.hamcrest**;org.hibernate**;org.jboss**;org.jcp**;org.joda**;org.junit**;org.mockito**;org.objectweb**;org.objenesis**;org.slf4j**;org.w3c**;org.xml**;org.yaml**;reflectasm**;rx**;org.jolokia**) -Dvisualvm.display.name=Corda -Djava.library.path=/Users/estudiante/Library/Java/Extensions:/Library/Java/Extensions:/Network/Library/Java/Extensions:/System/Library/Java/Extensions:/usr/lib/java:/Users/estudiante/Documents/GitHub/bootcamp-cordapp/build/nodes/.cache/apps/net.corda.node.Corda_corda-3.0 -Dcapsule.app=net.corda.node.Corda_corda-3.0 -Dcapsule.dir=/Users/estudiante/Documents/GitHub/bootcamp-cordapp/build/nodes/.cache/apps/net.corda.node.Corda_corda-3.0 -Dcapsule.jar=/Users/estudiante/Documents/GitHub/bootcamp-cordapp/build/nodes/PartyA/corda.jar {}
[INFO ] 2019-02-22T18:50:56,651Z [main] internal.Node.logStartupInfo - Application Args: --just-generate-node-info {}
[INFO ] 2019-02-22T18:50:56,651Z [main] internal.Node.logStartupInfo - bootclasspath: /Library/Java/JavaVirtualMachines/jdk1.8.0_201.jdk/Contents/Home/jre/lib/resources.jar:/Library/Java/JavaVirtualMachines/jdk1.8.0_201.jdk/Contents/Home/jre/lib/rt.jar:/Library/Java/JavaVirtualMachines/jdk1.8.0_201.jdk/Contents/Home/jre/lib/sunrsasign.jar:/Library/Java/JavaVirtualMachines/jdk1.8.0_201.jdk/Contents/Home/jre/lib/jsse.jar:/Library/Java/JavaVirtualMachines/jdk1.8.0_201.jdk/Contents/Home/jre/lib/jce.jar:/Library/Java/JavaVirtualMachines/jdk1.8.0_201.jdk/Contents/Home/jre/lib/charsets.jar:/Library/Java/JavaVirtualMachines/jdk1.8.0_201.jdk/Contents/Home/jre/lib/jfr.jar:/Library/Java/JavaVirtualMachines/jdk1.8.0_201.jdk/Contents/Home/jre/classes {}
[INFO ] 2019-02-22T18:50:56,651Z [main] internal.Node.logStartupInfo - classpath: /Users/estudiante/Documents/GitHub/bootcamp-cordapp/build/nodes/PartyA/corda.jar:/Users/estudiante/Documents/GitHub/bootcamp-cordapp/build/nodes/.cache/apps/net.corda.node.Corda_corda-3.0/corda-rpc-corda-3.0.jar:/Users/estudiante/Documents/GitHub/bootcamp-cordapp/build/nodes/.cache/apps/net.corda.node.Corda_corda-3.0/corda-node-api-corda-3.0.jar:/Users/estudiante/Documents/GitHub/bootcamp-cordapp/build/nodes/.cache/apps/net.corda.node.Corda_corda-3.0/corda-confidential-identities-corda-3.0.jar:/Users/estudiante/Documents/GitHub/bootcamp-cordapp/build/nodes/.cache/apps/net.corda.node.Corda_corda-3.0/cordform-common-3.0.9.jar:/Users/estudiante/Documents/GitHub/bootcamp-cordapp/build/nodes/.cache/apps/net.corda.node.Corda_corda-3.0/log4j-slf4j-impl-2.9.1.jar:/Users/estudiante/Documents/GitHub/bootcamp-cordapp/build/nodes/.cache/apps/net.corda.node.Corda_corda-3.0/log4j-web-2.9.1.jar:/Users/estudiante/Documents/GitHub/bootcamp-cordapp/build/nodes/.cache/apps/net.corda.node.Corda_corda-3.0/jul-to-slf4j-1.7.25.jar:/Users/estudiante/Documents/GitHub/bootcamp-cordapp/build/nodes/.cache/apps/net.corda.node.Corda_corda-3.0/corda-jackson-corda-3.0.jar:/Users/estudiante/Documents/GitHub/bootcamp-cordapp/build/nodes/.cache/apps/net.corda.node.Corda_corda-3.0/corda-core-corda-3.0.jar:/Users/estudiante/Documents/GitHub/bootcamp-cordapp/build/nodes/.cache/apps/net.corda.node.Corda_corda-3.0/kotlin-stdlib-jre8-1.1.60.jar:/Users/estudiante/Documents/GitHub/bootcamp-cordapp/build/nodes/.cache/apps/net.corda.node.Corda_corda-3.0/jackson-module-kotlin-2.9.2.jar:/Users/estudiante/Documents/GitHub/bootcamp-cordapp/build/nodes/.cache/apps/net.corda.node.Corda_corda-3.0/kotlin-reflect-1.1.60.jar:/Users/estudiante/Documents/GitHub/bootcamp-cordapp/build/nodes/.cache/apps/net.corda.node.Corda_corda-3.0/jimfs-1.1.jar:/Users/estudiante/Documents/GitHub/bootcamp-cordapp/build/nodes/.cache/apps/net.corda.node.Corda_corda-3.0/artemis-amqp-protocol-2.2.0.jar:/Users/estudiante/Documents/GitHub/bootcamp-cordapp/build/nodes/.cache/apps/net.corda.node.Corda_corda-3.0/artemis-server-2.2.0.jar:/Users/estudiante/Documents/GitHub/bootcamp-cordapp/build/nodes/.cache/apps/net.corda.node.Corda_corda-3.0/artemis-jdbc-store-2.2.0.jar:/Users/estudiante/Documents/GitHub/bootcamp-cordapp/build/nodes/.cache/apps/net.corda.node.Corda_corda-3.0/artemis-jms-client-2.2.0.jar:/Users/estudiante/Documents/GitHub/bootcamp-cordapp/build/nodes/.cache/apps/net.corda.node.Corda_corda-3.0/artemis-core-client-2.2.0.jar:/Users/estudiante/Documents/GitHub/bootcamp-cordapp/build/nodes/.cache/apps/net.corda.node.Corda_corda-3.0/artemis-journal-2.2.0.jar:/Users/estudiante/Documents/GitHub/bootcamp-cordapp/build/nodes/.cache/apps/net.corda.node.Corda_corda-3.0/artemis-commons-2.2.0.jar:/Users/estudiante/Documents/GitHub/bootcamp-cordapp/build/nodes/.cache/apps/net.corda.node.Corda_corda-3.0/guava-21.0.jar:/Users/estudiante/Documents/GitHub/bootcamp-cordapp/build/nodes/.cache/apps/net.corda.node.Corda_corda-3.0/jopt-simple-5.0.2.jar:/Users/estudiante/Documents/GitHub/bootcamp-cordapp/build/nodes/.cache/apps/net.corda.node.Corda_corda-3.0/commons-collections4-4.1.jar:/Users/estudiante/Documents/GitHub/bootcamp-cordapp/build/nodes/.cache/apps/net.corda.node.Corda_corda-3.0/shiro-core-1.4.0.jar:/Users/estudiante/Documents/GitHub/bootcamp-cordapp/build/nodes/.cache/apps/net.corda.node.Corda_corda-3.0/shiro-config-ogdl-1.4.0.jar:/Users/estudiante/Documents/GitHub/bootcamp-cordapp/build/nodes/.cache/apps/net.corda.node.Corda_corda-3.0/commons-beanutils-1.9.3.jar:/Users/estudiante/Documents/GitHub/bootcamp-cordapp/build/nodes/.cache/apps/net.corda.node.Corda_corda-3.0/jansi-1.14.jar:/Users/estudiante/Documents/GitHub/bootcamp-cordapp/build/nodes/.cache/apps/net.corda.node.Corda_corda-3.0/jcabi-manifests-1.1.jar:/Users/estudiante/Documents/GitHub/bootcamp-cordapp/build/nodes/.cache/apps/net.corda.node.Corda_corda-3.0/forms_rt-7.0.3.jar:/Users/estudiante/Documents/GitHub/bootcamp-cordapp/build/nodes/.cache/apps/net.corda.node.Corda_corda-3.0/json-20180130.jar:/Users/estudiante/Documents/GitHub/bootcamp-cordapp/build/nodes/.cache/apps/net.corda.node.Corda_corda-3.0/metrics-core-3.1.2.jar:/Users/estudiante/Documents/GitHub/bootcamp-cordapp/build/nodes/.cache/apps/net.corda.node.Corda_corda-3.0/config-1.3.1.jar:/Users/estudiante/Documents/GitHub/bootcamp-cordapp/build/nodes/.cache/apps/net.corda.node.Corda_corda-3.0/h2-1.4.194.jar:/Users/estudiante/Documents/GitHub/bootcamp-cordapp/build/nodes/.cache/apps/net.corda.node.Corda_corda-3.0/postgresql-42.1.4.jar:/Users/estudiante/Documents/GitHub/bootcamp-cordapp/build/nodes/.cache/apps/net.corda.node.Corda_corda-3.0/HikariCP-2.5.1.jar:/Users/estudiante/Documents/GitHub/bootcamp-cordapp/build/nodes/.cache/apps/net.corda.node.Corda_corda-3.0/hibernate-java8-5.2.6.Final.jar:/Users/estudiante/Documents/GitHub/bootcamp-cordapp/build/nodes/.cache/apps/net.corda.node.Corda_corda-3.0/hibernate-core-5.2.6.Final.jar:/Users/estudiante/Documents/GitHub/bootcamp-cordapp/build/nodes/.cache/apps/net.corda.node.Corda_corda-3.0/copycat-client-1.2.3.jar:/Users/estudiante/Documents/GitHub/bootcamp-cordapp/build/nodes/.cache/apps/net.corda.node.Corda_corda-3.0/copycat-server-1.2.3.jar:/Users/estudiante/Documents/GitHub/bootcamp-cordapp/build/nodes/.cache/apps/net.corda.node.Corda_corda-3.0/catalyst-netty-1.1.2.jar:/Users/estudiante/Documents/GitHub/bootcamp-cordapp/build/nodes/.cache/apps/net.corda.node.Corda_corda-3.0/netty-all-4.1.9.Final.jar:/Users/estudiante/Documents/GitHub/bootcamp-cordapp/build/nodes/.cache/apps/net.corda.node.Corda_corda-3.0/crash.connectors.ssh-cadb53544fbb3c0fb901445da614998a6a419488.jar:/Users/estudiante/Documents/GitHub/bootcamp-cordapp/build/nodes/.cache/apps/net.corda.node.Corda_corda-3.0/crash.shell-cadb53544fbb3c0fb901445da614998a6a419488.jar:/Users/estudiante/Documents/GitHub/bootcamp-cordapp/build/nodes/.cache/apps/net.corda.node.Corda_corda-3.0/okhttp-3.5.0.jar:/Users/estudiante/Documents/GitHub/bootcamp-cordapp/build/nodes/.cache/apps/net.corda.node.Corda_corda-3.0/commons-codec-1.10.jar:/Users/estudiante/Documents/GitHub/bootcamp-cordapp/build/nodes/.cache/apps/net.corda.node.Corda_corda-3.0/library-master-v1.1-beta-g6215ec8-87.jar:/Users/estudiante/Documents/GitHub/bootcamp-cordapp/build/nodes/.cache/apps/net.corda.node.Corda_corda-3.0/jolokia-jvm-1.3.7-agent.jar:/Users/estudiante/Documents/GitHub/bootcamp-cordapp/build/nodes/.cache/apps/net.corda.node.Corda_corda-3.0/quasar-core-0.7.9-jdk8.jar:/Users/estudiante/Documents/GitHub/bootcamp-cordapp/build/nodes/.cache/apps/net.corda.node.Corda_corda-3.0/commons-fileupload-1.3.3.jar:/Users/estudiante/Documents/GitHub/bootcamp-cordapp/build/nodes/.cache/apps/net.corda.node.Corda_corda-3.0/kryo-serializers-0.41.jar:/Users/estudiante/Documents/GitHub/bootcamp-cordapp/build/nodes/.cache/apps/net.corda.node.Corda_corda-3.0/kryo-4.0.0.jar:/Users/estudiante/Documents/GitHub/bootcamp-cordapp/build/nodes/.cache/apps/net.corda.node.Corda_corda-3.0/proton-j-0.21.0.jar:/Users/estudiante/Documents/GitHub/bootcamp-cordapp/build/nodes/.cache/apps/net.corda.node.Corda_corda-3.0/fast-classpath-scanner-2.0.21.jar:/Users/estudiante/Documents/GitHub/bootcamp-cordapp/build/nodes/.cache/apps/net.corda.node.Corda_corda-3.0/jsr305-3.0.2.jar:/Users/estudiante/Documents/GitHub/bootcamp-cordapp/build/nodes/.cache/apps/net.corda.node.Corda_corda-3.0/jcabi-log-0.14.jar:/Users/estudiante/Documents/GitHub/bootcamp-cordapp/build/nodes/.cache/apps/net.corda.node.Corda_corda-3.0/copycat-protocol-1.2.3.jar:/Users/estudiante/Documents/GitHub/bootcamp-cordapp/build/nodes/.cache/apps/net.corda.node.Corda_corda-3.0/catalyst-transport-1.1.2.jar:/Users/estudiante/Documents/GitHub/bootcamp-cordapp/build/nodes/.cache/apps/net.corda.node.Corda_corda-3.0/mina-core-2.0.16.jar:/Users/estudiante/Documents/GitHub/bootcamp-cordapp/build/nodes/.cache/apps/net.corda.node.Corda_corda-3.0/shiro-cache-1.4.0.jar:/Users/estudiante/Documents/GitHub/bootcamp-cordapp/build/nodes/.cache/apps/net.corda.node.Corda_corda-3.0/shiro-crypto-hash-1.4.0.jar:/Users/estudiante/Documents/GitHub/bootcamp-cordapp/build/nodes/.cache/apps/net.corda.node.Corda_corda-3.0/shiro-crypto-cipher-1.4.0.jar:/Users/estudiante/Documents/GitHub/bootcamp-cordapp/build/nodes/.cache/apps/net.corda.node.Corda_corda-3.0/shiro-config-core-1.4.0.jar:/Users/estudiante/Documents/GitHub/bootcamp-cordapp/build/nodes/.cache/apps/net.corda.node.Corda_corda-3.0/shiro-event-1.4.0.jar:/Users/estudiante/Documents/GitHub/bootcamp-cordapp/build/nodes/.cache/apps/net.corda.node.Corda_corda-3.0/shiro-crypto-core-1.4.0.jar:/Users/estudiante/Documents/GitHub/bootcamp-cordapp/build/nodes/.cache/apps/net.corda.node.Corda_corda-3.0/shiro-lang-1.4.0.jar:/Users/estudiante/Documents/GitHub/bootcamp-cordapp/build/nodes/.cache/apps/net.corda.node.Corda_corda-3.0/jcl-over-slf4j-1.7.25.jar:/Users/estudiante/Documents/GitHub/bootcamp-cordapp/build/nodes/.cache/apps/net.corda.node.Corda_corda-3.0/catalyst-concurrent-1.1.2.jar:/Users/estudiante/Documents/GitHub/bootcamp-cordapp/build/nodes/.cache/apps/net.corda.node.Corda_corda-3.0/catalyst-serializer-1.1.2.jar:/Users/estudiante/Documents/GitHub/bootcamp-cordapp/build/nodes/.cache/apps/net.corda.node.Corda_corda-3.0/catalyst-buffer-1.1.2.jar:/Users/estudiante/Documents/GitHub/bootcamp-cordapp/build/nodes/.cache/apps/net.corda.node.Corda_corda-3.0/catalyst-common-1.1.2.jar:/Users/estudiante/Documents/GitHub/bootcamp-cordapp/build/nodes/.cache/apps/net.corda.node.Corda_corda-3.0/sshd-pam-0.11.0.jar:/Users/estudiante/Documents/GitHub/bootcamp-cordapp/build/nodes/.cache/apps/net.corda.node.Corda_corda-3.0/sshd-core-1.6.0.jar:/Users/estudiante/Documents/GitHub/bootcamp-cordapp/build/nodes/.cache/apps/net.corda.node.Corda_corda-3.0/slf4j-api-1.7.25.jar:/Users/estudiante/Documents/GitHub/bootcamp-cordapp/build/nodes/.cache/apps/net.corda.node.Corda_corda-3.0/log4j-core-2.9.1.jar:/Users/estudiante/Documents/GitHub/bootcamp-cordapp/build/nodes/.cache/apps/net.corda.node.Corda_corda-3.0/log4j-api-2.9.1.jar:/Users/estudiante/Documents/GitHub/bootcamp-cordapp/build/nodes/.cache/apps/net.corda.node.Corda_corda-3.0/kotlin-stdlib-jre7-1.1.60.jar:/Users/estudiante/Documents/GitHub/bootcamp-cordapp/build/nodes/.cache/apps/net.corda.node.Corda_corda-3.0/kotlin-stdlib-1.1.60.jar:/Users/estudiante/Documents/GitHub/bootcamp-cordapp/build/nodes/.cache/apps/net.corda.node.Corda_corda-3.0/commons-collections-3.2.2.jar:/Users/estudiante/Documents/GitHub/bootcamp-cordapp/build/nodes/.cache/apps/net.corda.node.Corda_corda-3.0/hibernate-commons-annotations-5.0.1.Final.jar:/Users/estudiante/Documents/GitHub/bootcamp-cordapp/build/nodes/.cache/apps/net.corda.node.Corda_corda-3.0/artemis-native-2.2.0.jar:/Users/estudiante/Documents/GitHub/bootcamp-cordapp/build/nodes/.cache/apps/net.corda.node.Corda_corda-3.0/jboss-logging-3.3.0.Final.jar:/Users/estudiante/Documents/GitHub/bootcamp-cordapp/build/nodes/.cache/apps/net.corda.node.Corda_corda-3.0/artemis-selector-2.2.0.jar:/Users/estudiante/Documents/GitHub/bootcamp-cordapp/build/nodes/.cache/apps/net.corda.node.Corda_corda-3.0/jgroups-3.6.13.Final.jar:/Users/estudiante/Documents/GitHub/bootcamp-cordapp/build/nodes/.cache/apps/net.corda.node.Corda_corda-3.0/geronimo-json_1.0_spec-1.0-alpha-1.jar:/Users/estudiante/Documents/GitHub/bootcamp-cordapp/build/nodes/.cache/apps/net.corda.node.Corda_corda-3.0/johnzon-core-0.9.5.jar:/Users/estudiante/Documents/GitHub/bootcamp-cordapp/build/nodes/.cache/apps/net.corda.node.Corda_corda-3.0/forms-1.1-preview.jar:/Users/estudiante/Documents/GitHub/bootcamp-cordapp/build/nodes/.cache/apps/net.corda.node.Corda_corda-3.0/jdom-1.0.jar:/Users/estudiante/Documents/GitHub/bootcamp-cordapp/build/nodes/.cache/apps/net.corda.node.Corda_corda-3.0/jackson-dataformat-yaml-2.9.2.jar:/Users/estudiante/Documents/GitHub/bootcamp-cordapp/build/nodes/.cache/apps/net.corda.node.Corda_corda-3.0/jackson-datatype-jsr310-2.9.2.jar:/Users/estudiante/Documents/GitHub/bootcamp-cordapp/build/nodes/.cache/apps/net.corda.node.Corda_corda-3.0/hibernate-jpa-2.1-api-1.0.0.Final.jar:/Users/estudiante/Documents/GitHub/bootcamp-cordapp/build/nodes/.cache/apps/net.corda.node.Corda_corda-3.0/javassist-3.20.0-GA.jar:/Users/estudiante/Documents/GitHub/bootcamp-cordapp/build/nodes/.cache/apps/net.corda.node.Corda_corda-3.0/antlr-2.7.7.jar:/Users/estudiante/Documents/GitHub/bootcamp-cordapp/build/nodes/.cache/apps/net.corda.node.Corda_corda-3.0/geronimo-jta_1.1_spec-1.1.1.jar:/Users/estudiante/Documents/GitHub/bootcamp-cordapp/build/nodes/.cache/apps/net.corda.node.Corda_corda-3.0/jandex-2.0.3.Final.jar:/Users/estudiante/Documents/GitHub/bootcamp-cordapp/build/nodes/.cache/apps/net.corda.node.Corda_corda-3.0/classmate-1.3.0.jar:/Users/estudiante/Documents/GitHub/bootcamp-cordapp/build/nodes/.cache/apps/net.corda.node.Corda_corda-3.0/dom4j-1.6.1.jar:/Users/estudiante/Documents/GitHub/bootcamp-cordapp/build/nodes/.cache/apps/net.corda.node.Corda_corda-3.0/cdi-api-1.1.jar:/Users/estudiante/Documents/GitHub/bootcamp-cordapp/build/nodes/.cache/apps/net.corda.node.Corda_corda-3.0/crash.cli-cadb53544fbb3c0fb901445da614998a6a419488.jar:/Users/estudiante/Documents/GitHub/bootcamp-cordapp/build/nodes/.cache/apps/net.corda.node.Corda_corda-3.0/groovy-all-1.8.9.jar:/Users/estudiante/Documents/GitHub/bootcamp-cordapp/build/nodes/.cache/apps/net.corda.node.Corda_corda-3.0/okio-1.11.0.jar:/Users/estudiante/Documents/GitHub/bootcamp-cordapp/build/nodes/.cache/apps/net.corda.node.Corda_corda-3.0/jolokia-core-1.3.7.jar:/Users/estudiante/Documents/GitHub/bootcamp-cordapp/build/nodes/.cache/apps/net.corda.node.Corda_corda-3.0/json-simple-1.1.1.jar:/Users/estudiante/Documents/GitHub/bootcamp-cordapp/build/nodes/.cache/apps/net.corda.node.Corda_corda-3.0/rxjava-1.2.4.jar:/Users/estudiante/Documents/GitHub/bootcamp-cordapp/build/nodes/.cache/apps/net.corda.node.Corda_corda-3.0/commons-jexl3-3.0.jar:/Users/estudiante/Documents/GitHub/bootcamp-cordapp/build/nodes/.cache/apps/net.corda.node.Corda_corda-3.0/jackson-databind-2.9.2.jar:/Users/estudiante/Documents/GitHub/bootcamp-cordapp/build/nodes/.cache/apps/net.corda.node.Corda_corda-3.0/eddsa-0.2.0.jar:/Users/estudiante/Documents/GitHub/bootcamp-cordapp/build/nodes/.cache/apps/net.corda.node.Corda_corda-3.0/bcpkix-jdk15on-1.57.jar:/Users/estudiante/Documents/GitHub/bootcamp-cordapp/build/nodes/.cache/apps/net.corda.node.Corda_corda-3.0/bcprov-jdk15on-1.57.jar:/Users/estudiante/Documents/GitHub/bootcamp-cordapp/build/nodes/.cache/apps/net.corda.node.Corda_corda-3.0/commons-io-2.2.jar:/Users/estudiante/Documents/GitHub/bootcamp-cordapp/build/nodes/.cache/apps/net.corda.node.Corda_corda-3.0/reflectasm-1.11.3.jar:/Users/estudiante/Documents/GitHub/bootcamp-cordapp/build/nodes/.cache/apps/net.corda.node.Corda_corda-3.0/minlog-1.3.0.jar:/Users/estudiante/Documents/GitHub/bootcamp-cordapp/build/nodes/.cache/apps/net.corda.node.Corda_corda-3.0/objenesis-2.2.jar:/Users/estudiante/Documents/GitHub/bootcamp-cordapp/build/nodes/.cache/apps/net.corda.node.Corda_corda-3.0/annotations-13.0.jar:/Users/estudiante/Documents/GitHub/bootcamp-cordapp/build/nodes/.cache/apps/net.corda.node.Corda_corda-3.0/jackson-annotations-2.9.0.jar:/Users/estudiante/Documents/GitHub/bootcamp-cordapp/build/nodes/.cache/apps/net.corda.node.Corda_corda-3.0/snakeyaml-1.18.jar:/Users/estudiante/Documents/GitHub/bootcamp-cordapp/build/nodes/.cache/apps/net.corda.node.Corda_corda-3.0/jackson-core-2.9.2.jar:/Users/estudiante/Documents/GitHub/bootcamp-cordapp/build/nodes/.cache/apps/net.corda.node.Corda_corda-3.0/el-api-2.2.jar:/Users/estudiante/Documents/GitHub/bootcamp-cordapp/build/nodes/.cache/apps/net.corda.node.Corda_corda-3.0/jboss-interceptors-api_1.1_spec-1.0.0.Beta1.jar:/Users/estudiante/Documents/GitHub/bootcamp-cordapp/build/nodes/.cache/apps/net.corda.node.Corda_corda-3.0/jsr250-api-1.0.jar:/Users/estudiante/Documents/GitHub/bootcamp-cordapp/build/nodes/.cache/apps/net.corda.node.Corda_corda-3.0/javax.inject-1.jar:/Users/estudiante/Documents/GitHub/bootcamp-cordapp/build/nodes/.cache/apps/net.corda.node.Corda_corda-3.0/jpam-1.1.jar:/Users/estudiante/Documents/GitHub/bootcamp-cordapp/build/nodes/.cache/apps/net.corda.node.Corda_corda-3.0/geronimo-jms_2.0_spec-1.0-alpha-2.jar:/Users/estudiante/Documents/GitHub/bootcamp-cordapp/build/nodes/.cache/apps/net.corda.node.Corda_corda-3.0/asm-5.0.4.jar:/Users/estudiante/Documents/GitHub/bootcamp-cordapp/build/nodes/.cache/apps/net.corda.node.Corda_corda-3.0/corda-node-corda-3.0.jar:/Users/estudiante/Documents/GitHub/bootcamp-cordapp/build/nodes/.cache/apps/net.corda.node.Corda_corda-3.0/quasar-core-0.7.9-jdk8.jar {}
[INFO ] 2019-02-22T18:50:56,653Z [main] internal.Node.logStartupInfo - VM Java HotSpot(TM) 64-Bit Server VM Oracle Corporation 25.201-b09 {}
[INFO ] 2019-02-22T18:50:56,653Z [main] internal.Node.logStartupInfo - Machine: Estudiante10.local {}
[INFO ] 2019-02-22T18:50:56,653Z [main] internal.Node.logStartupInfo - Working Directory: /Users/estudiante/Documents/GitHub/bootcamp-cordapp/build/nodes/PartyA {}
[INFO ] 2019-02-22T18:50:56,654Z [main] internal.Node.logStartupInfo - Starting as node on localhost:10003 {}
[INFO ] 2019-02-22T18:50:56,965Z [main] cordapp.CordappLoader.<init> - No CorDapp paths provided {}
[INFO ] 2019-02-22T18:50:57,468Z [main] internal.Node.generateAndSaveNodeInfo - Generating nodeInfo ... {}
[WARN ] 2019-02-22T18:50:57,468Z [main] internal.Node.initCertificate - Corda node is running in dev mode. {}
[INFO ] 2019-02-22T18:50:59,547Z [main] internal.Node.obtainIdentity - identity-private-key not found in key store /Users/estudiante/Documents/GitHub/bootcamp-cordapp/build/nodes/PartyA/certificates/nodekeystore.jks, generating fresh key! {}
[INFO ] 2019-02-22T18:51:00,457Z [main] BasicInfo.printBasicNodeInfo - Database connection url is              : jdbc:h2:tcp://172.19.19.69:58771/node {}
[INFO ] 2019-02-22T18:51:00,641Z [main] hikari.HikariDataSource.<init> - HikariPool-1 - Started. {}
[INFO ] 2019-02-22T18:51:00,936Z [main] internal.Node.invoke - Connected to H2 database. {}
[INFO ] 2019-02-22T18:51:01,121Z [main] persistence.HibernateConfiguration.<init> - Init HibernateConfiguration for schemas: [CommonSchemaV1(name=net.corda.core.schemas.CommonSchema, version=1), VaultSchemaV1(name=net.corda.node.services.vault.VaultSchema, version=1), NodeInfoSchemaV1(name=net.corda.node.internal.schemas.NodeInfoSchema, version=1), NodeCoreV1(name=net.corda.node.services.schema.NodeSchemaService$NodeCore, version=1)] {}
[INFO ] 2019-02-22T18:51:01,122Z [main] persistence.HibernateConfiguration.makeSessionFactoryForSchemas - Creating session factory for schemas: [CommonSchemaV1(name=net.corda.core.schemas.CommonSchema, version=1), VaultSchemaV1(name=net.corda.node.services.vault.VaultSchema, version=1), NodeInfoSchemaV1(name=net.corda.node.internal.schemas.NodeInfoSchema, version=1), NodeCoreV1(name=net.corda.node.services.schema.NodeSchemaService$NodeCore, version=1)] {}
[INFO ] 2019-02-22T18:51:01,448Z [main] hibernate.Version.logVersion - HHH000412: Hibernate Core {5.2.6.Final} {}
[INFO ] 2019-02-22T18:51:01,481Z [main] cfg.Environment.<clinit> - HHH000206: hibernate.properties not found {}
[INFO ] 2019-02-22T18:51:01,566Z [main] common.Version.<clinit> - HCANN000001: Hibernate Commons Annotations {5.0.1.Final} {}
[INFO ] 2019-02-22T18:51:01,832Z [main] internal.ConnectionProviderInitiator.initiateService - HHH000130: Instantiating explicit connection provider: net.corda.nodeapi.internal.persistence.HibernateConfiguration$NodeDatabaseConnectionProvider {}
[INFO ] 2019-02-22T18:51:01,846Z [main] dialect.Dialect.<init> - HHH000400: Using dialect: org.hibernate.dialect.H2Dialect {}
[INFO ] 2019-02-22T18:51:01,992Z [main] type.BasicTypeRegistry.register - HHH000270: Type registration [materialized_blob] overrides previous : org.hibernate.type.MaterializedBlobType@5c9934da {}
[INFO ] 2019-02-22T18:51:04,254Z [main] connections.access.getIsolatedConnection - HHH10001501: Connection obtained from JdbcConnectionAccess [org.hibernate.engine.jdbc.env.internal.JdbcEnvironmentInitiator$ConnectionProviderJdbcConnectionAccess@21b51e59] for (non-JTA) DDL execution was not in auto-commit mode; the Connection 'local transaction' will be committed and the Connection will be set into auto-commit mode. {}
[INFO ] 2019-02-22T18:51:04,437Z [main] persistence.HibernateConfiguration.makeSessionFactoryForSchemas - Created session factory for schemas: [CommonSchemaV1(name=net.corda.core.schemas.CommonSchema, version=1), VaultSchemaV1(name=net.corda.node.services.vault.VaultSchema, version=1), NodeInfoSchemaV1(name=net.corda.node.internal.schemas.NodeInfoSchema, version=1), NodeCoreV1(name=net.corda.node.services.schema.NodeSchemaService$NodeCore, version=1)] {}
[INFO ] 2019-02-22T18:51:04,864Z [main] internal.QueryTranslatorFactoryInitiator.initiateService - HHH000397: Using ASTQueryTranslatorFactory {}
[INFO ] 2019-02-22T18:51:06,102Z [main] internal.Node.run - Node exiting successfully {}
[INFO ] 2019-02-22T18:51:25,624Z [main] manifests.Manifests.info - 111 attributes loaded from 127 stream(s) in 902ms, 111 saved, 1985 ignored: ["ActiveMQ-Version", "Agent-Class", "Ant-Version", "Application-Class", "Application-Library-Allowable-Codebase", "Application-Name", "Application-Version", "Archiver-Version", "Automatic-Module-Name", "Bnd-LastModified", "Branch", "Build-Date", "Build-Host", "Build-Id", "Build-Java-Version", "Build-Jdk", "Build-Job", "Build-Number", "Build-Timestamp", "Built-By", "Built-OS", "Built-Status", "Bundle-Activator", "Bundle-Category", "Bundle-ClassPath", "Bundle-Copyright", "Bundle-Description", "Bundle-DocURL", "Bundle-License", "Bundle-ManifestVersion", "Bundle-Name", "Bundle-RequiredExecutionEnvironment", "Bundle-SymbolicName", "Bundle-Vendor", "Bundle-Version", "Caller-Allowable-Codebase", "Can-Redefine-Classes", "Can-Retransform-Classes", "Can-Set-Native-Method-Prefix", "Caplets", "Change", "Codebase", "Corda-Platform-Version", "Corda-Release-Version", "Corda-Revision", "Corda-Vendor", "Created-By", "DynamicImport-Package", "Eclipse-BuddyPolicy", "Eclipse-LazyStart", "Export-Package", "Extension-Name", "Fragment-Host", "Gradle-Version", "Ignore-Package", "Implementation-Build", "Implementation-Build-Date", "Implementation-Title", "Implementation-URL", "Implementation-Url", "Implementation-Vendor", "Implementation-Vendor-Id", "Implementation-Version", "Import-Package", "Include-Resource", "JCabi-Build", "JCabi-Date", "JCabi-Version", "JVM-Args", "Java-Agents", "Java-Vendor", "Java-Version", "Kotlin-Runtime-Component", "Kotlin-Version", "Log4jReleaseKey", "Log4jReleaseManager", "Log4jReleaseVersion", "Main-Class", "Main-class", "Manifest-Version", "Min-Java-Version", "Min-Update-Version", "Module-Email", "Module-Origin", "Module-Owner", "Module-Source", "Multi-Release", "Originally-Created-By", "Os-Arch", "Os-Name", "Os-Version", "Package", "Permissions", "Premain-Class", "Private-Package", "Provide-Capability", "Require-Capability", "SCM-Revision", "SCM-url", "Scm-Connection", "Scm-Revision", "Scm-Url", "Service-Component", "Specification-Title", "Specification-Vendor", "Specification-Version", "System-Properties", "Tool", "Trusted-Library", "X-Compile-Source-JDK", "X-Compile-Target-JDK"] {}
[INFO ] 2019-02-22T18:51:25,895Z [main] BasicInfo.printBasicNodeInfo - Logs can be found in                    : /Users/estudiante/Documents/GitHub/bootcamp-cordapp/build/nodes/PartyA/logs {}
[INFO ] 2019-02-22T18:51:25,986Z [main] config.ConfigHelper.loadConfig - Config:
{
    # reference.conf @ jar:file:/Users/estudiante/Documents/GitHub/bootcamp-cordapp/build/nodes/PartyA/corda.jar!/reference.conf: 20
    "activeMQServer" : {
        # reference.conf @ jar:file:/Users/estudiante/Documents/GitHub/bootcamp-cordapp/build/nodes/PartyA/corda.jar!/reference.conf: 21
        "bridge" : {
            # reference.conf @ jar:file:/Users/estudiante/Documents/GitHub/bootcamp-cordapp/build/nodes/PartyA/corda.jar!/reference.conf: 24
            "maxRetryIntervalMin" : 3,
            # reference.conf @ jar:file:/Users/estudiante/Documents/GitHub/bootcamp-cordapp/build/nodes/PartyA/corda.jar!/reference.conf: 22
            "retryIntervalMs" : 5000,
            # reference.conf @ jar:file:/Users/estudiante/Documents/GitHub/bootcamp-cordapp/build/nodes/PartyA/corda.jar!/reference.conf: 23
            "retryIntervalMultiplier" : 1.5
        }
    },
    # hardcoded value
    "baseDirectory" : "/Users/estudiante/Documents/GitHub/bootcamp-cordapp/build/nodes/PartyA",
    # merge of reference.conf @ jar:file:/Users/estudiante/Documents/GitHub/bootcamp-cordapp/build/nodes/PartyA/corda.jar!/reference.conf: 6,reference.conf @ jar:file:/Users/estudiante/.capsule/apps/net.corda.node.Corda_corda-3.0/corda-node-corda-3.0.jar!/reference.conf: 6
    "dataSourceProperties" : {
        # reference.conf @ jar:file:/Users/estudiante/Documents/GitHub/bootcamp-cordapp/build/nodes/PartyA/corda.jar!/reference.conf: 10
        "dataSource.password" : "",
        # merge of reference.conf @ jar:file:/Users/estudiante/Documents/GitHub/bootcamp-cordapp/build/nodes/PartyA/corda.jar!/reference.conf: 8,hardcoded value,reference.conf @ jar:file:/Users/estudiante/Documents/GitHub/bootcamp-cordapp/build/nodes/PartyA/corda.jar!/reference.conf: 8,reference.conf @ jar:file:/Users/estudiante/Documents/GitHub/bootcamp-cordapp/build/nodes/PartyA/corda.jar!/reference.conf: 17
        "dataSource.url" : "jdbc:h2:file:/Users/estudiante/Documents/GitHub/bootcamp-cordapp/build/nodes/PartyA/persistence;DB_CLOSE_ON_EXIT=FALSE;LOCK_TIMEOUT=10000;WRITE_DELAY=100;AUTO_SERVER_PORT=0",
        # reference.conf @ jar:file:/Users/estudiante/Documents/GitHub/bootcamp-cordapp/build/nodes/PartyA/corda.jar!/reference.conf: 9
        "dataSource.user" : "sa",
        # reference.conf @ jar:file:/Users/estudiante/Documents/GitHub/bootcamp-cordapp/build/nodes/PartyA/corda.jar!/reference.conf: 7
        "dataSourceClassName" : "org.h2.jdbcx.JdbcDataSource"
    },
    # reference.conf @ jar:file:/Users/estudiante/Documents/GitHub/bootcamp-cordapp/build/nodes/PartyA/corda.jar!/reference.conf: 12
    "database" : {
        # reference.conf @ jar:file:/Users/estudiante/Documents/GitHub/bootcamp-cordapp/build/nodes/PartyA/corda.jar!/reference.conf: 14
        "exportHibernateJMXStatistics" : "false",
        # reference.conf @ jar:file:/Users/estudiante/Documents/GitHub/bootcamp-cordapp/build/nodes/PartyA/corda.jar!/reference.conf: 13
        "transactionIsolationLevel" : "REPEATABLE_READ"
    },
    # reference.conf @ jar:file:/Users/estudiante/Documents/GitHub/bootcamp-cordapp/build/nodes/PartyA/corda.jar!/reference.conf: 16
    "devMode" : true,
    # reference.conf @ jar:file:/Users/estudiante/Documents/GitHub/bootcamp-cordapp/build/nodes/PartyA/corda.jar!/reference.conf: 2
    "emailAddress" : "admin@company.com",
    # reference.conf @ jar:file:/Users/estudiante/Documents/GitHub/bootcamp-cordapp/build/nodes/PartyA/corda.jar!/reference.conf: 3
    "exportJMXto" : "http",
    # reference.conf @ jar:file:/Users/estudiante/Documents/GitHub/bootcamp-cordapp/build/nodes/PartyA/corda.jar!/reference.conf: 17
    "h2port" : 0,
    # reference.conf @ jar:file:/Users/estudiante/Documents/GitHub/bootcamp-cordapp/build/nodes/PartyA/corda.jar!/reference.conf: 4
    "keyStorePassword" : "cordacadevpass",
    # /Users/estudiante/Documents/GitHub/bootcamp-cordapp/build/nodes/PartyA/node.conf: 1
    "myLegalName" : "O=PartyA,L=London,C=GB",
    # /Users/estudiante/Documents/GitHub/bootcamp-cordapp/build/nodes/PartyA/node.conf: 2
    "p2pAddress" : "localhost:10003",
    # merge of /Users/estudiante/Documents/GitHub/bootcamp-cordapp/build/nodes/PartyA/node.conf: 3,reference.conf @ jar:file:/Users/estudiante/Documents/GitHub/bootcamp-cordapp/build/nodes/PartyA/corda.jar!/reference.conf: 27
    "rpcSettings" : {
        # /Users/estudiante/Documents/GitHub/bootcamp-cordapp/build/nodes/PartyA/node.conf: 4
        "address" : "localhost:10004",
        # /Users/estudiante/Documents/GitHub/bootcamp-cordapp/build/nodes/PartyA/node.conf: 5
        "adminAddress" : "localhost:10005",
        # reference.conf @ jar:file:/Users/estudiante/Documents/GitHub/bootcamp-cordapp/build/nodes/PartyA/corda.jar!/reference.conf: 29
        "standAloneBroker" : false,
        # reference.conf @ jar:file:/Users/estudiante/Documents/GitHub/bootcamp-cordapp/build/nodes/PartyA/corda.jar!/reference.conf: 28
        "useSsl" : false
    },
    # /Users/estudiante/Documents/GitHub/bootcamp-cordapp/build/nodes/PartyA/node.conf: 7
    "rpcUsers" : [
        # /Users/estudiante/Documents/GitHub/bootcamp-cordapp/build/nodes/PartyA/node.conf: 8
        {
            # /Users/estudiante/Documents/GitHub/bootcamp-cordapp/build/nodes/PartyA/node.conf: 9
            "password" : "test",
            # /Users/estudiante/Documents/GitHub/bootcamp-cordapp/build/nodes/PartyA/node.conf: 10
            "permissions" : [
                # /Users/estudiante/Documents/GitHub/bootcamp-cordapp/build/nodes/PartyA/node.conf: 11
                "ALL"
            ],
            # /Users/estudiante/Documents/GitHub/bootcamp-cordapp/build/nodes/PartyA/node.conf: 13
            "user" : "user1"
        }
    ],
    # reference.conf @ jar:file:/Users/estudiante/Documents/GitHub/bootcamp-cordapp/build/nodes/PartyA/corda.jar!/reference.conf: 5
    "trustStorePassword" : "trustpass",
    # reference.conf @ jar:file:/Users/estudiante/Documents/GitHub/bootcamp-cordapp/build/nodes/PartyA/corda.jar!/reference.conf: 18
    "useTestClock" : false,
    # reference.conf @ jar:file:/Users/estudiante/Documents/GitHub/bootcamp-cordapp/build/nodes/PartyA/corda.jar!/reference.conf: 19
    "verifierType" : "InMemory"
}
 {}
[WARN ] 2019-02-22T18:51:26,952Z [main] internal.config.defaultToOldPath - Config key user has been deprecated and will be removed in a future release. Use username instead {}
[INFO ] 2019-02-22T18:51:27,008Z [main] internal.Node.logStartupInfo - Vendor: Corda Open Source {}
[INFO ] 2019-02-22T18:51:27,008Z [main] internal.Node.logStartupInfo - Release: corda-3.0 {}
[INFO ] 2019-02-22T18:51:27,008Z [main] internal.Node.logStartupInfo - Platform Version: 3 {}
[INFO ] 2019-02-22T18:51:27,008Z [main] internal.Node.logStartupInfo - Revision: d9d6684f114e1954fe7abe6b09e4456af7c1b079 {}
[INFO ] 2019-02-22T18:51:27,009Z [main] internal.Node.logStartupInfo - PID: 3375 {}
[INFO ] 2019-02-22T18:51:27,009Z [main] internal.Node.logStartupInfo - Main class: /Users/estudiante/.capsule/apps/net.corda.node.Corda_corda-3.0/corda-node-corda-3.0.jar {}
[INFO ] 2019-02-22T18:51:27,009Z [main] internal.Node.logStartupInfo - CommandLine Args: -Xmx200m -XX:+UseG1GC -agentlib:jdwp=transport=dt_socket,server=y,suspend=n,address=5006 -javaagent:drivers/jolokia-jvm-1.3.7-agent.jar=port=7006 -javaagent:/Users/estudiante/.capsule/apps/net.corda.node.Corda_corda-3.0/quasar-core-0.7.9-jdk8.jar=x(antlr**;bftsmart**;ch**;co.paralleluniverse**;com.codahale**;com.esotericsoftware**;com.fasterxml**;com.google**;com.ibm**;com.intellij**;com.jcabi**;com.nhaarman**;com.opengamma**;com.typesafe**;com.zaxxer**;de.javakaffee**;groovy**;groovyjarjarantlr**;groovyjarjarasm**;io.atomix**;io.github**;io.netty**;jdk**;joptsimple**;junit**;kotlin**;net.bytebuddy**;net.i2p**;org.apache**;org.assertj**;org.bouncycastle**;org.codehaus**;org.crsh**;org.dom4j**;org.fusesource**;org.h2**;org.hamcrest**;org.hibernate**;org.jboss**;org.jcp**;org.joda**;org.junit**;org.mockito**;org.objectweb**;org.objenesis**;org.slf4j**;org.w3c**;org.xml**;org.yaml**;reflectasm**;rx**;org.jolokia**) -Dvisualvm.display.name=Corda -Djava.library.path=/Users/estudiante/Library/Java/Extensions:/Library/Java/Extensions:/Network/Library/Java/Extensions:/System/Library/Java/Extensions:/usr/lib/java:/Users/estudiante/.capsule/apps/net.corda.node.Corda_corda-3.0 -Dcapsule.app=net.corda.node.Corda_corda-3.0 -Dname=PartyA-corda.jar -Dcapsule.dir=/Users/estudiante/.capsule/apps/net.corda.node.Corda_corda-3.0 -Dcapsule.jar=/Users/estudiante/Documents/GitHub/bootcamp-cordapp/build/nodes/PartyA/corda.jar {}
[INFO ] 2019-02-22T18:51:27,009Z [main] internal.Node.logStartupInfo - Application Args:  {}
[INFO ] 2019-02-22T18:51:27,009Z [main] internal.Node.logStartupInfo - bootclasspath: /Library/Java/JavaVirtualMachines/jdk1.8.0_201.jdk/Contents/Home/jre/lib/resources.jar:/Library/Java/JavaVirtualMachines/jdk1.8.0_201.jdk/Contents/Home/jre/lib/rt.jar:/Library/Java/JavaVirtualMachines/jdk1.8.0_201.jdk/Contents/Home/jre/lib/sunrsasign.jar:/Library/Java/JavaVirtualMachines/jdk1.8.0_201.jdk/Contents/Home/jre/lib/jsse.jar:/Library/Java/JavaVirtualMachines/jdk1.8.0_201.jdk/Contents/Home/jre/lib/jce.jar:/Library/Java/JavaVirtualMachines/jdk1.8.0_201.jdk/Contents/Home/jre/lib/charsets.jar:/Library/Java/JavaVirtualMachines/jdk1.8.0_201.jdk/Contents/Home/jre/lib/jfr.jar:/Library/Java/JavaVirtualMachines/jdk1.8.0_201.jdk/Contents/Home/jre/classes {}
[INFO ] 2019-02-22T18:51:27,009Z [main] internal.Node.logStartupInfo - classpath: /Users/estudiante/Documents/GitHub/bootcamp-cordapp/build/nodes/PartyA/corda.jar:/Users/estudiante/.capsule/apps/net.corda.node.Corda_corda-3.0/corda-rpc-corda-3.0.jar:/Users/estudiante/.capsule/apps/net.corda.node.Corda_corda-3.0/corda-node-api-corda-3.0.jar:/Users/estudiante/.capsule/apps/net.corda.node.Corda_corda-3.0/corda-confidential-identities-corda-3.0.jar:/Users/estudiante/.capsule/apps/net.corda.node.Corda_corda-3.0/cordform-common-3.0.9.jar:/Users/estudiante/.capsule/apps/net.corda.node.Corda_corda-3.0/log4j-slf4j-impl-2.9.1.jar:/Users/estudiante/.capsule/apps/net.corda.node.Corda_corda-3.0/log4j-web-2.9.1.jar:/Users/estudiante/.capsule/apps/net.corda.node.Corda_corda-3.0/jul-to-slf4j-1.7.25.jar:/Users/estudiante/.capsule/apps/net.corda.node.Corda_corda-3.0/corda-jackson-corda-3.0.jar:/Users/estudiante/.capsule/apps/net.corda.node.Corda_corda-3.0/corda-core-corda-3.0.jar:/Users/estudiante/.capsule/apps/net.corda.node.Corda_corda-3.0/kotlin-stdlib-jre8-1.1.60.jar:/Users/estudiante/.capsule/apps/net.corda.node.Corda_corda-3.0/jackson-module-kotlin-2.9.2.jar:/Users/estudiante/.capsule/apps/net.corda.node.Corda_corda-3.0/kotlin-reflect-1.1.60.jar:/Users/estudiante/.capsule/apps/net.corda.node.Corda_corda-3.0/jimfs-1.1.jar:/Users/estudiante/.capsule/apps/net.corda.node.Corda_corda-3.0/artemis-amqp-protocol-2.2.0.jar:/Users/estudiante/.capsule/apps/net.corda.node.Corda_corda-3.0/artemis-server-2.2.0.jar:/Users/estudiante/.capsule/apps/net.corda.node.Corda_corda-3.0/artemis-jdbc-store-2.2.0.jar:/Users/estudiante/.capsule/apps/net.corda.node.Corda_corda-3.0/artemis-jms-client-2.2.0.jar:/Users/estudiante/.capsule/apps/net.corda.node.Corda_corda-3.0/artemis-core-client-2.2.0.jar:/Users/estudiante/.capsule/apps/net.corda.node.Corda_corda-3.0/artemis-journal-2.2.0.jar:/Users/estudiante/.capsule/apps/net.corda.node.Corda_corda-3.0/artemis-commons-2.2.0.jar:/Users/estudiante/.capsule/apps/net.corda.node.Corda_corda-3.0/guava-21.0.jar:/Users/estudiante/.capsule/apps/net.corda.node.Corda_corda-3.0/jopt-simple-5.0.2.jar:/Users/estudiante/.capsule/apps/net.corda.node.Corda_corda-3.0/commons-collections4-4.1.jar:/Users/estudiante/.capsule/apps/net.corda.node.Corda_corda-3.0/shiro-core-1.4.0.jar:/Users/estudiante/.capsule/apps/net.corda.node.Corda_corda-3.0/shiro-config-ogdl-1.4.0.jar:/Users/estudiante/.capsule/apps/net.corda.node.Corda_corda-3.0/commons-beanutils-1.9.3.jar:/Users/estudiante/.capsule/apps/net.corda.node.Corda_corda-3.0/jansi-1.14.jar:/Users/estudiante/.capsule/apps/net.corda.node.Corda_corda-3.0/jcabi-manifests-1.1.jar:/Users/estudiante/.capsule/apps/net.corda.node.Corda_corda-3.0/forms_rt-7.0.3.jar:/Users/estudiante/.capsule/apps/net.corda.node.Corda_corda-3.0/json-20180130.jar:/Users/estudiante/.capsule/apps/net.corda.node.Corda_corda-3.0/metrics-core-3.1.2.jar:/Users/estudiante/.capsule/apps/net.corda.node.Corda_corda-3.0/config-1.3.1.jar:/Users/estudiante/.capsule/apps/net.corda.node.Corda_corda-3.0/h2-1.4.194.jar:/Users/estudiante/.capsule/apps/net.corda.node.Corda_corda-3.0/postgresql-42.1.4.jar:/Users/estudiante/.capsule/apps/net.corda.node.Corda_corda-3.0/HikariCP-2.5.1.jar:/Users/estudiante/.capsule/apps/net.corda.node.Corda_corda-3.0/hibernate-java8-5.2.6.Final.jar:/Users/estudiante/.capsule/apps/net.corda.node.Corda_corda-3.0/hibernate-core-5.2.6.Final.jar:/Users/estudiante/.capsule/apps/net.corda.node.Corda_corda-3.0/copycat-client-1.2.3.jar:/Users/estudiante/.capsule/apps/net.corda.node.Corda_corda-3.0/copycat-server-1.2.3.jar:/Users/estudiante/.capsule/apps/net.corda.node.Corda_corda-3.0/catalyst-netty-1.1.2.jar:/Users/estudiante/.capsule/apps/net.corda.node.Corda_corda-3.0/netty-all-4.1.9.Final.jar:/Users/estudiante/.capsule/apps/net.corda.node.Corda_corda-3.0/crash.connectors.ssh-cadb53544fbb3c0fb901445da614998a6a419488.jar:/Users/estudiante/.capsule/apps/net.corda.node.Corda_corda-3.0/crash.shell-cadb53544fbb3c0fb901445da614998a6a419488.jar:/Users/estudiante/.capsule/apps/net.corda.node.Corda_corda-3.0/okhttp-3.5.0.jar:/Users/estudiante/.capsule/apps/net.corda.node.Corda_corda-3.0/commons-codec-1.10.jar:/Users/estudiante/.capsule/apps/net.corda.node.Corda_corda-3.0/library-master-v1.1-beta-g6215ec8-87.jar:/Users/estudiante/.capsule/apps/net.corda.node.Corda_corda-3.0/jolokia-jvm-1.3.7-agent.jar:/Users/estudiante/.capsule/apps/net.corda.node.Corda_corda-3.0/quasar-core-0.7.9-jdk8.jar:/Users/estudiante/.capsule/apps/net.corda.node.Corda_corda-3.0/commons-fileupload-1.3.3.jar:/Users/estudiante/.capsule/apps/net.corda.node.Corda_corda-3.0/kryo-serializers-0.41.jar:/Users/estudiante/.capsule/apps/net.corda.node.Corda_corda-3.0/kryo-4.0.0.jar:/Users/estudiante/.capsule/apps/net.corda.node.Corda_corda-3.0/proton-j-0.21.0.jar:/Users/estudiante/.capsule/apps/net.corda.node.Corda_corda-3.0/fast-classpath-scanner-2.0.21.jar:/Users/estudiante/.capsule/apps/net.corda.node.Corda_corda-3.0/jsr305-3.0.2.jar:/Users/estudiante/.capsule/apps/net.corda.node.Corda_corda-3.0/jcabi-log-0.14.jar:/Users/estudiante/.capsule/apps/net.corda.node.Corda_corda-3.0/copycat-protocol-1.2.3.jar:/Users/estudiante/.capsule/apps/net.corda.node.Corda_corda-3.0/catalyst-transport-1.1.2.jar:/Users/estudiante/.capsule/apps/net.corda.node.Corda_corda-3.0/mina-core-2.0.16.jar:/Users/estudiante/.capsule/apps/net.corda.node.Corda_corda-3.0/shiro-cache-1.4.0.jar:/Users/estudiante/.capsule/apps/net.corda.node.Corda_corda-3.0/shiro-crypto-hash-1.4.0.jar:/Users/estudiante/.capsule/apps/net.corda.node.Corda_corda-3.0/shiro-crypto-cipher-1.4.0.jar:/Users/estudiante/.capsule/apps/net.corda.node.Corda_corda-3.0/shiro-config-core-1.4.0.jar:/Users/estudiante/.capsule/apps/net.corda.node.Corda_corda-3.0/shiro-event-1.4.0.jar:/Users/estudiante/.capsule/apps/net.corda.node.Corda_corda-3.0/shiro-crypto-core-1.4.0.jar:/Users/estudiante/.capsule/apps/net.corda.node.Corda_corda-3.0/shiro-lang-1.4.0.jar:/Users/estudiante/.capsule/apps/net.corda.node.Corda_corda-3.0/jcl-over-slf4j-1.7.25.jar:/Users/estudiante/.capsule/apps/net.corda.node.Corda_corda-3.0/catalyst-concurrent-1.1.2.jar:/Users/estudiante/.capsule/apps/net.corda.node.Corda_corda-3.0/catalyst-serializer-1.1.2.jar:/Users/estudiante/.capsule/apps/net.corda.node.Corda_corda-3.0/catalyst-buffer-1.1.2.jar:/Users/estudiante/.capsule/apps/net.corda.node.Corda_corda-3.0/catalyst-common-1.1.2.jar:/Users/estudiante/.capsule/apps/net.corda.node.Corda_corda-3.0/sshd-pam-0.11.0.jar:/Users/estudiante/.capsule/apps/net.corda.node.Corda_corda-3.0/sshd-core-1.6.0.jar:/Users/estudiante/.capsule/apps/net.corda.node.Corda_corda-3.0/slf4j-api-1.7.25.jar:/Users/estudiante/.capsule/apps/net.corda.node.Corda_corda-3.0/log4j-core-2.9.1.jar:/Users/estudiante/.capsule/apps/net.corda.node.Corda_corda-3.0/log4j-api-2.9.1.jar:/Users/estudiante/.capsule/apps/net.corda.node.Corda_corda-3.0/kotlin-stdlib-jre7-1.1.60.jar:/Users/estudiante/.capsule/apps/net.corda.node.Corda_corda-3.0/kotlin-stdlib-1.1.60.jar:/Users/estudiante/.capsule/apps/net.corda.node.Corda_corda-3.0/commons-collections-3.2.2.jar:/Users/estudiante/.capsule/apps/net.corda.node.Corda_corda-3.0/hibernate-commons-annotations-5.0.1.Final.jar:/Users/estudiante/.capsule/apps/net.corda.node.Corda_corda-3.0/artemis-native-2.2.0.jar:/Users/estudiante/.capsule/apps/net.corda.node.Corda_corda-3.0/jboss-logging-3.3.0.Final.jar:/Users/estudiante/.capsule/apps/net.corda.node.Corda_corda-3.0/artemis-selector-2.2.0.jar:/Users/estudiante/.capsule/apps/net.corda.node.Corda_corda-3.0/jgroups-3.6.13.Final.jar:/Users/estudiante/.capsule/apps/net.corda.node.Corda_corda-3.0/geronimo-json_1.0_spec-1.0-alpha-1.jar:/Users/estudiante/.capsule/apps/net.corda.node.Corda_corda-3.0/johnzon-core-0.9.5.jar:/Users/estudiante/.capsule/apps/net.corda.node.Corda_corda-3.0/forms-1.1-preview.jar:/Users/estudiante/.capsule/apps/net.corda.node.Corda_corda-3.0/jdom-1.0.jar:/Users/estudiante/.capsule/apps/net.corda.node.Corda_corda-3.0/jackson-dataformat-yaml-2.9.2.jar:/Users/estudiante/.capsule/apps/net.corda.node.Corda_corda-3.0/jackson-datatype-jsr310-2.9.2.jar:/Users/estudiante/.capsule/apps/net.corda.node.Corda_corda-3.0/hibernate-jpa-2.1-api-1.0.0.Final.jar:/Users/estudiante/.capsule/apps/net.corda.node.Corda_corda-3.0/javassist-3.20.0-GA.jar:/Users/estudiante/.capsule/apps/net.corda.node.Corda_corda-3.0/antlr-2.7.7.jar:/Users/estudiante/.capsule/apps/net.corda.node.Corda_corda-3.0/geronimo-jta_1.1_spec-1.1.1.jar:/Users/estudiante/.capsule/apps/net.corda.node.Corda_corda-3.0/jandex-2.0.3.Final.jar:/Users/estudiante/.capsule/apps/net.corda.node.Corda_corda-3.0/classmate-1.3.0.jar:/Users/estudiante/.capsule/apps/net.corda.node.Corda_corda-3.0/dom4j-1.6.1.jar:/Users/estudiante/.capsule/apps/net.corda.node.Corda_corda-3.0/cdi-api-1.1.jar:/Users/estudiante/.capsule/apps/net.corda.node.Corda_corda-3.0/crash.cli-cadb53544fbb3c0fb901445da614998a6a419488.jar:/Users/estudiante/.capsule/apps/net.corda.node.Corda_corda-3.0/groovy-all-1.8.9.jar:/Users/estudiante/.capsule/apps/net.corda.node.Corda_corda-3.0/okio-1.11.0.jar:/Users/estudiante/.capsule/apps/net.corda.node.Corda_corda-3.0/jolokia-core-1.3.7.jar:/Users/estudiante/.capsule/apps/net.corda.node.Corda_corda-3.0/json-simple-1.1.1.jar:/Users/estudiante/.capsule/apps/net.corda.node.Corda_corda-3.0/rxjava-1.2.4.jar:/Users/estudiante/.capsule/apps/net.corda.node.Corda_corda-3.0/commons-jexl3-3.0.jar:/Users/estudiante/.capsule/apps/net.corda.node.Corda_corda-3.0/jackson-databind-2.9.2.jar:/Users/estudiante/.capsule/apps/net.corda.node.Corda_corda-3.0/eddsa-0.2.0.jar:/Users/estudiante/.capsule/apps/net.corda.node.Corda_corda-3.0/bcpkix-jdk15on-1.57.jar:/Users/estudiante/.capsule/apps/net.corda.node.Corda_corda-3.0/bcprov-jdk15on-1.57.jar:/Users/estudiante/.capsule/apps/net.corda.node.Corda_corda-3.0/commons-io-2.2.jar:/Users/estudiante/.capsule/apps/net.corda.node.Corda_corda-3.0/reflectasm-1.11.3.jar:/Users/estudiante/.capsule/apps/net.corda.node.Corda_corda-3.0/minlog-1.3.0.jar:/Users/estudiante/.capsule/apps/net.corda.node.Corda_corda-3.0/objenesis-2.2.jar:/Users/estudiante/.capsule/apps/net.corda.node.Corda_corda-3.0/annotations-13.0.jar:/Users/estudiante/.capsule/apps/net.corda.node.Corda_corda-3.0/jackson-annotations-2.9.0.jar:/Users/estudiante/.capsule/apps/net.corda.node.Corda_corda-3.0/snakeyaml-1.18.jar:/Users/estudiante/.capsule/apps/net.corda.node.Corda_corda-3.0/jackson-core-2.9.2.jar:/Users/estudiante/.capsule/apps/net.corda.node.Corda_corda-3.0/el-api-2.2.jar:/Users/estudiante/.capsule/apps/net.corda.node.Corda_corda-3.0/jboss-interceptors-api_1.1_spec-1.0.0.Beta1.jar:/Users/estudiante/.capsule/apps/net.corda.node.Corda_corda-3.0/jsr250-api-1.0.jar:/Users/estudiante/.capsule/apps/net.corda.node.Corda_corda-3.0/javax.inject-1.jar:/Users/estudiante/.capsule/apps/net.corda.node.Corda_corda-3.0/jpam-1.1.jar:/Users/estudiante/.capsule/apps/net.corda.node.Corda_corda-3.0/geronimo-jms_2.0_spec-1.0-alpha-2.jar:/Users/estudiante/.capsule/apps/net.corda.node.Corda_corda-3.0/asm-5.0.4.jar:/Users/estudiante/.capsule/apps/net.corda.node.Corda_corda-3.0/corda-node-corda-3.0.jar:/Users/estudiante/Documents/GitHub/bootcamp-cordapp/build/nodes/PartyA/cordapps/bootcamp-cordapp.jar:drivers/jolokia-jvm-1.3.7-agent.jar:/Users/estudiante/.capsule/apps/net.corda.node.Corda_corda-3.0/quasar-core-0.7.9-jdk8.jar {}
[INFO ] 2019-02-22T18:51:27,012Z [main] internal.Node.logStartupInfo - VM Java HotSpot(TM) 64-Bit Server VM Oracle Corporation 25.201-b09 {}
[INFO ] 2019-02-22T18:51:27,013Z [main] internal.Node.logStartupInfo - Machine: Estudiante10.local {}
[INFO ] 2019-02-22T18:51:27,013Z [main] internal.Node.logStartupInfo - Working Directory: /Users/estudiante/Documents/GitHub/bootcamp-cordapp/build/nodes/PartyA {}
[INFO ] 2019-02-22T18:51:27,013Z [main] internal.Node.logStartupInfo - Debug port: dt_socket:5006 {}
[INFO ] 2019-02-22T18:51:27,013Z [main] internal.Node.logStartupInfo - Starting as node on localhost:10003 {}
[INFO ] 2019-02-22T18:51:27,174Z [main] cordapp.CordappLoader.<init> - Loading CorDapps from file:/Users/estudiante/Documents/GitHub/bootcamp-cordapp/build/nodes/PartyA/cordapps/bootcamp-cordapp.jar {}
[INFO ] 2019-02-22T18:51:27,257Z [main] cordapp.CordappLoader.scanCordapp - Scanning CorDapp in file:/Users/estudiante/Documents/GitHub/bootcamp-cordapp/build/nodes/PartyA/cordapps/bootcamp-cordapp.jar {}
[INFO ] 2019-02-22T18:51:27,549Z [main] internal.Node.start - Node starting up ... {}
[WARN ] 2019-02-22T18:51:27,550Z [main] internal.Node.initCertificate - Corda node is running in dev mode. {}
[INFO ] 2019-02-22T18:51:29,215Z [main] internal.NetworkParametersReader.retrieveNetworkParameters - Loaded network parameters: NetworkParameters(minimumPlatformVersion=1, notaries=[NotaryInfo(identity=O=Notary, L=London, C=GB, validating=false)], maxMessageSize=10485760, maxTransactionSize=2147483647, modifiedTime=2019-02-22T18:51:09.519Z, epoch=1, whitelistedContractImplementations={}) {}
[INFO ] 2019-02-22T18:51:29,531Z [main] BasicInfo.printBasicNodeInfo - Database connection url is              : jdbc:h2:tcp://172.19.19.69:58774/node {}
[INFO ] 2019-02-22T18:51:29,654Z [main] hikari.HikariDataSource.<init> - HikariPool-1 - Started. {}
[INFO ] 2019-02-22T18:51:29,868Z [main] internal.Node.invoke - Connected to H2 database. {}
[INFO ] 2019-02-22T18:51:29,953Z [main] persistence.HibernateConfiguration.<init> - Init HibernateConfiguration for schemas: [CommonSchemaV1(name=net.corda.core.schemas.CommonSchema, version=1), VaultSchemaV1(name=net.corda.node.services.vault.VaultSchema, version=1), NodeInfoSchemaV1(name=net.corda.node.internal.schemas.NodeInfoSchema, version=1), NodeCoreV1(name=net.corda.node.services.schema.NodeSchemaService$NodeCore, version=1)] {}
[INFO ] 2019-02-22T18:51:29,954Z [main] persistence.HibernateConfiguration.makeSessionFactoryForSchemas - Creating session factory for schemas: [CommonSchemaV1(name=net.corda.core.schemas.CommonSchema, version=1), VaultSchemaV1(name=net.corda.node.services.vault.VaultSchema, version=1), NodeInfoSchemaV1(name=net.corda.node.internal.schemas.NodeInfoSchema, version=1), NodeCoreV1(name=net.corda.node.services.schema.NodeSchemaService$NodeCore, version=1)] {}
[INFO ] 2019-02-22T18:51:30,148Z [main] hibernate.Version.logVersion - HHH000412: Hibernate Core {5.2.6.Final} {}
[INFO ] 2019-02-22T18:51:30,150Z [main] cfg.Environment.<clinit> - HHH000206: hibernate.properties not found {}
[INFO ] 2019-02-22T18:51:30,209Z [main] common.Version.<clinit> - HCANN000001: Hibernate Commons Annotations {5.0.1.Final} {}
[INFO ] 2019-02-22T18:51:30,321Z [main] internal.ConnectionProviderInitiator.initiateService - HHH000130: Instantiating explicit connection provider: net.corda.nodeapi.internal.persistence.HibernateConfiguration$NodeDatabaseConnectionProvider {}
[INFO ] 2019-02-22T18:51:30,373Z [main] dialect.Dialect.<init> - HHH000400: Using dialect: org.hibernate.dialect.H2Dialect {}
[INFO ] 2019-02-22T18:51:30,483Z [main] type.BasicTypeRegistry.register - HHH000270: Type registration [materialized_blob] overrides previous : org.hibernate.type.MaterializedBlobType@2965dd88 {}
[INFO ] 2019-02-22T18:51:31,792Z [main] connections.access.getIsolatedConnection - HHH10001501: Connection obtained from JdbcConnectionAccess [org.hibernate.engine.jdbc.env.internal.JdbcEnvironmentInitiator$ConnectionProviderJdbcConnectionAccess@7bdf94f2] for (non-JTA) DDL execution was not in auto-commit mode; the Connection 'local transaction' will be committed and the Connection will be set into auto-commit mode. {}
[INFO ] 2019-02-22T18:51:31,909Z [main] persistence.HibernateConfiguration.makeSessionFactoryForSchemas - Created session factory for schemas: [CommonSchemaV1(name=net.corda.core.schemas.CommonSchema, version=1), VaultSchemaV1(name=net.corda.node.services.vault.VaultSchema, version=1), NodeInfoSchemaV1(name=net.corda.node.internal.schemas.NodeInfoSchema, version=1), NodeCoreV1(name=net.corda.node.services.schema.NodeSchemaService$NodeCore, version=1)] {}
[INFO ] 2019-02-22T18:51:32,146Z [main] internal.QueryTranslatorFactoryInitiator.initiateService - HHH000397: Using ASTQueryTranslatorFactory {}
[INFO ] 2019-02-22T18:51:32,860Z [main] persistence.NodeAttachmentService.invoke - Stored new attachment 0DC744F3E0A70E4E4C0F0C533F2041FF87F06268DF6B213A642382AC08826F97 {}
[WARN ] 2019-02-22T18:51:32,862Z [main] cordapp.CordappProviderImpl.verifyInstalledCordapps - The network parameters don't specify any whitelisted contract implementations. Please contact your zone operator. See https://docs.corda.net/network-map.html {}
[INFO ] 2019-02-22T18:51:32,983Z [main] security.RPCSecurityManagerImpl.buildImpl - Constructing realm from list of users in config [User(user1, permissions=[ALL])] {}
[INFO ] 2019-02-22T18:51:33,258Z [main] BasicInfo.printBasicNodeInfo - Advertised P2P messaging addresses      : localhost:10003 {}
[INFO ] 2019-02-22T18:51:33,262Z [main] BasicInfo.printBasicNodeInfo - RPC connection address                  : localhost:10004 {}
[INFO ] 2019-02-22T18:51:33,263Z [main] BasicInfo.printBasicNodeInfo - RPC admin connection address            : localhost:10005 {}
[INFO ] 2019-02-22T18:51:35,221Z [main] messaging.ArtemisMessagingServer.configureAndStartServer - P2P messaging server listening on port 10003 {}
[INFO ] 2019-02-22T18:51:36,412Z [main] internal.ArtemisMessagingClient.start - Connecting to message broker: localhost:10003 {}
[INFO ] 2019-02-22T18:51:38,123Z [main] internal.ArtemisMessagingClient.start - Connecting to message broker: localhost:10003 {}
[INFO ] 2019-02-22T18:51:38,292Z [main] internal.ArtemisMessagingClient.start - Connecting to message broker: localhost:10005 {}
[INFO ] 2019-02-22T18:51:38,434Z [main] messaging.P2PMessagingClient.start - Connecting to message broker: localhost:10003 {}
[INFO ] 2019-02-22T18:51:38,468Z [main] messaging.P2PMessagingClient.createQueueIfAbsent - Create fresh queue p2p.inbound.DLAhYChNPFeEru2y2N4b8Qyvktg9UKZEhpRNR7NrEdfREG bound on same address {}
[INFO ] 2019-02-22T18:51:38,591Z [Thread-0 (ActiveMQ-client-global-threads)] bridging.BridgeControlListener.processControlMessage - Received bridge control message NodeToBridgeSnapshot(nodeIdentity=DLAhYChNPFeEru2y2N4b8Qyvktg9UKZEhpRNR7NrEdfREG, inboxQueues=[p2p.inbound.DLAhYChNPFeEru2y2N4b8Qyvktg9UKZEhpRNR7NrEdfREG], sendQueues=[]) {}
[INFO ] 2019-02-22T18:51:38,697Z [main] internal.Node.registerInitiatedFlowInternal - Registered java_bootcamp.TwoPartyFlow to initiate java_bootcamp.TwoPartyFlowResponder (version 1) {}
[INFO ] 2019-02-22T18:51:38,701Z [main] internal.Node.registerInitiatedFlowInternal - Registered java_examples.ArtTransferFlowInitiator to initiate java_examples.ArtTransferFlowResponder (version 1) {}
[INFO ] 2019-02-22T18:51:39,542Z [main] plugin.PluginManager.getPlugins - Loaded plugin Plugin[type=SSHPlugin,interface=SSHPlugin] {}
[INFO ] 2019-02-22T18:51:39,565Z [main] plugin.PluginManager.getPlugins - Loaded plugin Plugin[type=SSHInlinePlugin,interface=CommandPlugin] {}
[INFO ] 2019-02-22T18:51:39,566Z [main] plugin.PluginManager.getPlugins - Loaded plugin Plugin[type=KeyAuthenticationPlugin,interface=KeyAuthenticationPlugin] {}
[INFO ] 2019-02-22T18:51:39,567Z [main] plugin.PluginManager.getPlugins - Loaded plugin Plugin[type=CRaSHShellFactory,interface=ShellFactory] {}
[INFO ] 2019-02-22T18:51:39,569Z [main] plugin.PluginManager.getPlugins - Loaded plugin Plugin[type=GroovyLanguageProxy,interface=Language] {}
[INFO ] 2019-02-22T18:51:39,571Z [main] plugin.PluginManager.getPlugins - Loaded plugin Plugin[type=JavaLanguage,interface=Language] {}
[INFO ] 2019-02-22T18:51:39,571Z [main] plugin.PluginManager.getPlugins - Loaded plugin Plugin[type=ScriptLanguage,interface=Language] {}
[INFO ] 2019-02-22T18:51:39,572Z [main] plugin.PluginManager.getPlugins - Loaded plugin Plugin[type=JaasAuthenticationPlugin,interface=AuthenticationPlugin] {}
[INFO ] 2019-02-22T18:51:39,574Z [main] plugin.PluginManager.getPlugins - Loaded plugin Plugin[type=SimpleAuthenticationPlugin,interface=AuthenticationPlugin] {}
[INFO ] 2019-02-22T18:51:39,577Z [main] ssh.SSHPlugin.init - Could not boot SSHD due to missing due to missing port configuration {}
[INFO ] 2019-02-22T18:51:39,577Z [main] plugin.PluginManager.getPlugins - Initialized plugin Plugin[type=SSHPlugin,interface=SSHPlugin] {}
[INFO ] 2019-02-22T18:51:39,577Z [main] plugin.PluginManager.getPlugins - Initialized plugin Plugin[type=SSHInlinePlugin,interface=CommandPlugin] {}
[INFO ] 2019-02-22T18:51:39,577Z [main] plugin.PluginManager.getPlugins - Initialized plugin Plugin[type=KeyAuthenticationPlugin,interface=KeyAuthenticationPlugin] {}
[INFO ] 2019-02-22T18:51:39,627Z [main] plugin.PluginManager.getPlugins - Initialized plugin Plugin[type=GroovyLanguageProxy,interface=Language] {}
[INFO ] 2019-02-22T18:51:39,627Z [main] plugin.PluginManager.getPlugins - Initialized plugin Plugin[type=ScriptLanguage,interface=Language] {}
[INFO ] 2019-02-22T18:51:39,638Z [main] plugin.PluginManager.getPlugins - Initialized plugin Plugin[type=CRaSHShellFactory,interface=ShellFactory] {}
[INFO ] 2019-02-22T18:51:39,638Z [main] plugin.PluginManager.getPlugins - Initialized plugin Plugin[type=JaasAuthenticationPlugin,interface=AuthenticationPlugin] {}
[INFO ] 2019-02-22T18:51:39,638Z [main] plugin.PluginManager.getPlugins - Initialized plugin Plugin[type=SimpleAuthenticationPlugin,interface=AuthenticationPlugin] {}
[INFO ] 2019-02-22T18:51:39,639Z [main] plugin.PluginManager.getPlugins - Initialized plugin Plugin[type=CordaAuthenticationPlugin,interface=AuthenticationPlugin] {}
[INFO ] 2019-02-22T18:51:40,734Z [main] internal.Node.start - Node-info for this node: NodeInfo(addresses=[localhost:10003], legalIdentitiesAndCerts=[O=PartyA, L=London, C=GB], platformVersion=3, serial=1550861492406) {}
[INFO ] 2019-02-22T18:51:40,768Z [main] network.NetworkMapUpdater.updateNodeInfo - Node-info has changed so submitting update. Old node-info was null {}
[INFO ] 2019-02-22T18:51:40,769Z [main] network.PersistentNetworkMapCache.addNode - Adding node with info: NodeInfo(addresses=[localhost:10003], legalIdentitiesAndCerts=[O=PartyA, L=London, C=GB], platformVersion=3, serial=1550861492406) {}
[INFO ] 2019-02-22T18:51:40,769Z [main] network.PersistentNetworkMapCache.addNode - No previous node found {}
[WARN ] 2019-02-22T18:51:40,922Z [main] utilities.AppendOnlyPersistentMapBase.set - Double insert in net.corda.node.utilities.AppendOnlyPersistentMap for entity class class net.corda.node.services.identity.PersistentIdentityService$PersistentIdentity key 901BB1CC598B6A790A20621CA8C6F60EC999EA7AD24C81FA6D28B3EE25755871, not inserting the second time {}
[INFO ] 2019-02-22T18:51:40,923Z [main] messaging.P2PMessagingClient.updateBridgesOnNetworkChange - Updating bridges on network map change: NodeInfo(addresses=[localhost:10003], legalIdentitiesAndCerts=[O=PartyA, L=London, C=GB], platformVersion=3, serial=1550861492406) {}
[INFO ] 2019-02-22T18:51:40,930Z [main] network.PersistentNetworkMapCache.addNode - Done adding node with info: NodeInfo(addresses=[localhost:10003], legalIdentitiesAndCerts=[O=PartyA, L=London, C=GB], platformVersion=3, serial=1550861492406) {}
[INFO ] 2019-02-22T18:51:40,999Z [main] BasicInfo.printBasicNodeInfo - Loaded CorDapps                         : bootcamp-cordapp, corda-core-corda-3.0 {}
[INFO ] 2019-02-22T18:51:41,010Z [main] BasicInfo.printBasicNodeInfo - Node for "PartyA" started up and registered in 16.67 sec {}
[INFO ] 2019-02-22T18:51:41,490Z [main] messaging.RPCServer.start - Starting RPC server with configuration RPCServerConfiguration(rpcThreadPoolSize=4, reapInterval=PT1S, deduplicationCacheExpiry=PT24H) {}
[INFO ] 2019-02-22T18:51:46,253Z [RxIoScheduler-2] network.PersistentNetworkMapCache.addNode - Adding node with info: NodeInfo(addresses=[localhost:10002], legalIdentitiesAndCerts=[O=Notary, L=London, C=GB], platformVersion=3, serial=1550861464488) {}
[INFO ] 2019-02-22T18:51:46,256Z [RxIoScheduler-2] network.PersistentNetworkMapCache.addNode - No previous node found {}
[INFO ] 2019-02-22T18:51:46,278Z [RxIoScheduler-2] messaging.P2PMessagingClient.updateBridgesOnNetworkChange - Updating bridges on network map change: NodeInfo(addresses=[localhost:10002], legalIdentitiesAndCerts=[O=Notary, L=London, C=GB], platformVersion=3, serial=1550861464488) {}
[INFO ] 2019-02-22T18:51:46,283Z [RxIoScheduler-2] network.PersistentNetworkMapCache.addNode - Done adding node with info: NodeInfo(addresses=[localhost:10002], legalIdentitiesAndCerts=[O=Notary, L=London, C=GB], platformVersion=3, serial=1550861464488) {}
[INFO ] 2019-02-22T18:51:46,283Z [RxIoScheduler-2] network.PersistentNetworkMapCache.addNode - Adding node with info: NodeInfo(addresses=[localhost:10009], legalIdentitiesAndCerts=[O=PartyC, L=Lagos, C=NG], platformVersion=3, serial=1550861462488) {}
[INFO ] 2019-02-22T18:51:46,284Z [RxIoScheduler-2] network.PersistentNetworkMapCache.addNode - No previous node found {}
[INFO ] 2019-02-22T18:51:46,297Z [RxIoScheduler-2] messaging.P2PMessagingClient.updateBridgesOnNetworkChange - Updating bridges on network map change: NodeInfo(addresses=[localhost:10009], legalIdentitiesAndCerts=[O=PartyC, L=Lagos, C=NG], platformVersion=3, serial=1550861462488) {}
[INFO ] 2019-02-22T18:51:46,300Z [RxIoScheduler-2] network.PersistentNetworkMapCache.addNode - Done adding node with info: NodeInfo(addresses=[localhost:10009], legalIdentitiesAndCerts=[O=PartyC, L=Lagos, C=NG], platformVersion=3, serial=1550861462488) {}
[INFO ] 2019-02-22T18:51:46,301Z [RxIoScheduler-2] network.PersistentNetworkMapCache.addNode - Adding node with info: NodeInfo(addresses=[localhost:10003], legalIdentitiesAndCerts=[O=PartyA, L=London, C=GB], platformVersion=3, serial=1550861465186) {}
[INFO ] 2019-02-22T18:51:46,347Z [RxIoScheduler-2] network.PersistentNetworkMapCache.addNode - Discarding older nodeInfo for O=PartyA, L=London, C=GB {}
[INFO ] 2019-02-22T18:51:46,347Z [RxIoScheduler-2] network.PersistentNetworkMapCache.addNode - Adding node with info: NodeInfo(addresses=[localhost:10006], legalIdentitiesAndCerts=[O=PartyB, L=New York, C=US], platformVersion=3, serial=1550861464388) {}
[INFO ] 2019-02-22T18:51:46,349Z [RxIoScheduler-2] network.PersistentNetworkMapCache.addNode - No previous node found {}
[INFO ] 2019-02-22T18:51:46,361Z [RxIoScheduler-2] messaging.P2PMessagingClient.updateBridgesOnNetworkChange - Updating bridges on network map change: NodeInfo(addresses=[localhost:10006], legalIdentitiesAndCerts=[O=PartyB, L=New York, C=US], platformVersion=3, serial=1550861464388) {}
[INFO ] 2019-02-22T18:51:46,364Z [RxIoScheduler-2] network.PersistentNetworkMapCache.addNode - Done adding node with info: NodeInfo(addresses=[localhost:10006], legalIdentitiesAndCerts=[O=PartyB, L=New York, C=US], platformVersion=3, serial=1550861464388) {}
[WARN ] 2019-02-22T18:56:11,886Z [Node thread-1] flow.[03446f57-a163-4378-bbb8-577c1b8bffc6].maybeWireUpProgressTracking - ProgressTracker has not been started {}
[INFO ] 2019-02-22T18:56:12,016Z [Node thread-1] flow.[03446f57-a163-4378-bbb8-577c1b8bffc6].initiateSession - Initiating flow session with party O=PartyB, L=New York, C=US. Session id for tracing purposes is SessionId(toLong=5645303505892692457). {}
[INFO ] 2019-02-22T18:56:12,170Z [Messaging DLAhYChNPFeEru2y2N4b8Qyvktg9UKZEhpRNR7NrEdfREG] messaging.P2PMessagingClient.createQueueIfAbsent - Create fresh queue internal.peers.DLCqbRTTGKc7EvDoqpWZJH5W7WgpF93p2UVXUWNZmqN3Xu bound on same address {}
[INFO ] 2019-02-22T18:56:12,213Z [Thread-1 (ActiveMQ-client-global-threads)] bridging.BridgeControlListener.processControlMessage - Received bridge control message Create(nodeIdentity=DLAhYChNPFeEru2y2N4b8Qyvktg9UKZEhpRNR7NrEdfREG, bridgeInfo=BridgeEntry(queueName=internal.peers.DLCqbRTTGKc7EvDoqpWZJH5W7WgpF93p2UVXUWNZmqN3Xu, targets=[localhost:10006], legalNames=[O=PartyB, L=New York, C=US])) {}
[INFO ] 2019-02-22T18:56:12,263Z [Thread-1 (ActiveMQ-client-global-threads)] peers.DLCqbRTTGKc7EvDoqpWZJH5W7WgpF93p2UVXUWNZmqN3Xu -> localhost:10006:O=PartyB, L=New York, C=US.start - Create new AMQP bridge {}
[INFO ] 2019-02-22T18:56:12,264Z [Thread-1 (ActiveMQ-client-global-threads)] netty.AMQPClient.start - connect to: localhost:10006 {}
[INFO ] 2019-02-22T18:56:12,298Z [nioEventLoopGroup-2-1] netty.AMQPClient.operationComplete - Connected to localhost:10006 {}
[INFO ] 2019-02-22T18:56:12,308Z [nioEventLoopGroup-2-1] O=PartyB, L=New York, C=US.channelActive - New client connection 5c84843a from localhost/127.0.0.1:10006 to /127.0.0.1:58806 {}
[INFO ] 2019-02-22T18:56:12,379Z [nioEventLoopGroup-2-1] O=PartyB, L=New York, C=US.userEventTriggered - handshake completed subject: O=PartyB, L=New York, C=US {}
[INFO ] 2019-02-22T18:56:12,567Z [nioEventLoopGroup-2-1] peers.DLCqbRTTGKc7EvDoqpWZJH5W7WgpF93p2UVXUWNZmqN3Xu -> localhost:10006:O=PartyB, L=New York, C=US.onSocketConnected - Bridge Connected {}
[INFO ] 2019-02-22T18:56:12,577Z [nioEventLoopGroup-2-1] O=PartyA, L=London, C=GB.onConnectionLocalOpen - Connection local open org.apache.qpid.proton.engine.impl.ConnectionImpl@1d8d16d0 {}
[INFO ] 2019-02-22T18:56:13,730Z [Thread-1 (ActiveMQ-client-global-threads)] messaging.P2PMessagingClient.artemisToCordaMessage - Received message from: p2p.inbound.DLAhYChNPFeEru2y2N4b8Qyvktg9UKZEhpRNR7NrEdfREG user: O=PartyB, L=New York, C=US topic: platform.session uuid: b163fe92-60cb-4863-b088-d6f242a520d9 {}
[INFO ] 2019-02-22T18:56:14,266Z [Thread-1 (ActiveMQ-client-global-threads)] messaging.P2PMessagingClient.artemisToCordaMessage - Received message from: p2p.inbound.DLAhYChNPFeEru2y2N4b8Qyvktg9UKZEhpRNR7NrEdfREG user: O=PartyB, L=New York, C=US topic: platform.session uuid: f15d2e5e-841d-425b-87f2-df2fefef0aa6 {}
[WARN ] 2019-02-22T18:56:14,308Z [Node thread-1] flow.[03446f57-a163-4378-bbb8-577c1b8bffc6].uncaughtException - Caught exception from flow {}
java.lang.IllegalStateException: Cannot rewind a progress tracker once it has ended
	at net.corda.core.utilities.ProgressTracker.setCurrentStep(ProgressTracker.kt:117) ~[corda-core-corda-3.0.jar:?]
	at net.corda.node.services.statemachine.FlowStateMachineImpl.run(FlowStateMachineImpl.kt:120) ~[corda-node-corda-3.0.jar:?]
	at net.corda.node.services.statemachine.FlowStateMachineImpl.run(FlowStateMachineImpl.kt:44) ~[corda-node-corda-3.0.jar:?]
	at co.paralleluniverse.fibers.Fiber.run1(Fiber.java:1092) [quasar-core-0.7.9-jdk8.jar:0.7.9]
	at co.paralleluniverse.fibers.Fiber.exec(Fiber.java:788) [quasar-core-0.7.9-jdk8.jar:0.7.9]
	at co.paralleluniverse.fibers.RunnableFiberTask.doExec(RunnableFiberTask.java:100) [quasar-core-0.7.9-jdk8.jar:0.7.9]
	at co.paralleluniverse.fibers.RunnableFiberTask.run(RunnableFiberTask.java:91) [quasar-core-0.7.9-jdk8.jar:0.7.9]
	at java.util.concurrent.Executors$RunnableAdapter.call(Executors.java:511) [?:1.8.0_201]
	at java.util.concurrent.FutureTask.run(FutureTask.java:266) [?:1.8.0_201]
	at java.util.concurrent.ScheduledThreadPoolExecutor$ScheduledFutureTask.access$201(ScheduledThreadPoolExecutor.java:180) [?:1.8.0_201]
	at java.util.concurrent.ScheduledThreadPoolExecutor$ScheduledFutureTask.run(ScheduledThreadPoolExecutor.java:293) [?:1.8.0_201]
	at java.util.concurrent.ThreadPoolExecutor.runWorker(ThreadPoolExecutor.java:1149) [?:1.8.0_201]
	at java.util.concurrent.ThreadPoolExecutor$Worker.run(ThreadPoolExecutor.java:624) [?:1.8.0_201]
	at net.corda.node.utilities.AffinityExecutor$ServiceAffinityExecutor$1$thread$1.run(AffinityExecutor.kt:62) [corda-node-corda-3.0.jar:?]
[INFO ] 2019-02-22T18:56:14,420Z [Thread-1 (ActiveMQ-client-global-threads)] messaging.P2PMessagingClient.artemisToCordaMessage - Received message from: p2p.inbound.DLAhYChNPFeEru2y2N4b8Qyvktg9UKZEhpRNR7NrEdfREG user: O=PartyB, L=New York, C=US topic: platform.session uuid: d12d3f2c-4c97-4712-8205-5326861b103a {}
[INFO ] 2019-02-22T18:59:46,530Z [Thread-20] vault.NodeVaultService._queryBy - Vault Query for contract type: class java_bootcamp.TokenState, criteria: VaultQueryCriteria(status=UNCONSUMED, contractStateTypes=null, stateRefs=null, notary=null, softLockingCondition=null, timeCondition=null), pagination: PageSpecification(pageNumber=-1, pageSize=200), sorting: Sort(columns=[]) {invocation_id=2d6aa452-552e-4231-b4cc-31f0baf6470b, invocation_timestamp=2019-02-22T18:51:39.647Z, session_id=2d6aa452-552e-4231-b4cc-31f0baf6470b, session_timestamp=2019-02-22T18:51:39.647Z}
[WARN ] 2019-02-22T20:45:44,389Z [Thread-3 (ActiveMQ-server-org.apache.activemq.artemis.core.server.impl.ActiveMQServerImpl$3@308d4981)] core.client.fail - AMQ212037: Connection failure has been detected: AMQ119014: Did not receive data from /127.0.0.1:58807 within the 60.000ms connection TTL. The connection will now be closed. [code=CONNECTION_TIMEDOUT] {}
[WARN ] 2019-02-22T20:45:50,602Z [HikariPool-1 housekeeper] pool.HikariPool.run - HikariPool-1 - Thread starvation or clock leap detected (housekeeper delta=33m50s230ms). {}
[INFO ] 2019-02-22T20:45:52,203Z [nioEventLoopGroup-2-1] netty.AMQPClient.operationComplete - Disconnected from localhost:10006 {}
[INFO ] 2019-02-22T20:45:52,314Z [nioEventLoopGroup-2-1] O=PartyB, L=New York, C=US.channelInactive - Closed client connection 5c84843a from localhost/127.0.0.1:10006 to /127.0.0.1:58806 {}
[INFO ] 2019-02-22T20:45:52,315Z [nioEventLoopGroup-2-1] peers.DLCqbRTTGKc7EvDoqpWZJH5W7WgpF93p2UVXUWNZmqN3Xu -> localhost:10006:O=PartyB, L=New York, C=US.onSocketConnected - Bridge Disconnected {}
[INFO ] 2019-02-22T20:45:52,328Z [nioEventLoopGroup-2-1] O=PartyA, L=London, C=GB.onConnectionLocalClose - Connection local close org.apache.qpid.proton.engine.impl.ConnectionImpl@1d8d16d0 {}
[INFO ] 2019-02-22T20:45:52,330Z [nioEventLoopGroup-2-1] O=PartyA, L=London, C=GB.onTransportError - Transport Error TransportImpl [_connectionEndpoint=org.apache.qpid.proton.engine.impl.ConnectionImpl@1d8d16d0, org.apache.qpid.proton.engine.impl.TransportImpl@ff325b2] {}
[INFO ] 2019-02-22T20:45:52,330Z [nioEventLoopGroup-2-1] O=PartyA, L=London, C=GB.onTransportError - Error: connection aborted {}
[INFO ] 2019-02-22T20:45:53,268Z [nioEventLoopGroup-2-2] netty.AMQPClient.run - Retry connect {}
[INFO ] 2019-02-22T20:45:53,274Z [nioEventLoopGroup-2-3] netty.AMQPClient.operationComplete - Connected to localhost:10006 {}
[INFO ] 2019-02-22T20:45:53,278Z [nioEventLoopGroup-2-3] O=PartyB, L=New York, C=US.channelActive - New client connection 8036b8b7 from localhost/127.0.0.1:10006 to /127.0.0.1:59091 {}
[INFO ] 2019-02-22T20:45:53,579Z [nioEventLoopGroup-2-3] O=PartyB, L=New York, C=US.userEventTriggered - handshake completed subject: O=PartyB, L=New York, C=US {}
[INFO ] 2019-02-22T20:45:53,580Z [nioEventLoopGroup-2-3] peers.DLCqbRTTGKc7EvDoqpWZJH5W7WgpF93p2UVXUWNZmqN3Xu -> localhost:10006:O=PartyB, L=New York, C=US.onSocketConnected - Bridge Connected {}
[INFO ] 2019-02-22T20:45:53,586Z [nioEventLoopGroup-2-3] O=PartyA, L=London, C=GB.onConnectionLocalOpen - Connection local open org.apache.qpid.proton.engine.impl.ConnectionImpl@5db590d2 {}
[WARN ] 2019-02-22T21:00:47,004Z [Thread-1 (ActiveMQ-server-org.apache.activemq.artemis.core.server.impl.ActiveMQServerImpl$3@308d4981)] core.client.fail - AMQ212037: Connection failure has been detected: AMQ119014: Did not receive data from /127.0.0.1:59090 within the 60.000ms connection TTL. The connection will now be closed. [code=CONNECTION_TIMEDOUT] {}
[INFO ] 2019-02-22T21:00:49,847Z [nioEventLoopGroup-2-3] netty.AMQPClient.operationComplete - Disconnected from localhost:10006 {}
[INFO ] 2019-02-22T21:00:50,855Z [nioEventLoopGroup-2-4] netty.AMQPClient.run - Retry connect {}
[INFO ] 2019-02-22T21:00:50,860Z [nioEventLoopGroup-2-5] netty.AMQPClient.operationComplete - Connected to localhost:10006 {}
[INFO ] 2019-02-22T21:00:50,862Z [nioEventLoopGroup-2-5] O=PartyB, L=New York, C=US.channelActive - New client connection f7647462 from localhost/127.0.0.1:10006 to /127.0.0.1:59105 {}
[INFO ] 2019-02-22T21:00:51,355Z [nioEventLoopGroup-2-3] O=PartyB, L=New York, C=US.channelInactive - Closed client connection 8036b8b7 from localhost/127.0.0.1:10006 to /127.0.0.1:59091 {}
[INFO ] 2019-02-22T21:00:51,355Z [nioEventLoopGroup-2-3] peers.DLCqbRTTGKc7EvDoqpWZJH5W7WgpF93p2UVXUWNZmqN3Xu -> localhost:10006:O=PartyB, L=New York, C=US.onSocketConnected - Bridge Disconnected {}
[INFO ] 2019-02-22T21:00:51,360Z [nioEventLoopGroup-2-3] O=PartyA, L=London, C=GB.onConnectionLocalClose - Connection local close org.apache.qpid.proton.engine.impl.ConnectionImpl@5db590d2 {}
[INFO ] 2019-02-22T21:00:51,361Z [nioEventLoopGroup-2-3] O=PartyA, L=London, C=GB.onTransportError - Transport Error TransportImpl [_connectionEndpoint=org.apache.qpid.proton.engine.impl.ConnectionImpl@5db590d2, org.apache.qpid.proton.engine.impl.TransportImpl@59fb29ce] {}
[INFO ] 2019-02-22T21:00:51,361Z [nioEventLoopGroup-2-3] O=PartyA, L=London, C=GB.onTransportError - Error: connection aborted {}
[INFO ] 2019-02-22T21:00:51,383Z [nioEventLoopGroup-2-5] O=PartyB, L=New York, C=US.userEventTriggered - handshake completed subject: O=PartyB, L=New York, C=US {}
[INFO ] 2019-02-22T21:00:51,384Z [nioEventLoopGroup-2-5] peers.DLCqbRTTGKc7EvDoqpWZJH5W7WgpF93p2UVXUWNZmqN3Xu -> localhost:10006:O=PartyB, L=New York, C=US.onSocketConnected - Bridge Connected {}
[INFO ] 2019-02-22T21:00:51,387Z [nioEventLoopGroup-2-5] O=PartyA, L=London, C=GB.onConnectionLocalOpen - Connection local open org.apache.qpid.proton.engine.impl.ConnectionImpl@7d4e5f56 {}
[WARN ] 2019-02-22T21:01:00,840Z [HikariPool-1 housekeeper] pool.HikariPool.run - HikariPool-1 - Thread starvation or clock leap detected (housekeeper delta=14m40s234ms). {}
[INFO ] 2019-02-22T21:02:13,360Z [Thread-9] BasicInfo.printBasicNodeInfo - Shutting down ... {}
[INFO ] 2019-02-22T21:02:13,496Z [main] internal.Node.run - Node exiting successfully {}
[INFO ] 2019-02-22T21:02:13,657Z [Thread-9] peers.DLCqbRTTGKc7EvDoqpWZJH5W7WgpF93p2UVXUWNZmqN3Xu -> localhost:10006:O=PartyB, L=New York, C=US.stop - Stopping AMQP bridge {}
[INFO ] 2019-02-22T21:02:13,659Z [Thread-9] netty.AMQPClient.stop - disconnect from: localhost:10006 {}
[INFO ] 2019-02-22T21:02:13,660Z [nioEventLoopGroup-2-5] netty.AMQPClient.operationComplete - Disconnected from localhost:10006 {}
[INFO ] 2019-02-22T21:02:13,660Z [nioEventLoopGroup-2-5] O=PartyB, L=New York, C=US.channelInactive - Closed client connection f7647462 from localhost/127.0.0.1:10006 to /127.0.0.1:59105 {}
[INFO ] 2019-02-22T21:02:13,660Z [Thread-9] netty.AMQPClient.stop - stopped connection to localhost:10006 {}
[INFO ] 2019-02-22T21:02:13,660Z [nioEventLoopGroup-2-5] peers.DLCqbRTTGKc7EvDoqpWZJH5W7WgpF93p2UVXUWNZmqN3Xu -> localhost:10006:O=PartyB, L=New York, C=US.onSocketConnected - Bridge Disconnected {}
[INFO ] 2019-02-22T21:02:13,660Z [nioEventLoopGroup-2-5] O=PartyA, L=London, C=GB.onConnectionLocalClose - Connection local close org.apache.qpid.proton.engine.impl.ConnectionImpl@7d4e5f56 {}
[INFO ] 2019-02-22T21:02:13,661Z [nioEventLoopGroup-2-5] O=PartyA, L=London, C=GB.onTransportError - Transport Error TransportImpl [_connectionEndpoint=org.apache.qpid.proton.engine.impl.ConnectionImpl@7d4e5f56, org.apache.qpid.proton.engine.impl.TransportImpl@2da4c5c1] {}
[INFO ] 2019-02-22T21:02:13,666Z [nioEventLoopGroup-2-5] O=PartyA, L=London, C=GB.onTransportError - Error: connection aborted {}
[INFO ] 2019-02-22T21:02:15,932Z [Thread-9] pool.HikariPool.shutdown - HikariPool-1 - Close initiated... {}
[INFO ] 2019-02-22T21:02:15,940Z [Thread-9] pool.HikariPool.shutdown - HikariPool-1 - Closed. {}
[INFO ] 2019-02-22T21:02:15,941Z [Thread-9] internal.Node.stop - Shutdown complete {}
