[INFO ] 2019-02-22T18:50:52,451Z [main] manifests.Manifests.info - 111 attributes loaded from 125 stream(s) in 2s, 111 saved, 1973 ignored: ["ActiveMQ-Version", "Agent-Class", "Ant-Version", "Application-Class", "Application-Library-Allowable-Codebase", "Application-Name", "Application-Version", "Archiver-Version", "Automatic-Module-Name", "Bnd-LastModified", "Branch", "Build-Date", "Build-Host", "Build-Id", "Build-Java-Version", "Build-Jdk", "Build-Job", "Build-Number", "Build-Timestamp", "Built-By", "Built-OS", "Built-Status", "Bundle-Activator", "Bundle-Category", "Bundle-ClassPath", "Bundle-Copyright", "Bundle-Description", "Bundle-DocURL", "Bundle-License", "Bundle-ManifestVersion", "Bundle-Name", "Bundle-RequiredExecutionEnvironment", "Bundle-SymbolicName", "Bundle-Vendor", "Bundle-Version", "Caller-Allowable-Codebase", "Can-Redefine-Classes", "Can-Retransform-Classes", "Can-Set-Native-Method-Prefix", "Caplets", "Change", "Codebase", "Corda-Platform-Version", "Corda-Release-Version", "Corda-Revision", "Corda-Vendor", "Created-By", "DynamicImport-Package", "Eclipse-BuddyPolicy", "Eclipse-LazyStart", "Export-Package", "Extension-Name", "Fragment-Host", "Gradle-Version", "Ignore-Package", "Implementation-Build", "Implementation-Build-Date", "Implementation-Title", "Implementation-URL", "Implementation-Url", "Implementation-Vendor", "Implementation-Vendor-Id", "Implementation-Version", "Import-Package", "Include-Resource", "JCabi-Build", "JCabi-Date", "JCabi-Version", "JVM-Args", "Java-Agents", "Java-Vendor", "Java-Version", "Kotlin-Runtime-Component", "Kotlin-Version", "Log4jReleaseKey", "Log4jReleaseManager", "Log4jReleaseVersion", "Main-Class", "Main-class", "Manifest-Version", "Min-Java-Version", "Min-Update-Version", "Module-Email", "Module-Origin", "Module-Owner", "Module-Source", "Multi-Release", "Originally-Created-By", "Os-Arch", "Os-Name", "Os-Version", "Package", "Permissions", "Premain-Class", "Private-Package", "Provide-Capability", "Require-Capability", "SCM-Revision", "SCM-url", "Scm-Connection", "Scm-Revision", "Scm-Url", "Service-Component", "Specification-Title", "Specification-Vendor", "Specification-Version", "System-Properties", "Tool", "Trusted-Library", "X-Compile-Source-JDK", "X-Compile-Target-JDK"] {}
[INFO ] 2019-02-22T18:50:53,060Z [main] BasicInfo.printBasicNodeInfo - Logs can be found in                    : /Users/estudiante/Documents/GitHub/bootcamp-cordapp/build/nodes/Notary/logs {}
[INFO ] 2019-02-22T18:50:53,276Z [main] config.ConfigHelper.loadConfig - Config:
{
    # reference.conf @ jar:file:/Users/estudiante/Documents/GitHub/bootcamp-cordapp/build/nodes/Notary/corda.jar!/reference.conf: 20
    "activeMQServer" : {
        # reference.conf @ jar:file:/Users/estudiante/Documents/GitHub/bootcamp-cordapp/build/nodes/Notary/corda.jar!/reference.conf: 21
        "bridge" : {
            # reference.conf @ jar:file:/Users/estudiante/Documents/GitHub/bootcamp-cordapp/build/nodes/Notary/corda.jar!/reference.conf: 24
            "maxRetryIntervalMin" : 3,
            # reference.conf @ jar:file:/Users/estudiante/Documents/GitHub/bootcamp-cordapp/build/nodes/Notary/corda.jar!/reference.conf: 22
            "retryIntervalMs" : 5000,
            # reference.conf @ jar:file:/Users/estudiante/Documents/GitHub/bootcamp-cordapp/build/nodes/Notary/corda.jar!/reference.conf: 23
            "retryIntervalMultiplier" : 1.5
        }
    },
    # hardcoded value
    "baseDirectory" : "/Users/estudiante/Documents/GitHub/bootcamp-cordapp/build/nodes/Notary",
    # merge of reference.conf @ jar:file:/Users/estudiante/Documents/GitHub/bootcamp-cordapp/build/nodes/Notary/corda.jar!/reference.conf: 6,reference.conf @ jar:file:/Users/estudiante/Documents/GitHub/bootcamp-cordapp/build/nodes/.cache/apps/net.corda.node.Corda_corda-3.0/corda-node-corda-3.0.jar!/reference.conf: 6
    "dataSourceProperties" : {
        # reference.conf @ jar:file:/Users/estudiante/Documents/GitHub/bootcamp-cordapp/build/nodes/Notary/corda.jar!/reference.conf: 10
        "dataSource.password" : "",
        # merge of reference.conf @ jar:file:/Users/estudiante/Documents/GitHub/bootcamp-cordapp/build/nodes/Notary/corda.jar!/reference.conf: 8,hardcoded value,reference.conf @ jar:file:/Users/estudiante/Documents/GitHub/bootcamp-cordapp/build/nodes/Notary/corda.jar!/reference.conf: 8,reference.conf @ jar:file:/Users/estudiante/Documents/GitHub/bootcamp-cordapp/build/nodes/Notary/corda.jar!/reference.conf: 17
        "dataSource.url" : "jdbc:h2:file:/Users/estudiante/Documents/GitHub/bootcamp-cordapp/build/nodes/Notary/persistence;DB_CLOSE_ON_EXIT=FALSE;LOCK_TIMEOUT=10000;WRITE_DELAY=100;AUTO_SERVER_PORT=0",
        # reference.conf @ jar:file:/Users/estudiante/Documents/GitHub/bootcamp-cordapp/build/nodes/Notary/corda.jar!/reference.conf: 9
        "dataSource.user" : "sa",
        # reference.conf @ jar:file:/Users/estudiante/Documents/GitHub/bootcamp-cordapp/build/nodes/Notary/corda.jar!/reference.conf: 7
        "dataSourceClassName" : "org.h2.jdbcx.JdbcDataSource"
    },
    # reference.conf @ jar:file:/Users/estudiante/Documents/GitHub/bootcamp-cordapp/build/nodes/Notary/corda.jar!/reference.conf: 12
    "database" : {
        # reference.conf @ jar:file:/Users/estudiante/Documents/GitHub/bootcamp-cordapp/build/nodes/Notary/corda.jar!/reference.conf: 14
        "exportHibernateJMXStatistics" : "false",
        # reference.conf @ jar:file:/Users/estudiante/Documents/GitHub/bootcamp-cordapp/build/nodes/Notary/corda.jar!/reference.conf: 13
        "transactionIsolationLevel" : "REPEATABLE_READ"
    },
    # reference.conf @ jar:file:/Users/estudiante/Documents/GitHub/bootcamp-cordapp/build/nodes/Notary/corda.jar!/reference.conf: 16
    "devMode" : true,
    # reference.conf @ jar:file:/Users/estudiante/Documents/GitHub/bootcamp-cordapp/build/nodes/Notary/corda.jar!/reference.conf: 2
    "emailAddress" : "admin@company.com",
    # reference.conf @ jar:file:/Users/estudiante/Documents/GitHub/bootcamp-cordapp/build/nodes/Notary/corda.jar!/reference.conf: 3
    "exportJMXto" : "http",
    # reference.conf @ jar:file:/Users/estudiante/Documents/GitHub/bootcamp-cordapp/build/nodes/Notary/corda.jar!/reference.conf: 17
    "h2port" : 0,
    # reference.conf @ jar:file:/Users/estudiante/Documents/GitHub/bootcamp-cordapp/build/nodes/Notary/corda.jar!/reference.conf: 4
    "keyStorePassword" : "cordacadevpass",
    # /Users/estudiante/Documents/GitHub/bootcamp-cordapp/build/nodes/Notary/node.conf: 1
    "myLegalName" : "O=Notary,L=London,C=GB",
    # /Users/estudiante/Documents/GitHub/bootcamp-cordapp/build/nodes/Notary/node.conf: 2
    "notary" : {
        # /Users/estudiante/Documents/GitHub/bootcamp-cordapp/build/nodes/Notary/node.conf: 3
        "validating" : false
    },
    # /Users/estudiante/Documents/GitHub/bootcamp-cordapp/build/nodes/Notary/node.conf: 5
    "p2pAddress" : "localhost:10002",
    # reference.conf @ jar:file:/Users/estudiante/Documents/GitHub/bootcamp-cordapp/build/nodes/Notary/corda.jar!/reference.conf: 27
    "rpcSettings" : {
        # reference.conf @ jar:file:/Users/estudiante/Documents/GitHub/bootcamp-cordapp/build/nodes/Notary/corda.jar!/reference.conf: 29
        "standAloneBroker" : false,
        # reference.conf @ jar:file:/Users/estudiante/Documents/GitHub/bootcamp-cordapp/build/nodes/Notary/corda.jar!/reference.conf: 28
        "useSsl" : false
    },
    # /Users/estudiante/Documents/GitHub/bootcamp-cordapp/build/nodes/Notary/node.conf: 6
    "rpcUsers" : [],
    # reference.conf @ jar:file:/Users/estudiante/Documents/GitHub/bootcamp-cordapp/build/nodes/Notary/corda.jar!/reference.conf: 5
    "trustStorePassword" : "trustpass",
    # reference.conf @ jar:file:/Users/estudiante/Documents/GitHub/bootcamp-cordapp/build/nodes/Notary/corda.jar!/reference.conf: 18
    "useTestClock" : false,
    # reference.conf @ jar:file:/Users/estudiante/Documents/GitHub/bootcamp-cordapp/build/nodes/Notary/corda.jar!/reference.conf: 19
    "verifierType" : "InMemory"
}
 {}
[INFO ] 2019-02-22T18:50:55,404Z [main] internal.Node.logStartupInfo - Vendor: Corda Open Source {}
[INFO ] 2019-02-22T18:50:55,405Z [main] internal.Node.logStartupInfo - Release: corda-3.0 {}
[INFO ] 2019-02-22T18:50:55,405Z [main] internal.Node.logStartupInfo - Platform Version: 3 {}
[INFO ] 2019-02-22T18:50:55,405Z [main] internal.Node.logStartupInfo - Revision: d9d6684f114e1954fe7abe6b09e4456af7c1b079 {}
[INFO ] 2019-02-22T18:50:55,422Z [main] internal.Node.logStartupInfo - PID: 3323 {}
[INFO ] 2019-02-22T18:50:55,424Z [main] internal.Node.logStartupInfo - Main class: /Users/estudiante/Documents/GitHub/bootcamp-cordapp/build/nodes/.cache/apps/net.corda.node.Corda_corda-3.0/corda-node-corda-3.0.jar {}
[INFO ] 2019-02-22T18:50:55,424Z [main] internal.Node.logStartupInfo - CommandLine Args: -Xmx200m -XX:+UseG1GC -javaagent:/Users/estudiante/Documents/GitHub/bootcamp-cordapp/build/nodes/.cache/apps/net.corda.node.Corda_corda-3.0/quasar-core-0.7.9-jdk8.jar=x(antlr**;bftsmart**;ch**;co.paralleluniverse**;com.codahale**;com.esotericsoftware**;com.fasterxml**;com.google**;com.ibm**;com.intellij**;com.jcabi**;com.nhaarman**;com.opengamma**;com.typesafe**;com.zaxxer**;de.javakaffee**;groovy**;groovyjarjarantlr**;groovyjarjarasm**;io.atomix**;io.github**;io.netty**;jdk**;joptsimple**;junit**;kotlin**;net.bytebuddy**;net.i2p**;org.apache**;org.assertj**;org.bouncycastle**;org.codehaus**;org.crsh**;org.dom4j**;org.fusesource**;org.h2**;org.hamcrest**;org.hibernate**;org.jboss**;org.jcp**;org.joda**;org.junit**;org.mockito**;org.objectweb**;org.objenesis**;org.slf4j**;org.w3c**;org.xml**;org.yaml**;reflectasm**;rx**;org.jolokia**) -Dvisualvm.display.name=Corda -Djava.library.path=/Users/estudiante/Library/Java/Extensions:/Library/Java/Extensions:/Network/Library/Java/Extensions:/System/Library/Java/Extensions:/usr/lib/java:/Users/estudiante/Documents/GitHub/bootcamp-cordapp/build/nodes/.cache/apps/net.corda.node.Corda_corda-3.0 -Dcapsule.app=net.corda.node.Corda_corda-3.0 -Dcapsule.dir=/Users/estudiante/Documents/GitHub/bootcamp-cordapp/build/nodes/.cache/apps/net.corda.node.Corda_corda-3.0 -Dcapsule.jar=/Users/estudiante/Documents/GitHub/bootcamp-cordapp/build/nodes/Notary/corda.jar {}
[INFO ] 2019-02-22T18:50:55,425Z [main] internal.Node.logStartupInfo - Application Args: --just-generate-node-info {}
[INFO ] 2019-02-22T18:50:55,425Z [main] internal.Node.logStartupInfo - bootclasspath: /Library/Java/JavaVirtualMachines/jdk1.8.0_201.jdk/Contents/Home/jre/lib/resources.jar:/Library/Java/JavaVirtualMachines/jdk1.8.0_201.jdk/Contents/Home/jre/lib/rt.jar:/Library/Java/JavaVirtualMachines/jdk1.8.0_201.jdk/Contents/Home/jre/lib/sunrsasign.jar:/Library/Java/JavaVirtualMachines/jdk1.8.0_201.jdk/Contents/Home/jre/lib/jsse.jar:/Library/Java/JavaVirtualMachines/jdk1.8.0_201.jdk/Contents/Home/jre/lib/jce.jar:/Library/Java/JavaVirtualMachines/jdk1.8.0_201.jdk/Contents/Home/jre/lib/charsets.jar:/Library/Java/JavaVirtualMachines/jdk1.8.0_201.jdk/Contents/Home/jre/lib/jfr.jar:/Library/Java/JavaVirtualMachines/jdk1.8.0_201.jdk/Contents/Home/jre/classes {}
[INFO ] 2019-02-22T18:50:55,425Z [main] internal.Node.logStartupInfo - classpath: /Users/estudiante/Documents/GitHub/bootcamp-cordapp/build/nodes/Notary/corda.jar:/Users/estudiante/Documents/GitHub/bootcamp-cordapp/build/nodes/.cache/apps/net.corda.node.Corda_corda-3.0/corda-rpc-corda-3.0.jar:/Users/estudiante/Documents/GitHub/bootcamp-cordapp/build/nodes/.cache/apps/net.corda.node.Corda_corda-3.0/corda-node-api-corda-3.0.jar:/Users/estudiante/Documents/GitHub/bootcamp-cordapp/build/nodes/.cache/apps/net.corda.node.Corda_corda-3.0/corda-confidential-identities-corda-3.0.jar:/Users/estudiante/Documents/GitHub/bootcamp-cordapp/build/nodes/.cache/apps/net.corda.node.Corda_corda-3.0/cordform-common-3.0.9.jar:/Users/estudiante/Documents/GitHub/bootcamp-cordapp/build/nodes/.cache/apps/net.corda.node.Corda_corda-3.0/log4j-slf4j-impl-2.9.1.jar:/Users/estudiante/Documents/GitHub/bootcamp-cordapp/build/nodes/.cache/apps/net.corda.node.Corda_corda-3.0/log4j-web-2.9.1.jar:/Users/estudiante/Documents/GitHub/bootcamp-cordapp/build/nodes/.cache/apps/net.corda.node.Corda_corda-3.0/jul-to-slf4j-1.7.25.jar:/Users/estudiante/Documents/GitHub/bootcamp-cordapp/build/nodes/.cache/apps/net.corda.node.Corda_corda-3.0/corda-jackson-corda-3.0.jar:/Users/estudiante/Documents/GitHub/bootcamp-cordapp/build/nodes/.cache/apps/net.corda.node.Corda_corda-3.0/corda-core-corda-3.0.jar:/Users/estudiante/Documents/GitHub/bootcamp-cordapp/build/nodes/.cache/apps/net.corda.node.Corda_corda-3.0/kotlin-stdlib-jre8-1.1.60.jar:/Users/estudiante/Documents/GitHub/bootcamp-cordapp/build/nodes/.cache/apps/net.corda.node.Corda_corda-3.0/jackson-module-kotlin-2.9.2.jar:/Users/estudiante/Documents/GitHub/bootcamp-cordapp/build/nodes/.cache/apps/net.corda.node.Corda_corda-3.0/kotlin-reflect-1.1.60.jar:/Users/estudiante/Documents/GitHub/bootcamp-cordapp/build/nodes/.cache/apps/net.corda.node.Corda_corda-3.0/jimfs-1.1.jar:/Users/estudiante/Documents/GitHub/bootcamp-cordapp/build/nodes/.cache/apps/net.corda.node.Corda_corda-3.0/artemis-amqp-protocol-2.2.0.jar:/Users/estudiante/Documents/GitHub/bootcamp-cordapp/build/nodes/.cache/apps/net.corda.node.Corda_corda-3.0/artemis-server-2.2.0.jar:/Users/estudiante/Documents/GitHub/bootcamp-cordapp/build/nodes/.cache/apps/net.corda.node.Corda_corda-3.0/artemis-jdbc-store-2.2.0.jar:/Users/estudiante/Documents/GitHub/bootcamp-cordapp/build/nodes/.cache/apps/net.corda.node.Corda_corda-3.0/artemis-jms-client-2.2.0.jar:/Users/estudiante/Documents/GitHub/bootcamp-cordapp/build/nodes/.cache/apps/net.corda.node.Corda_corda-3.0/artemis-core-client-2.2.0.jar:/Users/estudiante/Documents/GitHub/bootcamp-cordapp/build/nodes/.cache/apps/net.corda.node.Corda_corda-3.0/artemis-journal-2.2.0.jar:/Users/estudiante/Documents/GitHub/bootcamp-cordapp/build/nodes/.cache/apps/net.corda.node.Corda_corda-3.0/artemis-commons-2.2.0.jar:/Users/estudiante/Documents/GitHub/bootcamp-cordapp/build/nodes/.cache/apps/net.corda.node.Corda_corda-3.0/guava-21.0.jar:/Users/estudiante/Documents/GitHub/bootcamp-cordapp/build/nodes/.cache/apps/net.corda.node.Corda_corda-3.0/jopt-simple-5.0.2.jar:/Users/estudiante/Documents/GitHub/bootcamp-cordapp/build/nodes/.cache/apps/net.corda.node.Corda_corda-3.0/commons-collections4-4.1.jar:/Users/estudiante/Documents/GitHub/bootcamp-cordapp/build/nodes/.cache/apps/net.corda.node.Corda_corda-3.0/shiro-core-1.4.0.jar:/Users/estudiante/Documents/GitHub/bootcamp-cordapp/build/nodes/.cache/apps/net.corda.node.Corda_corda-3.0/shiro-config-ogdl-1.4.0.jar:/Users/estudiante/Documents/GitHub/bootcamp-cordapp/build/nodes/.cache/apps/net.corda.node.Corda_corda-3.0/commons-beanutils-1.9.3.jar:/Users/estudiante/Documents/GitHub/bootcamp-cordapp/build/nodes/.cache/apps/net.corda.node.Corda_corda-3.0/jansi-1.14.jar:/Users/estudiante/Documents/GitHub/bootcamp-cordapp/build/nodes/.cache/apps/net.corda.node.Corda_corda-3.0/jcabi-manifests-1.1.jar:/Users/estudiante/Documents/GitHub/bootcamp-cordapp/build/nodes/.cache/apps/net.corda.node.Corda_corda-3.0/forms_rt-7.0.3.jar:/Users/estudiante/Documents/GitHub/bootcamp-cordapp/build/nodes/.cache/apps/net.corda.node.Corda_corda-3.0/json-20180130.jar:/Users/estudiante/Documents/GitHub/bootcamp-cordapp/build/nodes/.cache/apps/net.corda.node.Corda_corda-3.0/metrics-core-3.1.2.jar:/Users/estudiante/Documents/GitHub/bootcamp-cordapp/build/nodes/.cache/apps/net.corda.node.Corda_corda-3.0/config-1.3.1.jar:/Users/estudiante/Documents/GitHub/bootcamp-cordapp/build/nodes/.cache/apps/net.corda.node.Corda_corda-3.0/h2-1.4.194.jar:/Users/estudiante/Documents/GitHub/bootcamp-cordapp/build/nodes/.cache/apps/net.corda.node.Corda_corda-3.0/postgresql-42.1.4.jar:/Users/estudiante/Documents/GitHub/bootcamp-cordapp/build/nodes/.cache/apps/net.corda.node.Corda_corda-3.0/HikariCP-2.5.1.jar:/Users/estudiante/Documents/GitHub/bootcamp-cordapp/build/nodes/.cache/apps/net.corda.node.Corda_corda-3.0/hibernate-java8-5.2.6.Final.jar:/Users/estudiante/Documents/GitHub/bootcamp-cordapp/build/nodes/.cache/apps/net.corda.node.Corda_corda-3.0/hibernate-core-5.2.6.Final.jar:/Users/estudiante/Documents/GitHub/bootcamp-cordapp/build/nodes/.cache/apps/net.corda.node.Corda_corda-3.0/copycat-client-1.2.3.jar:/Users/estudiante/Documents/GitHub/bootcamp-cordapp/build/nodes/.cache/apps/net.corda.node.Corda_corda-3.0/copycat-server-1.2.3.jar:/Users/estudiante/Documents/GitHub/bootcamp-cordapp/build/nodes/.cache/apps/net.corda.node.Corda_corda-3.0/catalyst-netty-1.1.2.jar:/Users/estudiante/Documents/GitHub/bootcamp-cordapp/build/nodes/.cache/apps/net.corda.node.Corda_corda-3.0/netty-all-4.1.9.Final.jar:/Users/estudiante/Documents/GitHub/bootcamp-cordapp/build/nodes/.cache/apps/net.corda.node.Corda_corda-3.0/crash.connectors.ssh-cadb53544fbb3c0fb901445da614998a6a419488.jar:/Users/estudiante/Documents/GitHub/bootcamp-cordapp/build/nodes/.cache/apps/net.corda.node.Corda_corda-3.0/crash.shell-cadb53544fbb3c0fb901445da614998a6a419488.jar:/Users/estudiante/Documents/GitHub/bootcamp-cordapp/build/nodes/.cache/apps/net.corda.node.Corda_corda-3.0/okhttp-3.5.0.jar:/Users/estudiante/Documents/GitHub/bootcamp-cordapp/build/nodes/.cache/apps/net.corda.node.Corda_corda-3.0/commons-codec-1.10.jar:/Users/estudiante/Documents/GitHub/bootcamp-cordapp/build/nodes/.cache/apps/net.corda.node.Corda_corda-3.0/library-master-v1.1-beta-g6215ec8-87.jar:/Users/estudiante/Documents/GitHub/bootcamp-cordapp/build/nodes/.cache/apps/net.corda.node.Corda_corda-3.0/jolokia-jvm-1.3.7-agent.jar:/Users/estudiante/Documents/GitHub/bootcamp-cordapp/build/nodes/.cache/apps/net.corda.node.Corda_corda-3.0/quasar-core-0.7.9-jdk8.jar:/Users/estudiante/Documents/GitHub/bootcamp-cordapp/build/nodes/.cache/apps/net.corda.node.Corda_corda-3.0/commons-fileupload-1.3.3.jar:/Users/estudiante/Documents/GitHub/bootcamp-cordapp/build/nodes/.cache/apps/net.corda.node.Corda_corda-3.0/kryo-serializers-0.41.jar:/Users/estudiante/Documents/GitHub/bootcamp-cordapp/build/nodes/.cache/apps/net.corda.node.Corda_corda-3.0/kryo-4.0.0.jar:/Users/estudiante/Documents/GitHub/bootcamp-cordapp/build/nodes/.cache/apps/net.corda.node.Corda_corda-3.0/proton-j-0.21.0.jar:/Users/estudiante/Documents/GitHub/bootcamp-cordapp/build/nodes/.cache/apps/net.corda.node.Corda_corda-3.0/fast-classpath-scanner-2.0.21.jar:/Users/estudiante/Documents/GitHub/bootcamp-cordapp/build/nodes/.cache/apps/net.corda.node.Corda_corda-3.0/jsr305-3.0.2.jar:/Users/estudiante/Documents/GitHub/bootcamp-cordapp/build/nodes/.cache/apps/net.corda.node.Corda_corda-3.0/jcabi-log-0.14.jar:/Users/estudiante/Documents/GitHub/bootcamp-cordapp/build/nodes/.cache/apps/net.corda.node.Corda_corda-3.0/copycat-protocol-1.2.3.jar:/Users/estudiante/Documents/GitHub/bootcamp-cordapp/build/nodes/.cache/apps/net.corda.node.Corda_corda-3.0/catalyst-transport-1.1.2.jar:/Users/estudiante/Documents/GitHub/bootcamp-cordapp/build/nodes/.cache/apps/net.corda.node.Corda_corda-3.0/mina-core-2.0.16.jar:/Users/estudiante/Documents/GitHub/bootcamp-cordapp/build/nodes/.cache/apps/net.corda.node.Corda_corda-3.0/shiro-cache-1.4.0.jar:/Users/estudiante/Documents/GitHub/bootcamp-cordapp/build/nodes/.cache/apps/net.corda.node.Corda_corda-3.0/shiro-crypto-hash-1.4.0.jar:/Users/estudiante/Documents/GitHub/bootcamp-cordapp/build/nodes/.cache/apps/net.corda.node.Corda_corda-3.0/shiro-crypto-cipher-1.4.0.jar:/Users/estudiante/Documents/GitHub/bootcamp-cordapp/build/nodes/.cache/apps/net.corda.node.Corda_corda-3.0/shiro-config-core-1.4.0.jar:/Users/estudiante/Documents/GitHub/bootcamp-cordapp/build/nodes/.cache/apps/net.corda.node.Corda_corda-3.0/shiro-event-1.4.0.jar:/Users/estudiante/Documents/GitHub/bootcamp-cordapp/build/nodes/.cache/apps/net.corda.node.Corda_corda-3.0/shiro-crypto-core-1.4.0.jar:/Users/estudiante/Documents/GitHub/bootcamp-cordapp/build/nodes/.cache/apps/net.corda.node.Corda_corda-3.0/shiro-lang-1.4.0.jar:/Users/estudiante/Documents/GitHub/bootcamp-cordapp/build/nodes/.cache/apps/net.corda.node.Corda_corda-3.0/jcl-over-slf4j-1.7.25.jar:/Users/estudiante/Documents/GitHub/bootcamp-cordapp/build/nodes/.cache/apps/net.corda.node.Corda_corda-3.0/catalyst-concurrent-1.1.2.jar:/Users/estudiante/Documents/GitHub/bootcamp-cordapp/build/nodes/.cache/apps/net.corda.node.Corda_corda-3.0/catalyst-serializer-1.1.2.jar:/Users/estudiante/Documents/GitHub/bootcamp-cordapp/build/nodes/.cache/apps/net.corda.node.Corda_corda-3.0/catalyst-buffer-1.1.2.jar:/Users/estudiante/Documents/GitHub/bootcamp-cordapp/build/nodes/.cache/apps/net.corda.node.Corda_corda-3.0/catalyst-common-1.1.2.jar:/Users/estudiante/Documents/GitHub/bootcamp-cordapp/build/nodes/.cache/apps/net.corda.node.Corda_corda-3.0/sshd-pam-0.11.0.jar:/Users/estudiante/Documents/GitHub/bootcamp-cordapp/build/nodes/.cache/apps/net.corda.node.Corda_corda-3.0/sshd-core-1.6.0.jar:/Users/estudiante/Documents/GitHub/bootcamp-cordapp/build/nodes/.cache/apps/net.corda.node.Corda_corda-3.0/slf4j-api-1.7.25.jar:/Users/estudiante/Documents/GitHub/bootcamp-cordapp/build/nodes/.cache/apps/net.corda.node.Corda_corda-3.0/log4j-core-2.9.1.jar:/Users/estudiante/Documents/GitHub/bootcamp-cordapp/build/nodes/.cache/apps/net.corda.node.Corda_corda-3.0/log4j-api-2.9.1.jar:/Users/estudiante/Documents/GitHub/bootcamp-cordapp/build/nodes/.cache/apps/net.corda.node.Corda_corda-3.0/kotlin-stdlib-jre7-1.1.60.jar:/Users/estudiante/Documents/GitHub/bootcamp-cordapp/build/nodes/.cache/apps/net.corda.node.Corda_corda-3.0/kotlin-stdlib-1.1.60.jar:/Users/estudiante/Documents/GitHub/bootcamp-cordapp/build/nodes/.cache/apps/net.corda.node.Corda_corda-3.0/commons-collections-3.2.2.jar:/Users/estudiante/Documents/GitHub/bootcamp-cordapp/build/nodes/.cache/apps/net.corda.node.Corda_corda-3.0/hibernate-commons-annotations-5.0.1.Final.jar:/Users/estudiante/Documents/GitHub/bootcamp-cordapp/build/nodes/.cache/apps/net.corda.node.Corda_corda-3.0/artemis-native-2.2.0.jar:/Users/estudiante/Documents/GitHub/bootcamp-cordapp/build/nodes/.cache/apps/net.corda.node.Corda_corda-3.0/jboss-logging-3.3.0.Final.jar:/Users/estudiante/Documents/GitHub/bootcamp-cordapp/build/nodes/.cache/apps/net.corda.node.Corda_corda-3.0/artemis-selector-2.2.0.jar:/Users/estudiante/Documents/GitHub/bootcamp-cordapp/build/nodes/.cache/apps/net.corda.node.Corda_corda-3.0/jgroups-3.6.13.Final.jar:/Users/estudiante/Documents/GitHub/bootcamp-cordapp/build/nodes/.cache/apps/net.corda.node.Corda_corda-3.0/geronimo-json_1.0_spec-1.0-alpha-1.jar:/Users/estudiante/Documents/GitHub/bootcamp-cordapp/build/nodes/.cache/apps/net.corda.node.Corda_corda-3.0/johnzon-core-0.9.5.jar:/Users/estudiante/Documents/GitHub/bootcamp-cordapp/build/nodes/.cache/apps/net.corda.node.Corda_corda-3.0/forms-1.1-preview.jar:/Users/estudiante/Documents/GitHub/bootcamp-cordapp/build/nodes/.cache/apps/net.corda.node.Corda_corda-3.0/jdom-1.0.jar:/Users/estudiante/Documents/GitHub/bootcamp-cordapp/build/nodes/.cache/apps/net.corda.node.Corda_corda-3.0/jackson-dataformat-yaml-2.9.2.jar:/Users/estudiante/Documents/GitHub/bootcamp-cordapp/build/nodes/.cache/apps/net.corda.node.Corda_corda-3.0/jackson-datatype-jsr310-2.9.2.jar:/Users/estudiante/Documents/GitHub/bootcamp-cordapp/build/nodes/.cache/apps/net.corda.node.Corda_corda-3.0/hibernate-jpa-2.1-api-1.0.0.Final.jar:/Users/estudiante/Documents/GitHub/bootcamp-cordapp/build/nodes/.cache/apps/net.corda.node.Corda_corda-3.0/javassist-3.20.0-GA.jar:/Users/estudiante/Documents/GitHub/bootcamp-cordapp/build/nodes/.cache/apps/net.corda.node.Corda_corda-3.0/antlr-2.7.7.jar:/Users/estudiante/Documents/GitHub/bootcamp-cordapp/build/nodes/.cache/apps/net.corda.node.Corda_corda-3.0/geronimo-jta_1.1_spec-1.1.1.jar:/Users/estudiante/Documents/GitHub/bootcamp-cordapp/build/nodes/.cache/apps/net.corda.node.Corda_corda-3.0/jandex-2.0.3.Final.jar:/Users/estudiante/Documents/GitHub/bootcamp-cordapp/build/nodes/.cache/apps/net.corda.node.Corda_corda-3.0/classmate-1.3.0.jar:/Users/estudiante/Documents/GitHub/bootcamp-cordapp/build/nodes/.cache/apps/net.corda.node.Corda_corda-3.0/dom4j-1.6.1.jar:/Users/estudiante/Documents/GitHub/bootcamp-cordapp/build/nodes/.cache/apps/net.corda.node.Corda_corda-3.0/cdi-api-1.1.jar:/Users/estudiante/Documents/GitHub/bootcamp-cordapp/build/nodes/.cache/apps/net.corda.node.Corda_corda-3.0/crash.cli-cadb53544fbb3c0fb901445da614998a6a419488.jar:/Users/estudiante/Documents/GitHub/bootcamp-cordapp/build/nodes/.cache/apps/net.corda.node.Corda_corda-3.0/groovy-all-1.8.9.jar:/Users/estudiante/Documents/GitHub/bootcamp-cordapp/build/nodes/.cache/apps/net.corda.node.Corda_corda-3.0/okio-1.11.0.jar:/Users/estudiante/Documents/GitHub/bootcamp-cordapp/build/nodes/.cache/apps/net.corda.node.Corda_corda-3.0/jolokia-core-1.3.7.jar:/Users/estudiante/Documents/GitHub/bootcamp-cordapp/build/nodes/.cache/apps/net.corda.node.Corda_corda-3.0/json-simple-1.1.1.jar:/Users/estudiante/Documents/GitHub/bootcamp-cordapp/build/nodes/.cache/apps/net.corda.node.Corda_corda-3.0/rxjava-1.2.4.jar:/Users/estudiante/Documents/GitHub/bootcamp-cordapp/build/nodes/.cache/apps/net.corda.node.Corda_corda-3.0/commons-jexl3-3.0.jar:/Users/estudiante/Documents/GitHub/bootcamp-cordapp/build/nodes/.cache/apps/net.corda.node.Corda_corda-3.0/jackson-databind-2.9.2.jar:/Users/estudiante/Documents/GitHub/bootcamp-cordapp/build/nodes/.cache/apps/net.corda.node.Corda_corda-3.0/eddsa-0.2.0.jar:/Users/estudiante/Documents/GitHub/bootcamp-cordapp/build/nodes/.cache/apps/net.corda.node.Corda_corda-3.0/bcpkix-jdk15on-1.57.jar:/Users/estudiante/Documents/GitHub/bootcamp-cordapp/build/nodes/.cache/apps/net.corda.node.Corda_corda-3.0/bcprov-jdk15on-1.57.jar:/Users/estudiante/Documents/GitHub/bootcamp-cordapp/build/nodes/.cache/apps/net.corda.node.Corda_corda-3.0/commons-io-2.2.jar:/Users/estudiante/Documents/GitHub/bootcamp-cordapp/build/nodes/.cache/apps/net.corda.node.Corda_corda-3.0/reflectasm-1.11.3.jar:/Users/estudiante/Documents/GitHub/bootcamp-cordapp/build/nodes/.cache/apps/net.corda.node.Corda_corda-3.0/minlog-1.3.0.jar:/Users/estudiante/Documents/GitHub/bootcamp-cordapp/build/nodes/.cache/apps/net.corda.node.Corda_corda-3.0/objenesis-2.2.jar:/Users/estudiante/Documents/GitHub/bootcamp-cordapp/build/nodes/.cache/apps/net.corda.node.Corda_corda-3.0/annotations-13.0.jar:/Users/estudiante/Documents/GitHub/bootcamp-cordapp/build/nodes/.cache/apps/net.corda.node.Corda_corda-3.0/jackson-annotations-2.9.0.jar:/Users/estudiante/Documents/GitHub/bootcamp-cordapp/build/nodes/.cache/apps/net.corda.node.Corda_corda-3.0/snakeyaml-1.18.jar:/Users/estudiante/Documents/GitHub/bootcamp-cordapp/build/nodes/.cache/apps/net.corda.node.Corda_corda-3.0/jackson-core-2.9.2.jar:/Users/estudiante/Documents/GitHub/bootcamp-cordapp/build/nodes/.cache/apps/net.corda.node.Corda_corda-3.0/el-api-2.2.jar:/Users/estudiante/Documents/GitHub/bootcamp-cordapp/build/nodes/.cache/apps/net.corda.node.Corda_corda-3.0/jboss-interceptors-api_1.1_spec-1.0.0.Beta1.jar:/Users/estudiante/Documents/GitHub/bootcamp-cordapp/build/nodes/.cache/apps/net.corda.node.Corda_corda-3.0/jsr250-api-1.0.jar:/Users/estudiante/Documents/GitHub/bootcamp-cordapp/build/nodes/.cache/apps/net.corda.node.Corda_corda-3.0/javax.inject-1.jar:/Users/estudiante/Documents/GitHub/bootcamp-cordapp/build/nodes/.cache/apps/net.corda.node.Corda_corda-3.0/jpam-1.1.jar:/Users/estudiante/Documents/GitHub/bootcamp-cordapp/build/nodes/.cache/apps/net.corda.node.Corda_corda-3.0/geronimo-jms_2.0_spec-1.0-alpha-2.jar:/Users/estudiante/Documents/GitHub/bootcamp-cordapp/build/nodes/.cache/apps/net.corda.node.Corda_corda-3.0/asm-5.0.4.jar:/Users/estudiante/Documents/GitHub/bootcamp-cordapp/build/nodes/.cache/apps/net.corda.node.Corda_corda-3.0/corda-node-corda-3.0.jar:/Users/estudiante/Documents/GitHub/bootcamp-cordapp/build/nodes/.cache/apps/net.corda.node.Corda_corda-3.0/quasar-core-0.7.9-jdk8.jar {}
[INFO ] 2019-02-22T18:50:55,426Z [main] internal.Node.logStartupInfo - VM Java HotSpot(TM) 64-Bit Server VM Oracle Corporation 25.201-b09 {}
[INFO ] 2019-02-22T18:50:55,427Z [main] internal.Node.logStartupInfo - Machine: Estudiante10.local {}
[INFO ] 2019-02-22T18:50:55,427Z [main] internal.Node.logStartupInfo - Working Directory: /Users/estudiante/Documents/GitHub/bootcamp-cordapp/build/nodes/Notary {}
[INFO ] 2019-02-22T18:50:55,427Z [main] internal.Node.logStartupInfo - Starting as node on localhost:10002 {}
[INFO ] 2019-02-22T18:50:55,754Z [main] cordapp.CordappLoader.<init> - No CorDapp paths provided {}
[INFO ] 2019-02-22T18:50:56,351Z [main] internal.Node.generateAndSaveNodeInfo - Generating nodeInfo ... {}
[WARN ] 2019-02-22T18:50:56,352Z [main] internal.Node.initCertificate - Corda node is running in dev mode. {}
[INFO ] 2019-02-22T18:50:58,409Z [main] internal.Node.obtainIdentity - identity-private-key not found in key store /Users/estudiante/Documents/GitHub/bootcamp-cordapp/build/nodes/Notary/certificates/nodekeystore.jks, generating fresh key! {}
[INFO ] 2019-02-22T18:50:59,324Z [main] BasicInfo.printBasicNodeInfo - Database connection url is              : jdbc:h2:tcp://172.19.19.69:58767/node {}
[INFO ] 2019-02-22T18:50:59,602Z [main] hikari.HikariDataSource.<init> - HikariPool-1 - Started. {}
[INFO ] 2019-02-22T18:50:59,955Z [main] internal.Node.invoke - Connected to H2 database. {}
[INFO ] 2019-02-22T18:51:00,114Z [main] persistence.HibernateConfiguration.<init> - Init HibernateConfiguration for schemas: [CommonSchemaV1(name=net.corda.core.schemas.CommonSchema, version=1), VaultSchemaV1(name=net.corda.node.services.vault.VaultSchema, version=1), NodeInfoSchemaV1(name=net.corda.node.internal.schemas.NodeInfoSchema, version=1), NodeCoreV1(name=net.corda.node.services.schema.NodeSchemaService$NodeCore, version=1)] {}
[INFO ] 2019-02-22T18:51:00,115Z [main] persistence.HibernateConfiguration.makeSessionFactoryForSchemas - Creating session factory for schemas: [CommonSchemaV1(name=net.corda.core.schemas.CommonSchema, version=1), VaultSchemaV1(name=net.corda.node.services.vault.VaultSchema, version=1), NodeInfoSchemaV1(name=net.corda.node.internal.schemas.NodeInfoSchema, version=1), NodeCoreV1(name=net.corda.node.services.schema.NodeSchemaService$NodeCore, version=1)] {}
[INFO ] 2019-02-22T18:51:00,429Z [main] hibernate.Version.logVersion - HHH000412: Hibernate Core {5.2.6.Final} {}
[INFO ] 2019-02-22T18:51:00,432Z [main] cfg.Environment.<clinit> - HHH000206: hibernate.properties not found {}
[INFO ] 2019-02-22T18:51:00,564Z [main] common.Version.<clinit> - HCANN000001: Hibernate Commons Annotations {5.0.1.Final} {}
[INFO ] 2019-02-22T18:51:00,836Z [main] internal.ConnectionProviderInitiator.initiateService - HHH000130: Instantiating explicit connection provider: net.corda.nodeapi.internal.persistence.HibernateConfiguration$NodeDatabaseConnectionProvider {}
[INFO ] 2019-02-22T18:51:00,886Z [main] dialect.Dialect.<init> - HHH000400: Using dialect: org.hibernate.dialect.H2Dialect {}
[INFO ] 2019-02-22T18:51:01,074Z [main] type.BasicTypeRegistry.register - HHH000270: Type registration [materialized_blob] overrides previous : org.hibernate.type.MaterializedBlobType@3b95a6db {}
[INFO ] 2019-02-22T18:51:03,282Z [main] connections.access.getIsolatedConnection - HHH10001501: Connection obtained from JdbcConnectionAccess [org.hibernate.engine.jdbc.env.internal.JdbcEnvironmentInitiator$ConnectionProviderJdbcConnectionAccess@2dfa02c1] for (non-JTA) DDL execution was not in auto-commit mode; the Connection 'local transaction' will be committed and the Connection will be set into auto-commit mode. {}
[INFO ] 2019-02-22T18:51:03,526Z [main] persistence.HibernateConfiguration.makeSessionFactoryForSchemas - Created session factory for schemas: [CommonSchemaV1(name=net.corda.core.schemas.CommonSchema, version=1), VaultSchemaV1(name=net.corda.node.services.vault.VaultSchema, version=1), NodeInfoSchemaV1(name=net.corda.node.internal.schemas.NodeInfoSchema, version=1), NodeCoreV1(name=net.corda.node.services.schema.NodeSchemaService$NodeCore, version=1)] {}
[INFO ] 2019-02-22T18:51:04,057Z [main] internal.QueryTranslatorFactoryInitiator.initiateService - HHH000397: Using ASTQueryTranslatorFactory {}
[INFO ] 2019-02-22T18:51:05,694Z [main] internal.Node.run - Node exiting successfully {}
[INFO ] 2019-02-22T18:52:20,028Z [main] manifests.Manifests.info - 111 attributes loaded from 127 stream(s) in 659ms, 111 saved, 1985 ignored: ["ActiveMQ-Version", "Agent-Class", "Ant-Version", "Application-Class", "Application-Library-Allowable-Codebase", "Application-Name", "Application-Version", "Archiver-Version", "Automatic-Module-Name", "Bnd-LastModified", "Branch", "Build-Date", "Build-Host", "Build-Id", "Build-Java-Version", "Build-Jdk", "Build-Job", "Build-Number", "Build-Timestamp", "Built-By", "Built-OS", "Built-Status", "Bundle-Activator", "Bundle-Category", "Bundle-ClassPath", "Bundle-Copyright", "Bundle-Description", "Bundle-DocURL", "Bundle-License", "Bundle-ManifestVersion", "Bundle-Name", "Bundle-RequiredExecutionEnvironment", "Bundle-SymbolicName", "Bundle-Vendor", "Bundle-Version", "Caller-Allowable-Codebase", "Can-Redefine-Classes", "Can-Retransform-Classes", "Can-Set-Native-Method-Prefix", "Caplets", "Change", "Codebase", "Corda-Platform-Version", "Corda-Release-Version", "Corda-Revision", "Corda-Vendor", "Created-By", "DynamicImport-Package", "Eclipse-BuddyPolicy", "Eclipse-LazyStart", "Export-Package", "Extension-Name", "Fragment-Host", "Gradle-Version", "Ignore-Package", "Implementation-Build", "Implementation-Build-Date", "Implementation-Title", "Implementation-URL", "Implementation-Url", "Implementation-Vendor", "Implementation-Vendor-Id", "Implementation-Version", "Import-Package", "Include-Resource", "JCabi-Build", "JCabi-Date", "JCabi-Version", "JVM-Args", "Java-Agents", "Java-Vendor", "Java-Version", "Kotlin-Runtime-Component", "Kotlin-Version", "Log4jReleaseKey", "Log4jReleaseManager", "Log4jReleaseVersion", "Main-Class", "Main-class", "Manifest-Version", "Min-Java-Version", "Min-Update-Version", "Module-Email", "Module-Origin", "Module-Owner", "Module-Source", "Multi-Release", "Originally-Created-By", "Os-Arch", "Os-Name", "Os-Version", "Package", "Permissions", "Premain-Class", "Private-Package", "Provide-Capability", "Require-Capability", "SCM-Revision", "SCM-url", "Scm-Connection", "Scm-Revision", "Scm-Url", "Service-Component", "Specification-Title", "Specification-Vendor", "Specification-Version", "System-Properties", "Tool", "Trusted-Library", "X-Compile-Source-JDK", "X-Compile-Target-JDK"] {}
[INFO ] 2019-02-22T18:52:20,343Z [main] BasicInfo.printBasicNodeInfo - Logs can be found in                    : /Users/estudiante/Documents/GitHub/bootcamp-cordapp/build/nodes/Notary/logs {}
[INFO ] 2019-02-22T18:52:20,406Z [main] config.ConfigHelper.loadConfig - Config:
{
    # reference.conf @ jar:file:/Users/estudiante/Documents/GitHub/bootcamp-cordapp/build/nodes/Notary/corda.jar!/reference.conf: 20
    "activeMQServer" : {
        # reference.conf @ jar:file:/Users/estudiante/Documents/GitHub/bootcamp-cordapp/build/nodes/Notary/corda.jar!/reference.conf: 21
        "bridge" : {
            # reference.conf @ jar:file:/Users/estudiante/Documents/GitHub/bootcamp-cordapp/build/nodes/Notary/corda.jar!/reference.conf: 24
            "maxRetryIntervalMin" : 3,
            # reference.conf @ jar:file:/Users/estudiante/Documents/GitHub/bootcamp-cordapp/build/nodes/Notary/corda.jar!/reference.conf: 22
            "retryIntervalMs" : 5000,
            # reference.conf @ jar:file:/Users/estudiante/Documents/GitHub/bootcamp-cordapp/build/nodes/Notary/corda.jar!/reference.conf: 23
            "retryIntervalMultiplier" : 1.5
        }
    },
    # hardcoded value
    "baseDirectory" : "/Users/estudiante/Documents/GitHub/bootcamp-cordapp/build/nodes/Notary",
    # merge of reference.conf @ jar:file:/Users/estudiante/Documents/GitHub/bootcamp-cordapp/build/nodes/Notary/corda.jar!/reference.conf: 6,reference.conf @ jar:file:/Users/estudiante/.capsule/apps/net.corda.node.Corda_corda-3.0/corda-node-corda-3.0.jar!/reference.conf: 6
    "dataSourceProperties" : {
        # reference.conf @ jar:file:/Users/estudiante/Documents/GitHub/bootcamp-cordapp/build/nodes/Notary/corda.jar!/reference.conf: 10
        "dataSource.password" : "",
        # merge of reference.conf @ jar:file:/Users/estudiante/Documents/GitHub/bootcamp-cordapp/build/nodes/Notary/corda.jar!/reference.conf: 8,hardcoded value,reference.conf @ jar:file:/Users/estudiante/Documents/GitHub/bootcamp-cordapp/build/nodes/Notary/corda.jar!/reference.conf: 8,reference.conf @ jar:file:/Users/estudiante/Documents/GitHub/bootcamp-cordapp/build/nodes/Notary/corda.jar!/reference.conf: 17
        "dataSource.url" : "jdbc:h2:file:/Users/estudiante/Documents/GitHub/bootcamp-cordapp/build/nodes/Notary/persistence;DB_CLOSE_ON_EXIT=FALSE;LOCK_TIMEOUT=10000;WRITE_DELAY=100;AUTO_SERVER_PORT=0",
        # reference.conf @ jar:file:/Users/estudiante/Documents/GitHub/bootcamp-cordapp/build/nodes/Notary/corda.jar!/reference.conf: 9
        "dataSource.user" : "sa",
        # reference.conf @ jar:file:/Users/estudiante/Documents/GitHub/bootcamp-cordapp/build/nodes/Notary/corda.jar!/reference.conf: 7
        "dataSourceClassName" : "org.h2.jdbcx.JdbcDataSource"
    },
    # reference.conf @ jar:file:/Users/estudiante/Documents/GitHub/bootcamp-cordapp/build/nodes/Notary/corda.jar!/reference.conf: 12
    "database" : {
        # reference.conf @ jar:file:/Users/estudiante/Documents/GitHub/bootcamp-cordapp/build/nodes/Notary/corda.jar!/reference.conf: 14
        "exportHibernateJMXStatistics" : "false",
        # reference.conf @ jar:file:/Users/estudiante/Documents/GitHub/bootcamp-cordapp/build/nodes/Notary/corda.jar!/reference.conf: 13
        "transactionIsolationLevel" : "REPEATABLE_READ"
    },
    # reference.conf @ jar:file:/Users/estudiante/Documents/GitHub/bootcamp-cordapp/build/nodes/Notary/corda.jar!/reference.conf: 16
    "devMode" : true,
    # reference.conf @ jar:file:/Users/estudiante/Documents/GitHub/bootcamp-cordapp/build/nodes/Notary/corda.jar!/reference.conf: 2
    "emailAddress" : "admin@company.com",
    # reference.conf @ jar:file:/Users/estudiante/Documents/GitHub/bootcamp-cordapp/build/nodes/Notary/corda.jar!/reference.conf: 3
    "exportJMXto" : "http",
    # reference.conf @ jar:file:/Users/estudiante/Documents/GitHub/bootcamp-cordapp/build/nodes/Notary/corda.jar!/reference.conf: 17
    "h2port" : 0,
    # reference.conf @ jar:file:/Users/estudiante/Documents/GitHub/bootcamp-cordapp/build/nodes/Notary/corda.jar!/reference.conf: 4
    "keyStorePassword" : "cordacadevpass",
    # /Users/estudiante/Documents/GitHub/bootcamp-cordapp/build/nodes/Notary/node.conf: 1
    "myLegalName" : "O=Notary,L=London,C=GB",
    # /Users/estudiante/Documents/GitHub/bootcamp-cordapp/build/nodes/Notary/node.conf: 2
    "notary" : {
        # /Users/estudiante/Documents/GitHub/bootcamp-cordapp/build/nodes/Notary/node.conf: 3
        "validating" : false
    },
    # /Users/estudiante/Documents/GitHub/bootcamp-cordapp/build/nodes/Notary/node.conf: 5
    "p2pAddress" : "localhost:10002",
    # reference.conf @ jar:file:/Users/estudiante/Documents/GitHub/bootcamp-cordapp/build/nodes/Notary/corda.jar!/reference.conf: 27
    "rpcSettings" : {
        # reference.conf @ jar:file:/Users/estudiante/Documents/GitHub/bootcamp-cordapp/build/nodes/Notary/corda.jar!/reference.conf: 29
        "standAloneBroker" : false,
        # reference.conf @ jar:file:/Users/estudiante/Documents/GitHub/bootcamp-cordapp/build/nodes/Notary/corda.jar!/reference.conf: 28
        "useSsl" : false
    },
    # /Users/estudiante/Documents/GitHub/bootcamp-cordapp/build/nodes/Notary/node.conf: 6
    "rpcUsers" : [],
    # reference.conf @ jar:file:/Users/estudiante/Documents/GitHub/bootcamp-cordapp/build/nodes/Notary/corda.jar!/reference.conf: 5
    "trustStorePassword" : "trustpass",
    # reference.conf @ jar:file:/Users/estudiante/Documents/GitHub/bootcamp-cordapp/build/nodes/Notary/corda.jar!/reference.conf: 18
    "useTestClock" : false,
    # reference.conf @ jar:file:/Users/estudiante/Documents/GitHub/bootcamp-cordapp/build/nodes/Notary/corda.jar!/reference.conf: 19
    "verifierType" : "InMemory"
}
 {}
[INFO ] 2019-02-22T18:52:21,091Z [main] internal.Node.logStartupInfo - Vendor: Corda Open Source {}
[INFO ] 2019-02-22T18:52:21,091Z [main] internal.Node.logStartupInfo - Release: corda-3.0 {}
[INFO ] 2019-02-22T18:52:21,091Z [main] internal.Node.logStartupInfo - Platform Version: 3 {}
[INFO ] 2019-02-22T18:52:21,092Z [main] internal.Node.logStartupInfo - Revision: d9d6684f114e1954fe7abe6b09e4456af7c1b079 {}
[INFO ] 2019-02-22T18:52:21,092Z [main] internal.Node.logStartupInfo - PID: 3444 {}
[INFO ] 2019-02-22T18:52:21,092Z [main] internal.Node.logStartupInfo - Main class: /Users/estudiante/.capsule/apps/net.corda.node.Corda_corda-3.0/corda-node-corda-3.0.jar {}
[INFO ] 2019-02-22T18:52:21,092Z [main] internal.Node.logStartupInfo - CommandLine Args: -Xmx200m -XX:+UseG1GC -agentlib:jdwp=transport=dt_socket,server=y,suspend=n,address=5005 -javaagent:drivers/jolokia-jvm-1.3.7-agent.jar=port=7005 -javaagent:/Users/estudiante/.capsule/apps/net.corda.node.Corda_corda-3.0/quasar-core-0.7.9-jdk8.jar=x(antlr**;bftsmart**;ch**;co.paralleluniverse**;com.codahale**;com.esotericsoftware**;com.fasterxml**;com.google**;com.ibm**;com.intellij**;com.jcabi**;com.nhaarman**;com.opengamma**;com.typesafe**;com.zaxxer**;de.javakaffee**;groovy**;groovyjarjarantlr**;groovyjarjarasm**;io.atomix**;io.github**;io.netty**;jdk**;joptsimple**;junit**;kotlin**;net.bytebuddy**;net.i2p**;org.apache**;org.assertj**;org.bouncycastle**;org.codehaus**;org.crsh**;org.dom4j**;org.fusesource**;org.h2**;org.hamcrest**;org.hibernate**;org.jboss**;org.jcp**;org.joda**;org.junit**;org.mockito**;org.objectweb**;org.objenesis**;org.slf4j**;org.w3c**;org.xml**;org.yaml**;reflectasm**;rx**;org.jolokia**) -Dvisualvm.display.name=Corda -Djava.library.path=/Users/estudiante/Library/Java/Extensions:/Library/Java/Extensions:/Network/Library/Java/Extensions:/System/Library/Java/Extensions:/usr/lib/java:/Users/estudiante/.capsule/apps/net.corda.node.Corda_corda-3.0 -Dcapsule.app=net.corda.node.Corda_corda-3.0 -Dname=Notary-corda.jar -Dcapsule.dir=/Users/estudiante/.capsule/apps/net.corda.node.Corda_corda-3.0 -Dcapsule.jar=/Users/estudiante/Documents/GitHub/bootcamp-cordapp/build/nodes/Notary/corda.jar {}
[INFO ] 2019-02-22T18:52:21,092Z [main] internal.Node.logStartupInfo - Application Args:  {}
[INFO ] 2019-02-22T18:52:21,092Z [main] internal.Node.logStartupInfo - bootclasspath: /Library/Java/JavaVirtualMachines/jdk1.8.0_201.jdk/Contents/Home/jre/lib/resources.jar:/Library/Java/JavaVirtualMachines/jdk1.8.0_201.jdk/Contents/Home/jre/lib/rt.jar:/Library/Java/JavaVirtualMachines/jdk1.8.0_201.jdk/Contents/Home/jre/lib/sunrsasign.jar:/Library/Java/JavaVirtualMachines/jdk1.8.0_201.jdk/Contents/Home/jre/lib/jsse.jar:/Library/Java/JavaVirtualMachines/jdk1.8.0_201.jdk/Contents/Home/jre/lib/jce.jar:/Library/Java/JavaVirtualMachines/jdk1.8.0_201.jdk/Contents/Home/jre/lib/charsets.jar:/Library/Java/JavaVirtualMachines/jdk1.8.0_201.jdk/Contents/Home/jre/lib/jfr.jar:/Library/Java/JavaVirtualMachines/jdk1.8.0_201.jdk/Contents/Home/jre/classes {}
[INFO ] 2019-02-22T18:52:21,093Z [main] internal.Node.logStartupInfo - classpath: /Users/estudiante/Documents/GitHub/bootcamp-cordapp/build/nodes/Notary/corda.jar:/Users/estudiante/.capsule/apps/net.corda.node.Corda_corda-3.0/corda-rpc-corda-3.0.jar:/Users/estudiante/.capsule/apps/net.corda.node.Corda_corda-3.0/corda-node-api-corda-3.0.jar:/Users/estudiante/.capsule/apps/net.corda.node.Corda_corda-3.0/corda-confidential-identities-corda-3.0.jar:/Users/estudiante/.capsule/apps/net.corda.node.Corda_corda-3.0/cordform-common-3.0.9.jar:/Users/estudiante/.capsule/apps/net.corda.node.Corda_corda-3.0/log4j-slf4j-impl-2.9.1.jar:/Users/estudiante/.capsule/apps/net.corda.node.Corda_corda-3.0/log4j-web-2.9.1.jar:/Users/estudiante/.capsule/apps/net.corda.node.Corda_corda-3.0/jul-to-slf4j-1.7.25.jar:/Users/estudiante/.capsule/apps/net.corda.node.Corda_corda-3.0/corda-jackson-corda-3.0.jar:/Users/estudiante/.capsule/apps/net.corda.node.Corda_corda-3.0/corda-core-corda-3.0.jar:/Users/estudiante/.capsule/apps/net.corda.node.Corda_corda-3.0/kotlin-stdlib-jre8-1.1.60.jar:/Users/estudiante/.capsule/apps/net.corda.node.Corda_corda-3.0/jackson-module-kotlin-2.9.2.jar:/Users/estudiante/.capsule/apps/net.corda.node.Corda_corda-3.0/kotlin-reflect-1.1.60.jar:/Users/estudiante/.capsule/apps/net.corda.node.Corda_corda-3.0/jimfs-1.1.jar:/Users/estudiante/.capsule/apps/net.corda.node.Corda_corda-3.0/artemis-amqp-protocol-2.2.0.jar:/Users/estudiante/.capsule/apps/net.corda.node.Corda_corda-3.0/artemis-server-2.2.0.jar:/Users/estudiante/.capsule/apps/net.corda.node.Corda_corda-3.0/artemis-jdbc-store-2.2.0.jar:/Users/estudiante/.capsule/apps/net.corda.node.Corda_corda-3.0/artemis-jms-client-2.2.0.jar:/Users/estudiante/.capsule/apps/net.corda.node.Corda_corda-3.0/artemis-core-client-2.2.0.jar:/Users/estudiante/.capsule/apps/net.corda.node.Corda_corda-3.0/artemis-journal-2.2.0.jar:/Users/estudiante/.capsule/apps/net.corda.node.Corda_corda-3.0/artemis-commons-2.2.0.jar:/Users/estudiante/.capsule/apps/net.corda.node.Corda_corda-3.0/guava-21.0.jar:/Users/estudiante/.capsule/apps/net.corda.node.Corda_corda-3.0/jopt-simple-5.0.2.jar:/Users/estudiante/.capsule/apps/net.corda.node.Corda_corda-3.0/commons-collections4-4.1.jar:/Users/estudiante/.capsule/apps/net.corda.node.Corda_corda-3.0/shiro-core-1.4.0.jar:/Users/estudiante/.capsule/apps/net.corda.node.Corda_corda-3.0/shiro-config-ogdl-1.4.0.jar:/Users/estudiante/.capsule/apps/net.corda.node.Corda_corda-3.0/commons-beanutils-1.9.3.jar:/Users/estudiante/.capsule/apps/net.corda.node.Corda_corda-3.0/jansi-1.14.jar:/Users/estudiante/.capsule/apps/net.corda.node.Corda_corda-3.0/jcabi-manifests-1.1.jar:/Users/estudiante/.capsule/apps/net.corda.node.Corda_corda-3.0/forms_rt-7.0.3.jar:/Users/estudiante/.capsule/apps/net.corda.node.Corda_corda-3.0/json-20180130.jar:/Users/estudiante/.capsule/apps/net.corda.node.Corda_corda-3.0/metrics-core-3.1.2.jar:/Users/estudiante/.capsule/apps/net.corda.node.Corda_corda-3.0/config-1.3.1.jar:/Users/estudiante/.capsule/apps/net.corda.node.Corda_corda-3.0/h2-1.4.194.jar:/Users/estudiante/.capsule/apps/net.corda.node.Corda_corda-3.0/postgresql-42.1.4.jar:/Users/estudiante/.capsule/apps/net.corda.node.Corda_corda-3.0/HikariCP-2.5.1.jar:/Users/estudiante/.capsule/apps/net.corda.node.Corda_corda-3.0/hibernate-java8-5.2.6.Final.jar:/Users/estudiante/.capsule/apps/net.corda.node.Corda_corda-3.0/hibernate-core-5.2.6.Final.jar:/Users/estudiante/.capsule/apps/net.corda.node.Corda_corda-3.0/copycat-client-1.2.3.jar:/Users/estudiante/.capsule/apps/net.corda.node.Corda_corda-3.0/copycat-server-1.2.3.jar:/Users/estudiante/.capsule/apps/net.corda.node.Corda_corda-3.0/catalyst-netty-1.1.2.jar:/Users/estudiante/.capsule/apps/net.corda.node.Corda_corda-3.0/netty-all-4.1.9.Final.jar:/Users/estudiante/.capsule/apps/net.corda.node.Corda_corda-3.0/crash.connectors.ssh-cadb53544fbb3c0fb901445da614998a6a419488.jar:/Users/estudiante/.capsule/apps/net.corda.node.Corda_corda-3.0/crash.shell-cadb53544fbb3c0fb901445da614998a6a419488.jar:/Users/estudiante/.capsule/apps/net.corda.node.Corda_corda-3.0/okhttp-3.5.0.jar:/Users/estudiante/.capsule/apps/net.corda.node.Corda_corda-3.0/commons-codec-1.10.jar:/Users/estudiante/.capsule/apps/net.corda.node.Corda_corda-3.0/library-master-v1.1-beta-g6215ec8-87.jar:/Users/estudiante/.capsule/apps/net.corda.node.Corda_corda-3.0/jolokia-jvm-1.3.7-agent.jar:/Users/estudiante/.capsule/apps/net.corda.node.Corda_corda-3.0/quasar-core-0.7.9-jdk8.jar:/Users/estudiante/.capsule/apps/net.corda.node.Corda_corda-3.0/commons-fileupload-1.3.3.jar:/Users/estudiante/.capsule/apps/net.corda.node.Corda_corda-3.0/kryo-serializers-0.41.jar:/Users/estudiante/.capsule/apps/net.corda.node.Corda_corda-3.0/kryo-4.0.0.jar:/Users/estudiante/.capsule/apps/net.corda.node.Corda_corda-3.0/proton-j-0.21.0.jar:/Users/estudiante/.capsule/apps/net.corda.node.Corda_corda-3.0/fast-classpath-scanner-2.0.21.jar:/Users/estudiante/.capsule/apps/net.corda.node.Corda_corda-3.0/jsr305-3.0.2.jar:/Users/estudiante/.capsule/apps/net.corda.node.Corda_corda-3.0/jcabi-log-0.14.jar:/Users/estudiante/.capsule/apps/net.corda.node.Corda_corda-3.0/copycat-protocol-1.2.3.jar:/Users/estudiante/.capsule/apps/net.corda.node.Corda_corda-3.0/catalyst-transport-1.1.2.jar:/Users/estudiante/.capsule/apps/net.corda.node.Corda_corda-3.0/mina-core-2.0.16.jar:/Users/estudiante/.capsule/apps/net.corda.node.Corda_corda-3.0/shiro-cache-1.4.0.jar:/Users/estudiante/.capsule/apps/net.corda.node.Corda_corda-3.0/shiro-crypto-hash-1.4.0.jar:/Users/estudiante/.capsule/apps/net.corda.node.Corda_corda-3.0/shiro-crypto-cipher-1.4.0.jar:/Users/estudiante/.capsule/apps/net.corda.node.Corda_corda-3.0/shiro-config-core-1.4.0.jar:/Users/estudiante/.capsule/apps/net.corda.node.Corda_corda-3.0/shiro-event-1.4.0.jar:/Users/estudiante/.capsule/apps/net.corda.node.Corda_corda-3.0/shiro-crypto-core-1.4.0.jar:/Users/estudiante/.capsule/apps/net.corda.node.Corda_corda-3.0/shiro-lang-1.4.0.jar:/Users/estudiante/.capsule/apps/net.corda.node.Corda_corda-3.0/jcl-over-slf4j-1.7.25.jar:/Users/estudiante/.capsule/apps/net.corda.node.Corda_corda-3.0/catalyst-concurrent-1.1.2.jar:/Users/estudiante/.capsule/apps/net.corda.node.Corda_corda-3.0/catalyst-serializer-1.1.2.jar:/Users/estudiante/.capsule/apps/net.corda.node.Corda_corda-3.0/catalyst-buffer-1.1.2.jar:/Users/estudiante/.capsule/apps/net.corda.node.Corda_corda-3.0/catalyst-common-1.1.2.jar:/Users/estudiante/.capsule/apps/net.corda.node.Corda_corda-3.0/sshd-pam-0.11.0.jar:/Users/estudiante/.capsule/apps/net.corda.node.Corda_corda-3.0/sshd-core-1.6.0.jar:/Users/estudiante/.capsule/apps/net.corda.node.Corda_corda-3.0/slf4j-api-1.7.25.jar:/Users/estudiante/.capsule/apps/net.corda.node.Corda_corda-3.0/log4j-core-2.9.1.jar:/Users/estudiante/.capsule/apps/net.corda.node.Corda_corda-3.0/log4j-api-2.9.1.jar:/Users/estudiante/.capsule/apps/net.corda.node.Corda_corda-3.0/kotlin-stdlib-jre7-1.1.60.jar:/Users/estudiante/.capsule/apps/net.corda.node.Corda_corda-3.0/kotlin-stdlib-1.1.60.jar:/Users/estudiante/.capsule/apps/net.corda.node.Corda_corda-3.0/commons-collections-3.2.2.jar:/Users/estudiante/.capsule/apps/net.corda.node.Corda_corda-3.0/hibernate-commons-annotations-5.0.1.Final.jar:/Users/estudiante/.capsule/apps/net.corda.node.Corda_corda-3.0/artemis-native-2.2.0.jar:/Users/estudiante/.capsule/apps/net.corda.node.Corda_corda-3.0/jboss-logging-3.3.0.Final.jar:/Users/estudiante/.capsule/apps/net.corda.node.Corda_corda-3.0/artemis-selector-2.2.0.jar:/Users/estudiante/.capsule/apps/net.corda.node.Corda_corda-3.0/jgroups-3.6.13.Final.jar:/Users/estudiante/.capsule/apps/net.corda.node.Corda_corda-3.0/geronimo-json_1.0_spec-1.0-alpha-1.jar:/Users/estudiante/.capsule/apps/net.corda.node.Corda_corda-3.0/johnzon-core-0.9.5.jar:/Users/estudiante/.capsule/apps/net.corda.node.Corda_corda-3.0/forms-1.1-preview.jar:/Users/estudiante/.capsule/apps/net.corda.node.Corda_corda-3.0/jdom-1.0.jar:/Users/estudiante/.capsule/apps/net.corda.node.Corda_corda-3.0/jackson-dataformat-yaml-2.9.2.jar:/Users/estudiante/.capsule/apps/net.corda.node.Corda_corda-3.0/jackson-datatype-jsr310-2.9.2.jar:/Users/estudiante/.capsule/apps/net.corda.node.Corda_corda-3.0/hibernate-jpa-2.1-api-1.0.0.Final.jar:/Users/estudiante/.capsule/apps/net.corda.node.Corda_corda-3.0/javassist-3.20.0-GA.jar:/Users/estudiante/.capsule/apps/net.corda.node.Corda_corda-3.0/antlr-2.7.7.jar:/Users/estudiante/.capsule/apps/net.corda.node.Corda_corda-3.0/geronimo-jta_1.1_spec-1.1.1.jar:/Users/estudiante/.capsule/apps/net.corda.node.Corda_corda-3.0/jandex-2.0.3.Final.jar:/Users/estudiante/.capsule/apps/net.corda.node.Corda_corda-3.0/classmate-1.3.0.jar:/Users/estudiante/.capsule/apps/net.corda.node.Corda_corda-3.0/dom4j-1.6.1.jar:/Users/estudiante/.capsule/apps/net.corda.node.Corda_corda-3.0/cdi-api-1.1.jar:/Users/estudiante/.capsule/apps/net.corda.node.Corda_corda-3.0/crash.cli-cadb53544fbb3c0fb901445da614998a6a419488.jar:/Users/estudiante/.capsule/apps/net.corda.node.Corda_corda-3.0/groovy-all-1.8.9.jar:/Users/estudiante/.capsule/apps/net.corda.node.Corda_corda-3.0/okio-1.11.0.jar:/Users/estudiante/.capsule/apps/net.corda.node.Corda_corda-3.0/jolokia-core-1.3.7.jar:/Users/estudiante/.capsule/apps/net.corda.node.Corda_corda-3.0/json-simple-1.1.1.jar:/Users/estudiante/.capsule/apps/net.corda.node.Corda_corda-3.0/rxjava-1.2.4.jar:/Users/estudiante/.capsule/apps/net.corda.node.Corda_corda-3.0/commons-jexl3-3.0.jar:/Users/estudiante/.capsule/apps/net.corda.node.Corda_corda-3.0/jackson-databind-2.9.2.jar:/Users/estudiante/.capsule/apps/net.corda.node.Corda_corda-3.0/eddsa-0.2.0.jar:/Users/estudiante/.capsule/apps/net.corda.node.Corda_corda-3.0/bcpkix-jdk15on-1.57.jar:/Users/estudiante/.capsule/apps/net.corda.node.Corda_corda-3.0/bcprov-jdk15on-1.57.jar:/Users/estudiante/.capsule/apps/net.corda.node.Corda_corda-3.0/commons-io-2.2.jar:/Users/estudiante/.capsule/apps/net.corda.node.Corda_corda-3.0/reflectasm-1.11.3.jar:/Users/estudiante/.capsule/apps/net.corda.node.Corda_corda-3.0/minlog-1.3.0.jar:/Users/estudiante/.capsule/apps/net.corda.node.Corda_corda-3.0/objenesis-2.2.jar:/Users/estudiante/.capsule/apps/net.corda.node.Corda_corda-3.0/annotations-13.0.jar:/Users/estudiante/.capsule/apps/net.corda.node.Corda_corda-3.0/jackson-annotations-2.9.0.jar:/Users/estudiante/.capsule/apps/net.corda.node.Corda_corda-3.0/snakeyaml-1.18.jar:/Users/estudiante/.capsule/apps/net.corda.node.Corda_corda-3.0/jackson-core-2.9.2.jar:/Users/estudiante/.capsule/apps/net.corda.node.Corda_corda-3.0/el-api-2.2.jar:/Users/estudiante/.capsule/apps/net.corda.node.Corda_corda-3.0/jboss-interceptors-api_1.1_spec-1.0.0.Beta1.jar:/Users/estudiante/.capsule/apps/net.corda.node.Corda_corda-3.0/jsr250-api-1.0.jar:/Users/estudiante/.capsule/apps/net.corda.node.Corda_corda-3.0/javax.inject-1.jar:/Users/estudiante/.capsule/apps/net.corda.node.Corda_corda-3.0/jpam-1.1.jar:/Users/estudiante/.capsule/apps/net.corda.node.Corda_corda-3.0/geronimo-jms_2.0_spec-1.0-alpha-2.jar:/Users/estudiante/.capsule/apps/net.corda.node.Corda_corda-3.0/asm-5.0.4.jar:/Users/estudiante/.capsule/apps/net.corda.node.Corda_corda-3.0/corda-node-corda-3.0.jar:/Users/estudiante/Documents/GitHub/bootcamp-cordapp/build/nodes/Notary/cordapps/bootcamp-cordapp.jar:drivers/jolokia-jvm-1.3.7-agent.jar:/Users/estudiante/.capsule/apps/net.corda.node.Corda_corda-3.0/quasar-core-0.7.9-jdk8.jar {}
[INFO ] 2019-02-22T18:52:21,093Z [main] internal.Node.logStartupInfo - VM Java HotSpot(TM) 64-Bit Server VM Oracle Corporation 25.201-b09 {}
[INFO ] 2019-02-22T18:52:21,094Z [main] internal.Node.logStartupInfo - Machine: Estudiante10.local {}
[INFO ] 2019-02-22T18:52:21,094Z [main] internal.Node.logStartupInfo - Working Directory: /Users/estudiante/Documents/GitHub/bootcamp-cordapp/build/nodes/Notary {}
[INFO ] 2019-02-22T18:52:21,094Z [main] internal.Node.logStartupInfo - Debug port: dt_socket:5005 {}
[INFO ] 2019-02-22T18:52:21,094Z [main] internal.Node.logStartupInfo - Starting as node on localhost:10002 {}
[INFO ] 2019-02-22T18:52:21,241Z [main] cordapp.CordappLoader.<init> - Loading CorDapps from file:/Users/estudiante/Documents/GitHub/bootcamp-cordapp/build/nodes/Notary/cordapps/bootcamp-cordapp.jar {}
[INFO ] 2019-02-22T18:52:21,330Z [main] cordapp.CordappLoader.scanCordapp - Scanning CorDapp in file:/Users/estudiante/Documents/GitHub/bootcamp-cordapp/build/nodes/Notary/cordapps/bootcamp-cordapp.jar {}
[INFO ] 2019-02-22T18:52:21,599Z [main] internal.Node.start - Node starting up ... {}
[WARN ] 2019-02-22T18:52:21,599Z [main] internal.Node.initCertificate - Corda node is running in dev mode. {}
[INFO ] 2019-02-22T18:52:22,894Z [main] internal.NetworkParametersReader.retrieveNetworkParameters - Loaded network parameters: NetworkParameters(minimumPlatformVersion=1, notaries=[NotaryInfo(identity=O=Notary, L=London, C=GB, validating=false)], maxMessageSize=10485760, maxTransactionSize=2147483647, modifiedTime=2019-02-22T18:51:09.519Z, epoch=1, whitelistedContractImplementations={}) {}
[INFO ] 2019-02-22T18:52:23,135Z [main] BasicInfo.printBasicNodeInfo - Database connection url is              : jdbc:h2:tcp://172.19.19.69:58788/node {}
[INFO ] 2019-02-22T18:52:23,211Z [main] hikari.HikariDataSource.<init> - HikariPool-1 - Started. {}
[INFO ] 2019-02-22T18:52:23,365Z [main] internal.Node.invoke - Connected to H2 database. {}
[INFO ] 2019-02-22T18:52:23,405Z [main] persistence.HibernateConfiguration.<init> - Init HibernateConfiguration for schemas: [CommonSchemaV1(name=net.corda.core.schemas.CommonSchema, version=1), VaultSchemaV1(name=net.corda.node.services.vault.VaultSchema, version=1), NodeInfoSchemaV1(name=net.corda.node.internal.schemas.NodeInfoSchema, version=1), NodeCoreV1(name=net.corda.node.services.schema.NodeSchemaService$NodeCore, version=1), NodeNotaryV1(name=net.corda.node.services.schema.NodeSchemaService$NodeNotary, version=1)] {}
[INFO ] 2019-02-22T18:52:23,406Z [main] persistence.HibernateConfiguration.makeSessionFactoryForSchemas - Creating session factory for schemas: [CommonSchemaV1(name=net.corda.core.schemas.CommonSchema, version=1), VaultSchemaV1(name=net.corda.node.services.vault.VaultSchema, version=1), NodeInfoSchemaV1(name=net.corda.node.internal.schemas.NodeInfoSchema, version=1), NodeCoreV1(name=net.corda.node.services.schema.NodeSchemaService$NodeCore, version=1), NodeNotaryV1(name=net.corda.node.services.schema.NodeSchemaService$NodeNotary, version=1)] {}
[INFO ] 2019-02-22T18:52:23,576Z [main] hibernate.Version.logVersion - HHH000412: Hibernate Core {5.2.6.Final} {}
[INFO ] 2019-02-22T18:52:23,578Z [main] cfg.Environment.<clinit> - HHH000206: hibernate.properties not found {}
[INFO ] 2019-02-22T18:52:23,634Z [main] common.Version.<clinit> - HCANN000001: Hibernate Commons Annotations {5.0.1.Final} {}
[INFO ] 2019-02-22T18:52:23,689Z [main] internal.ConnectionProviderInitiator.initiateService - HHH000130: Instantiating explicit connection provider: net.corda.nodeapi.internal.persistence.HibernateConfiguration$NodeDatabaseConnectionProvider {}
[INFO ] 2019-02-22T18:52:23,700Z [main] dialect.Dialect.<init> - HHH000400: Using dialect: org.hibernate.dialect.H2Dialect {}
[INFO ] 2019-02-22T18:52:23,894Z [main] type.BasicTypeRegistry.register - HHH000270: Type registration [materialized_blob] overrides previous : org.hibernate.type.MaterializedBlobType@5b5b53c6 {}
[INFO ] 2019-02-22T18:52:24,642Z [main] connections.access.getIsolatedConnection - HHH10001501: Connection obtained from JdbcConnectionAccess [org.hibernate.engine.jdbc.env.internal.JdbcEnvironmentInitiator$ConnectionProviderJdbcConnectionAccess@7bdf94f2] for (non-JTA) DDL execution was not in auto-commit mode; the Connection 'local transaction' will be committed and the Connection will be set into auto-commit mode. {}
[INFO ] 2019-02-22T18:52:24,704Z [main] persistence.HibernateConfiguration.makeSessionFactoryForSchemas - Created session factory for schemas: [CommonSchemaV1(name=net.corda.core.schemas.CommonSchema, version=1), VaultSchemaV1(name=net.corda.node.services.vault.VaultSchema, version=1), NodeInfoSchemaV1(name=net.corda.node.internal.schemas.NodeInfoSchema, version=1), NodeCoreV1(name=net.corda.node.services.schema.NodeSchemaService$NodeCore, version=1), NodeNotaryV1(name=net.corda.node.services.schema.NodeSchemaService$NodeNotary, version=1)] {}
[INFO ] 2019-02-22T18:52:24,857Z [main] internal.QueryTranslatorFactoryInitiator.initiateService - HHH000397: Using ASTQueryTranslatorFactory {}
[INFO ] 2019-02-22T18:52:25,387Z [main] persistence.NodeAttachmentService.invoke - Stored new attachment 0DC744F3E0A70E4E4C0F0C533F2041FF87F06268DF6B213A642382AC08826F97 {}
[WARN ] 2019-02-22T18:52:25,389Z [main] cordapp.CordappProviderImpl.verifyInstalledCordapps - The network parameters don't specify any whitelisted contract implementations. Please contact your zone operator. See https://docs.corda.net/network-map.html {}
[INFO ] 2019-02-22T18:52:25,486Z [main] security.RPCSecurityManagerImpl.buildImpl - Constructing realm from list of users in config [] {}
[INFO ] 2019-02-22T18:52:25,553Z [main] BasicInfo.printBasicNodeInfo - Advertised P2P messaging addresses      : localhost:10002 {}
[INFO ] 2019-02-22T18:52:25,636Z [main] internal.Node.makeNotaryService - Running core notary: net.corda.node.services.transactions.SimpleNotaryService {}
[INFO ] 2019-02-22T18:52:26,562Z [main] messaging.ArtemisMessagingServer.configureAndStartServer - P2P messaging server listening on port 10002 {}
[INFO ] 2019-02-22T18:52:26,566Z [main] internal.ArtemisMessagingClient.start - Connecting to message broker: localhost:10002 {}
[INFO ] 2019-02-22T18:52:26,909Z [main] internal.ArtemisMessagingClient.start - Connecting to message broker: localhost:10002 {}
[INFO ] 2019-02-22T18:52:27,037Z [main] messaging.P2PMessagingClient.start - Connecting to message broker: localhost:10002 {}
[INFO ] 2019-02-22T18:52:27,072Z [main] messaging.P2PMessagingClient.createQueueIfAbsent - Create fresh queue p2p.inbound.DLEpWNJFm38Emw4tV6uaLwzpFxbo5pWwWDkn6P6wDiQh8k bound on same address {}
[INFO ] 2019-02-22T18:52:27,143Z [Thread-0 (ActiveMQ-client-global-threads)] bridging.BridgeControlListener.processControlMessage - Received bridge control message NodeToBridgeSnapshot(nodeIdentity=DLEpWNJFm38Emw4tV6uaLwzpFxbo5pWwWDkn6P6wDiQh8k, inboxQueues=[p2p.inbound.DLEpWNJFm38Emw4tV6uaLwzpFxbo5pWwWDkn6P6wDiQh8k], sendQueues=[]) {}
[INFO ] 2019-02-22T18:52:27,160Z [main] internal.Node.registerInitiatedFlowInternal - Registered java_bootcamp.TwoPartyFlow to initiate java_bootcamp.TwoPartyFlowResponder (version 1) {}
[INFO ] 2019-02-22T18:52:27,165Z [main] internal.Node.registerInitiatedFlowInternal - Registered java_examples.ArtTransferFlowInitiator to initiate java_examples.ArtTransferFlowResponder (version 1) {}
[INFO ] 2019-02-22T18:52:27,545Z [main] plugin.PluginManager.getPlugins - Loaded plugin Plugin[type=SSHPlugin,interface=SSHPlugin] {}
[INFO ] 2019-02-22T18:52:27,546Z [main] plugin.PluginManager.getPlugins - Loaded plugin Plugin[type=SSHInlinePlugin,interface=CommandPlugin] {}
[INFO ] 2019-02-22T18:52:27,547Z [main] plugin.PluginManager.getPlugins - Loaded plugin Plugin[type=KeyAuthenticationPlugin,interface=KeyAuthenticationPlugin] {}
[INFO ] 2019-02-22T18:52:27,548Z [main] plugin.PluginManager.getPlugins - Loaded plugin Plugin[type=CRaSHShellFactory,interface=ShellFactory] {}
[INFO ] 2019-02-22T18:52:27,550Z [main] plugin.PluginManager.getPlugins - Loaded plugin Plugin[type=GroovyLanguageProxy,interface=Language] {}
[INFO ] 2019-02-22T18:52:27,551Z [main] plugin.PluginManager.getPlugins - Loaded plugin Plugin[type=JavaLanguage,interface=Language] {}
[INFO ] 2019-02-22T18:52:27,551Z [main] plugin.PluginManager.getPlugins - Loaded plugin Plugin[type=ScriptLanguage,interface=Language] {}
[INFO ] 2019-02-22T18:52:27,552Z [main] plugin.PluginManager.getPlugins - Loaded plugin Plugin[type=JaasAuthenticationPlugin,interface=AuthenticationPlugin] {}
[INFO ] 2019-02-22T18:52:27,553Z [main] plugin.PluginManager.getPlugins - Loaded plugin Plugin[type=SimpleAuthenticationPlugin,interface=AuthenticationPlugin] {}
[INFO ] 2019-02-22T18:52:27,556Z [main] ssh.SSHPlugin.init - Could not boot SSHD due to missing due to missing port configuration {}
[INFO ] 2019-02-22T18:52:27,557Z [main] plugin.PluginManager.getPlugins - Initialized plugin Plugin[type=SSHPlugin,interface=SSHPlugin] {}
[INFO ] 2019-02-22T18:52:27,557Z [main] plugin.PluginManager.getPlugins - Initialized plugin Plugin[type=SSHInlinePlugin,interface=CommandPlugin] {}
[INFO ] 2019-02-22T18:52:27,557Z [main] plugin.PluginManager.getPlugins - Initialized plugin Plugin[type=KeyAuthenticationPlugin,interface=KeyAuthenticationPlugin] {}
[INFO ] 2019-02-22T18:52:27,567Z [main] plugin.PluginManager.getPlugins - Initialized plugin Plugin[type=GroovyLanguageProxy,interface=Language] {}
[INFO ] 2019-02-22T18:52:27,568Z [main] plugin.PluginManager.getPlugins - Initialized plugin Plugin[type=ScriptLanguage,interface=Language] {}
[INFO ] 2019-02-22T18:52:27,572Z [main] plugin.PluginManager.getPlugins - Initialized plugin Plugin[type=CRaSHShellFactory,interface=ShellFactory] {}
[INFO ] 2019-02-22T18:52:27,572Z [main] plugin.PluginManager.getPlugins - Initialized plugin Plugin[type=JaasAuthenticationPlugin,interface=AuthenticationPlugin] {}
[INFO ] 2019-02-22T18:52:27,572Z [main] plugin.PluginManager.getPlugins - Initialized plugin Plugin[type=SimpleAuthenticationPlugin,interface=AuthenticationPlugin] {}
[INFO ] 2019-02-22T18:52:27,573Z [main] plugin.PluginManager.getPlugins - Initialized plugin Plugin[type=CordaAuthenticationPlugin,interface=AuthenticationPlugin] {}
[INFO ] 2019-02-22T18:52:28,170Z [main] internal.Node.start - Node-info for this node: NodeInfo(addresses=[localhost:10002], legalIdentitiesAndCerts=[O=Notary, L=London, C=GB], platformVersion=3, serial=1550861545052) {}
[INFO ] 2019-02-22T18:52:28,193Z [main] network.NetworkMapUpdater.updateNodeInfo - Node-info has changed so submitting update. Old node-info was null {}
[INFO ] 2019-02-22T18:52:28,193Z [main] network.PersistentNetworkMapCache.addNode - Adding node with info: NodeInfo(addresses=[localhost:10002], legalIdentitiesAndCerts=[O=Notary, L=London, C=GB], platformVersion=3, serial=1550861545052) {}
[INFO ] 2019-02-22T18:52:28,193Z [main] network.PersistentNetworkMapCache.addNode - No previous node found {}
[WARN ] 2019-02-22T18:52:28,250Z [main] utilities.AppendOnlyPersistentMapBase.set - Double insert in net.corda.node.utilities.AppendOnlyPersistentMap for entity class class net.corda.node.services.identity.PersistentIdentityService$PersistentIdentity key CD536F04BA29A6A6A77147FF3CCED4811D722E6D15DD6116979859FA1FECCE09, not inserting the second time {}
[INFO ] 2019-02-22T18:52:28,251Z [main] messaging.P2PMessagingClient.updateBridgesOnNetworkChange - Updating bridges on network map change: NodeInfo(addresses=[localhost:10002], legalIdentitiesAndCerts=[O=Notary, L=London, C=GB], platformVersion=3, serial=1550861545052) {}
[INFO ] 2019-02-22T18:52:28,258Z [main] network.PersistentNetworkMapCache.addNode - Done adding node with info: NodeInfo(addresses=[localhost:10002], legalIdentitiesAndCerts=[O=Notary, L=London, C=GB], platformVersion=3, serial=1550861545052) {}
[INFO ] 2019-02-22T18:52:28,318Z [main] BasicInfo.printBasicNodeInfo - Loaded CorDapps                         : bootcamp-cordapp, corda-core-corda-3.0 {}
[INFO ] 2019-02-22T18:52:28,339Z [main] BasicInfo.printBasicNodeInfo - Node for "Notary" started up and registered in 9.31 sec {}
[INFO ] 2019-02-22T18:52:33,355Z [RxIoScheduler-2] network.PersistentNetworkMapCache.addNode - Adding node with info: NodeInfo(addresses=[localhost:10002], legalIdentitiesAndCerts=[O=Notary, L=London, C=GB], platformVersion=3, serial=1550861464488) {}
[INFO ] 2019-02-22T18:52:33,372Z [RxIoScheduler-2] network.PersistentNetworkMapCache.addNode - Discarding older nodeInfo for O=Notary, L=London, C=GB {}
[INFO ] 2019-02-22T18:52:33,372Z [RxIoScheduler-2] network.PersistentNetworkMapCache.addNode - Adding node with info: NodeInfo(addresses=[localhost:10009], legalIdentitiesAndCerts=[O=PartyC, L=Lagos, C=NG], platformVersion=3, serial=1550861462488) {}
[INFO ] 2019-02-22T18:52:33,374Z [RxIoScheduler-2] network.PersistentNetworkMapCache.addNode - No previous node found {}
[INFO ] 2019-02-22T18:52:33,393Z [RxIoScheduler-2] messaging.P2PMessagingClient.updateBridgesOnNetworkChange - Updating bridges on network map change: NodeInfo(addresses=[localhost:10009], legalIdentitiesAndCerts=[O=PartyC, L=Lagos, C=NG], platformVersion=3, serial=1550861462488) {}
[INFO ] 2019-02-22T18:52:33,399Z [RxIoScheduler-2] network.PersistentNetworkMapCache.addNode - Done adding node with info: NodeInfo(addresses=[localhost:10009], legalIdentitiesAndCerts=[O=PartyC, L=Lagos, C=NG], platformVersion=3, serial=1550861462488) {}
[INFO ] 2019-02-22T18:52:33,399Z [RxIoScheduler-2] network.PersistentNetworkMapCache.addNode - Adding node with info: NodeInfo(addresses=[localhost:10003], legalIdentitiesAndCerts=[O=PartyA, L=London, C=GB], platformVersion=3, serial=1550861465186) {}
[INFO ] 2019-02-22T18:52:33,400Z [RxIoScheduler-2] network.PersistentNetworkMapCache.addNode - No previous node found {}
[INFO ] 2019-02-22T18:52:33,413Z [RxIoScheduler-2] messaging.P2PMessagingClient.updateBridgesOnNetworkChange - Updating bridges on network map change: NodeInfo(addresses=[localhost:10003], legalIdentitiesAndCerts=[O=PartyA, L=London, C=GB], platformVersion=3, serial=1550861465186) {}
[INFO ] 2019-02-22T18:52:33,416Z [RxIoScheduler-2] network.PersistentNetworkMapCache.addNode - Done adding node with info: NodeInfo(addresses=[localhost:10003], legalIdentitiesAndCerts=[O=PartyA, L=London, C=GB], platformVersion=3, serial=1550861465186) {}
[INFO ] 2019-02-22T18:52:33,416Z [RxIoScheduler-2] network.PersistentNetworkMapCache.addNode - Adding node with info: NodeInfo(addresses=[localhost:10006], legalIdentitiesAndCerts=[O=PartyB, L=New York, C=US], platformVersion=3, serial=1550861464388) {}
[INFO ] 2019-02-22T18:52:33,418Z [RxIoScheduler-2] network.PersistentNetworkMapCache.addNode - No previous node found {}
[INFO ] 2019-02-22T18:52:33,430Z [RxIoScheduler-2] messaging.P2PMessagingClient.updateBridgesOnNetworkChange - Updating bridges on network map change: NodeInfo(addresses=[localhost:10006], legalIdentitiesAndCerts=[O=PartyB, L=New York, C=US], platformVersion=3, serial=1550861464388) {}
[INFO ] 2019-02-22T18:52:33,433Z [RxIoScheduler-2] network.PersistentNetworkMapCache.addNode - Done adding node with info: NodeInfo(addresses=[localhost:10006], legalIdentitiesAndCerts=[O=PartyB, L=New York, C=US], platformVersion=3, serial=1550861464388) {}
[WARN ] 2019-02-22T20:45:42,586Z [HikariPool-1 housekeeper] pool.HikariPool.run - HikariPool-1 - Thread starvation or clock leap detected (housekeeper delta=33m48s727ms). {}
[WARN ] 2019-02-22T21:00:53,074Z [HikariPool-1 housekeeper] pool.HikariPool.run - HikariPool-1 - Thread starvation or clock leap detected (housekeeper delta=14m39s602ms). {}
[INFO ] 2019-02-22T21:02:19,266Z [Thread-9] BasicInfo.printBasicNodeInfo - Shutting down ... {}
[INFO ] 2019-02-22T21:02:19,372Z [main] internal.Node.run - Node exiting successfully {}
[INFO ] 2019-02-22T21:02:21,644Z [Thread-9] pool.HikariPool.shutdown - HikariPool-1 - Close initiated... {}
[INFO ] 2019-02-22T21:02:21,651Z [Thread-9] pool.HikariPool.shutdown - HikariPool-1 - Closed. {}
[INFO ] 2019-02-22T21:02:21,652Z [Thread-9] internal.Node.stop - Shutdown complete {}
